2016-12-14 11:28:20,515{GMT}	INFO	[jepsen node w3] jepsen.os.debian: w3 setting up debian
2016-12-14 11:28:20,515{GMT}	INFO	[jepsen node w4] jepsen.os.debian: w4 setting up debian
2016-12-14 11:28:20,515{GMT}	INFO	[jepsen node w1] jepsen.os.debian: w1 setting up debian
2016-12-14 11:28:20,515{GMT}	INFO	[jepsen node w2] jepsen.os.debian: w2 setting up debian
2016-12-14 11:28:20,515{GMT}	INFO	[jepsen node w5] jepsen.os.debian: w5 setting up debian
2016-12-14 11:28:21,224{GMT}	INFO	[jepsen node w3] jepsen.zookeeper: Tearing down ZK on w3
2016-12-14 11:28:21,224{GMT}	INFO	[jepsen node w1] jepsen.zookeeper: Tearing down ZK on w1
2016-12-14 11:28:21,224{GMT}	INFO	[jepsen node w2] jepsen.zookeeper: Tearing down ZK on w2
2016-12-14 11:28:21,224{GMT}	INFO	[jepsen node w4] jepsen.zookeeper: Tearing down ZK on w4
2016-12-14 11:28:21,224{GMT}	INFO	[jepsen node w5] jepsen.zookeeper: Tearing down ZK on w5
2016-12-14 11:28:21,427{GMT}	INFO	[jepsen node w4] jepsen.zookeeper: Setting up ZK on w4
2016-12-14 11:28:21,427{GMT}	INFO	[jepsen node w1] jepsen.zookeeper: Setting up ZK on w1
2016-12-14 11:28:21,427{GMT}	INFO	[jepsen node w3] jepsen.zookeeper: Setting up ZK on w3
2016-12-14 11:28:21,427{GMT}	INFO	[jepsen node w2] jepsen.zookeeper: Setting up ZK on w2
2016-12-14 11:28:21,427{GMT}	INFO	[jepsen node w5] jepsen.zookeeper: Setting up ZK on w5
2016-12-14 11:28:21,933{GMT}	INFO	[jepsen node w2] jepsen.zookeeper: w2 ZK restarting
2016-12-14 11:28:21,933{GMT}	INFO	[jepsen node w4] jepsen.zookeeper: w4 ZK restarting
2016-12-14 11:28:21,934{GMT}	INFO	[jepsen node w5] jepsen.zookeeper: w5 ZK restarting
2016-12-14 11:28:21,934{GMT}	INFO	[jepsen node w3] jepsen.zookeeper: w3 ZK restarting
2016-12-14 11:28:21,934{GMT}	INFO	[jepsen node w1] jepsen.zookeeper: w1 ZK restarting
2016-12-14 11:28:27,035{GMT}	INFO	[jepsen node w4] jepsen.zookeeper: w4 ZK ready
2016-12-14 11:28:27,035{GMT}	INFO	[jepsen node w2] jepsen.zookeeper: w2 ZK ready
2016-12-14 11:28:27,035{GMT}	INFO	[jepsen node w5] jepsen.zookeeper: w5 ZK ready
2016-12-14 11:28:27,035{GMT}	INFO	[jepsen node w3] jepsen.zookeeper: w3 ZK ready
2016-12-14 11:28:27,035{GMT}	INFO	[jepsen node w1] jepsen.zookeeper: w1 ZK ready
2016-12-14 11:28:27,036{GMT}	INFO	[clojure-agent-send-off-pool-43] org.apache.zookeeper.ZooKeeper: Initiating client connection, connectString=w1 sessionTimeout=5000 watcher=zookeeper.internal$make_watcher$reify__378@68ac1f0f
2016-12-14 11:28:27,036{GMT}	INFO	[clojure-agent-send-off-pool-27] org.apache.zookeeper.ZooKeeper: Initiating client connection, connectString=w3 sessionTimeout=5000 watcher=zookeeper.internal$make_watcher$reify__378@6ca71cba
2016-12-14 11:28:27,036{GMT}	INFO	[clojure-agent-send-off-pool-51] org.apache.zookeeper.ZooKeeper: Initiating client connection, connectString=w2 sessionTimeout=5000 watcher=zookeeper.internal$make_watcher$reify__378@2799444a
2016-12-14 11:28:27,036{GMT}	INFO	[clojure-agent-send-off-pool-37] org.apache.zookeeper.ZooKeeper: Initiating client connection, connectString=w5 sessionTimeout=5000 watcher=zookeeper.internal$make_watcher$reify__378@1a996f1
2016-12-14 11:28:27,036{GMT}	INFO	[clojure-agent-send-off-pool-33] org.apache.zookeeper.ZooKeeper: Initiating client connection, connectString=w4 sessionTimeout=5000 watcher=zookeeper.internal$make_watcher$reify__378@676687fa
2016-12-14 11:28:27,036{GMT}	INFO	[clojure-agent-send-off-pool-43-SendThread()] org.apache.zookeeper.ClientCnxn: Opening socket connection to server /192.168.4.101:2181
2016-12-14 11:28:27,037{GMT}	INFO	[clojure-agent-send-off-pool-27-SendThread()] org.apache.zookeeper.ClientCnxn: Opening socket connection to server /192.168.4.103:2181
2016-12-14 11:28:27,037{GMT}	INFO	[clojure-agent-send-off-pool-43-SendThread(w1:2181)] org.apache.zookeeper.ClientCnxn: Socket connection established to w1/192.168.4.101:2181, initiating session
2016-12-14 11:28:27,037{GMT}	INFO	[clojure-agent-send-off-pool-33-SendThread()] org.apache.zookeeper.ClientCnxn: Opening socket connection to server /192.168.4.104:2181
2016-12-14 11:28:27,038{GMT}	INFO	[clojure-agent-send-off-pool-51-SendThread()] org.apache.zookeeper.ClientCnxn: Opening socket connection to server /192.168.4.102:2181
2016-12-14 11:28:27,038{GMT}	INFO	[clojure-agent-send-off-pool-37-SendThread()] org.apache.zookeeper.ClientCnxn: Opening socket connection to server /192.168.4.105:2181
2016-12-14 11:28:27,039{GMT}	INFO	[clojure-agent-send-off-pool-33-SendThread(w4:2181)] org.apache.zookeeper.ClientCnxn: Socket connection established to w4/192.168.4.104:2181, initiating session
2016-12-14 11:28:27,039{GMT}	INFO	[clojure-agent-send-off-pool-27-SendThread(w3:2181)] org.apache.zookeeper.ClientCnxn: Socket connection established to w3/192.168.4.103:2181, initiating session
2016-12-14 11:28:27,040{GMT}	INFO	[clojure-agent-send-off-pool-51-SendThread(w2:2181)] org.apache.zookeeper.ClientCnxn: Socket connection established to w2/192.168.4.102:2181, initiating session
2016-12-14 11:28:27,041{GMT}	INFO	[clojure-agent-send-off-pool-37-SendThread(w5:2181)] org.apache.zookeeper.ClientCnxn: Socket connection established to w5/192.168.4.105:2181, initiating session
2016-12-14 11:28:27,140{GMT}	INFO	[clojure-agent-send-off-pool-37-SendThread(w5:2181)] org.apache.zookeeper.ClientCnxn: Session establishment complete on server w5/192.168.4.105:2181, sessionid = 0x458fd171bfb0000, negotiated timeout = 5000
2016-12-14 11:28:27,141{GMT}	INFO	[clojure-agent-send-off-pool-43-SendThread(w1:2181)] org.apache.zookeeper.ClientCnxn: Session establishment complete on server w1/192.168.4.101:2181, sessionid = 0x58fd1727fa0000, negotiated timeout = 5000
2016-12-14 11:28:27,141{GMT}	INFO	[clojure-agent-send-off-pool-33-SendThread(w4:2181)] org.apache.zookeeper.ClientCnxn: Session establishment complete on server w4/192.168.4.104:2181, sessionid = 0x358fd1720820000, negotiated timeout = 5000
2016-12-14 11:28:27,142{GMT}	INFO	[clojure-agent-send-off-pool-27-SendThread(w3:2181)] org.apache.zookeeper.ClientCnxn: Session establishment complete on server w3/192.168.4.103:2181, sessionid = 0x258fd172e5f0000, negotiated timeout = 5000
2016-12-14 11:28:27,142{GMT}	INFO	[clojure-agent-send-off-pool-51-SendThread(w2:2181)] org.apache.zookeeper.ClientCnxn: Session establishment complete on server w2/192.168.4.102:2181, sessionid = 0x158fd1728ab0000, negotiated timeout = 5000
2016-12-14 11:28:27,504{GMT}	INFO	[jepsen nemesis] jepsen.core: Nemesis starting
2016-12-14 11:28:27,504{GMT}	INFO	[jepsen worker 1] jepsen.core: Worker 1 starting
2016-12-14 11:28:27,504{GMT}	INFO	[jepsen worker 0] jepsen.core: Worker 0 starting
2016-12-14 11:28:27,504{GMT}	INFO	[jepsen worker 2] jepsen.core: Worker 2 starting
2016-12-14 11:28:27,504{GMT}	INFO	[jepsen worker 3] jepsen.core: Worker 3 starting
2016-12-14 11:28:27,504{GMT}	INFO	[jepsen worker 4] jepsen.core: Worker 4 starting
2016-12-14 11:28:27,880{GMT}	INFO	[jepsen worker 1] jepsen.util: 1	:invoke	:cas	[0 3]
2016-12-14 11:28:27,900{GMT}	INFO	[jepsen worker 1] jepsen.util: 1	:ok	:cas	[0 3]
2016-12-14 11:28:28,105{GMT}	INFO	[jepsen worker 3] jepsen.util: 3	:invoke	:cas	[3 3]
2016-12-14 11:28:28,119{GMT}	INFO	[jepsen worker 0] jepsen.util: 0	:invoke	:write	3
2016-12-14 11:28:28,131{GMT}	INFO	[jepsen worker 3] jepsen.util: 3	:ok	:cas	[3 3]
2016-12-14 11:28:28,140{GMT}	INFO	[jepsen worker 0] jepsen.util: 0	:ok	:write	3
2016-12-14 11:28:28,240{GMT}	INFO	[jepsen worker 2] jepsen.util: 2	:invoke	:cas	[4 2]
2016-12-14 11:28:28,259{GMT}	INFO	[jepsen worker 2] jepsen.util: 2	:fail	:cas	[4 2]
2016-12-14 11:28:28,300{GMT}	INFO	[jepsen worker 3] jepsen.util: 3	:invoke	:write	4
2016-12-14 11:28:28,316{GMT}	INFO	[jepsen worker 3] jepsen.util: 3	:ok	:write	4
2016-12-14 11:28:28,963{GMT}	INFO	[jepsen worker 4] jepsen.util: 4	:invoke	:write	2
2016-12-14 11:28:28,979{GMT}	INFO	[jepsen worker 4] jepsen.util: 4	:ok	:write	2
2016-12-14 11:28:29,047{GMT}	INFO	[jepsen worker 2] jepsen.util: 2	:invoke	:write	3
2016-12-14 11:28:29,064{GMT}	INFO	[jepsen worker 2] jepsen.util: 2	:ok	:write	3
2016-12-14 11:28:29,258{GMT}	INFO	[jepsen worker 2] jepsen.util: 2	:invoke	:read	nil
2016-12-14 11:28:29,259{GMT}	INFO	[jepsen worker 2] jepsen.util: 2	:ok	:read	3
2016-12-14 11:28:29,445{GMT}	INFO	[jepsen worker 0] jepsen.util: 0	:invoke	:write	1
2016-12-14 11:28:29,463{GMT}	INFO	[jepsen worker 0] jepsen.util: 0	:ok	:write	1
2016-12-14 11:28:29,654{GMT}	INFO	[jepsen worker 1] jepsen.util: 1	:invoke	:write	4
2016-12-14 11:28:29,675{GMT}	INFO	[jepsen worker 1] jepsen.util: 1	:ok	:write	4
2016-12-14 11:28:30,267{GMT}	INFO	[jepsen worker 3] jepsen.util: 3	:invoke	:read	nil
2016-12-14 11:28:30,268{GMT}	INFO	[jepsen worker 3] jepsen.util: 3	:ok	:read	4
2016-12-14 11:28:30,363{GMT}	INFO	[jepsen worker 0] jepsen.util: 0	:invoke	:cas	[3 1]
2016-12-14 11:28:30,382{GMT}	INFO	[jepsen worker 0] jepsen.util: 0	:fail	:cas	[3 1]
2016-12-14 11:28:30,842{GMT}	INFO	[jepsen worker 0] jepsen.util: 0	:invoke	:write	4
2016-12-14 11:28:30,866{GMT}	INFO	[jepsen worker 0] jepsen.util: 0	:ok	:write	4
2016-12-14 11:28:30,904{GMT}	INFO	[jepsen worker 4] jepsen.util: 4	:invoke	:cas	[1 4]
2016-12-14 11:28:30,923{GMT}	INFO	[jepsen worker 4] jepsen.util: 4	:fail	:cas	[1 4]
2016-12-14 11:28:30,996{GMT}	INFO	[jepsen worker 0] jepsen.util: 0	:invoke	:cas	[2 3]
2016-12-14 11:28:31,014{GMT}	INFO	[jepsen worker 0] jepsen.util: 0	:fail	:cas	[2 3]
2016-12-14 11:28:31,025{GMT}	INFO	[jepsen worker 0] jepsen.util: 0	:invoke	:read	nil
2016-12-14 11:28:31,026{GMT}	INFO	[jepsen worker 0] jepsen.util: 0	:ok	:read	4
2016-12-14 11:28:31,197{GMT}	INFO	[jepsen worker 2] jepsen.util: 2	:invoke	:write	2
2016-12-14 11:28:31,213{GMT}	INFO	[jepsen worker 2] jepsen.util: 2	:ok	:write	2
2016-12-14 11:28:31,569{GMT}	INFO	[jepsen worker 3] jepsen.util: 3	:invoke	:write	0
2016-12-14 11:28:31,587{GMT}	INFO	[jepsen worker 3] jepsen.util: 3	:ok	:write	0
2016-12-14 11:28:31,603{GMT}	INFO	[jepsen worker 1] jepsen.util: 1	:invoke	:read	nil
2016-12-14 11:28:31,604{GMT}	INFO	[jepsen worker 1] jepsen.util: 1	:ok	:read	0
2016-12-14 11:28:31,659{GMT}	INFO	[jepsen worker 4] jepsen.util: 4	:invoke	:write	3
2016-12-14 11:28:31,675{GMT}	INFO	[jepsen worker 4] jepsen.util: 4	:ok	:write	3
2016-12-14 11:28:32,166{GMT}	INFO	[jepsen worker 2] jepsen.util: 2	:invoke	:read	nil
2016-12-14 11:28:32,167{GMT}	INFO	[jepsen worker 2] jepsen.util: 2	:ok	:read	3
2016-12-14 11:28:32,340{GMT}	INFO	[jepsen worker 4] jepsen.util: 4	:invoke	:read	nil
2016-12-14 11:28:32,341{GMT}	INFO	[jepsen worker 4] jepsen.util: 4	:ok	:read	3
2016-12-14 11:28:32,504{GMT}	INFO	[jepsen nemesis] jepsen.util: :nemesis	:info	:start	nil
2016-12-14 11:28:32,646{GMT}	INFO	[jepsen worker 2] jepsen.util: 2	:invoke	:cas	[0 4]
2016-12-14 11:28:32,663{GMT}	INFO	[jepsen worker 2] jepsen.util: 2	:fail	:cas	[0 4]
2016-12-14 11:28:32,800{GMT}	INFO	[jepsen worker 0] jepsen.util: 0	:invoke	:write	3
2016-12-14 11:28:32,807{GMT}	INFO	[jepsen worker 3] jepsen.util: 3	:invoke	:cas	[3 4]
2016-12-14 11:28:32,817{GMT}	INFO	[jepsen worker 0] jepsen.util: 0	:ok	:write	3
2016-12-14 11:28:32,841{GMT}	INFO	[jepsen worker 3] jepsen.util: 3	:ok	:cas	[3 4]
2016-12-14 11:28:33,131{GMT}	INFO	[jepsen worker 1] jepsen.util: 1	:invoke	:write	0
2016-12-14 11:28:33,155{GMT}	INFO	[jepsen worker 1] jepsen.util: 1	:ok	:write	0
2016-12-14 11:28:33,524{GMT}	INFO	[jepsen worker 2] jepsen.util: 2	:invoke	:read	nil
2016-12-14 11:28:33,525{GMT}	INFO	[jepsen worker 2] jepsen.util: 2	:ok	:read	4
2016-12-14 11:28:33,542{GMT}	INFO	[jepsen nemesis] jepsen.util: :nemesis	:info	:start	"Cut off {\"w5\" #{\"w4\" \"w2\" \"w3\"}, \"w1\" #{\"w4\" \"w2\" \"w3\"}, \"w4\" #{\"w5\" \"w1\"}, \"w2\" #{\"w5\" \"w1\"}, \"w3\" #{\"w5\" \"w1\"}}"
2016-12-14 11:28:33,880{GMT}	INFO	[jepsen worker 4] jepsen.util: 4	:invoke	:cas	[1 1]
2016-12-14 11:28:34,077{GMT}	INFO	[jepsen worker 1] jepsen.util: 1	:invoke	:read	nil
2016-12-14 11:28:34,079{GMT}	INFO	[jepsen worker 1] jepsen.util: 1	:ok	:read	0
2016-12-14 11:28:34,169{GMT}	INFO	[jepsen worker 2] jepsen.util: 2	:invoke	:read	nil
2016-12-14 11:28:34,169{GMT}	INFO	[jepsen worker 2] jepsen.util: 2	:ok	:read	4
2016-12-14 11:28:34,187{GMT}	INFO	[jepsen worker 1] jepsen.util: 1	:invoke	:cas	[3 3]
2016-12-14 11:28:34,338{GMT}	INFO	[jepsen worker 0] jepsen.util: 0	:invoke	:cas	[4 1]
2016-12-14 11:28:34,357{GMT}	INFO	[jepsen worker 3] jepsen.util: 3	:invoke	:cas	[3 2]
2016-12-14 11:28:35,220{GMT}	INFO	[jepsen worker 2] jepsen.util: 2	:invoke	:write	2
2016-12-14 11:28:37,218{GMT}	INFO	[clojure-agent-send-off-pool-37-SendThread(w5:2181)] org.apache.zookeeper.ClientCnxn: Client session timed out, have not heard from server in 3334ms for sessionid 0x458fd171bfb0000, closing socket connection and attempting reconnect
2016-12-14 11:28:37,321{GMT}	WARN	[jepsen worker 4] jepsen.core: Process 4 indeterminate
java.lang.IllegalMonitorStateException: null
	at java.util.concurrent.locks.ReentrantReadWriteLock$Sync.tryRelease(ReentrantReadWriteLock.java:371) ~[na:1.8.0_111]
	at java.util.concurrent.locks.AbstractQueuedSynchronizer.release(AbstractQueuedSynchronizer.java:1261) ~[na:1.8.0_111]
	at java.util.concurrent.locks.ReentrantReadWriteLock$WriteLock.unlock(ReentrantReadWriteLock.java:1131) ~[na:1.8.0_111]
	at sun.reflect.GeneratedMethodAccessor12.invoke(Unknown Source) ~[na:na]
	at sun.reflect.DelegatingMethodAccessorImpl.invoke(DelegatingMethodAccessorImpl.java:43) ~[na:1.8.0_111]
	at java.lang.reflect.Method.invoke(Method.java:498) ~[na:1.8.0_111]
	at clojure.lang.Reflector.invokeMatchingMethod(Reflector.java:93) ~[clojure-1.8.0.jar:na]
	at clojure.lang.Reflector.invokeNoArgInstanceMember(Reflector.java:313) ~[clojure-1.8.0.jar:na]
	at avout.locks.ZKDistributedReentrantLock.unlock(locks.clj:130) ~[na:na]
	at sun.reflect.GeneratedMethodAccessor23.invoke(Unknown Source) ~[na:na]
	at sun.reflect.DelegatingMethodAccessorImpl.invoke(DelegatingMethodAccessorImpl.java:43) ~[na:1.8.0_111]
	at java.lang.reflect.Method.invoke(Method.java:498) ~[na:1.8.0_111]
	at clojure.lang.Reflector.invokeMatchingMethod(Reflector.java:93) ~[clojure-1.8.0.jar:na]
	at clojure.lang.Reflector.invokeNoArgInstanceMember(Reflector.java:313) ~[clojure-1.8.0.jar:na]
	at avout.atoms.DistributedAtom.swap(atoms.clj:58) ~[na:na]
	at sun.reflect.GeneratedMethodAccessor25.invoke(Unknown Source) ~[na:na]
	at sun.reflect.DelegatingMethodAccessorImpl.invoke(DelegatingMethodAccessorImpl.java:43) ~[na:1.8.0_111]
	at java.lang.reflect.Method.invoke(Method.java:498) ~[na:1.8.0_111]
	at clojure.lang.Reflector.invokeMatchingMethod(Reflector.java:93) ~[clojure-1.8.0.jar:na]
	at clojure.lang.Reflector.invokeInstanceMethod(Reflector.java:28) ~[clojure-1.8.0.jar:na]
	at avout.core$swap_BANG__BANG_.invokeStatic(core.clj:107) ~[na:na]
	at avout.core$swap_BANG__BANG_.doInvoke(core.clj:105) ~[na:na]
	at clojure.lang.RestFn.invoke(RestFn.java:425) ~[clojure-1.8.0.jar:na]
	at jepsen.zookeeper$client$reify__1902$fn__1903.invoke(zookeeper.clj:99) ~[na:na]
	at clojure.core$binding_conveyor_fn$fn__4676.invoke(core.clj:1938) [clojure-1.8.0.jar:na]
	at clojure.lang.AFn.call(AFn.java:18) [clojure-1.8.0.jar:na]
	at java.util.concurrent.FutureTask.run(FutureTask.java:266) [na:1.8.0_111]
	at java.util.concurrent.ThreadPoolExecutor.runWorker(ThreadPoolExecutor.java:1142) [na:1.8.0_111]
	at java.util.concurrent.ThreadPoolExecutor$Worker.run(ThreadPoolExecutor.java:617) [na:1.8.0_111]
	at java.lang.Thread.run(Thread.java:745) [na:1.8.0_111]
2016-12-14 11:28:37,525{GMT}	INFO	[clojure-agent-send-off-pool-51-SendThread(w2:2181)] org.apache.zookeeper.ClientCnxn: Client session timed out, have not heard from server in 3335ms for sessionid 0x158fd1728ab0000, closing socket connection and attempting reconnect
2016-12-14 11:28:37,628{GMT}	WARN	[jepsen worker 1] jepsen.core: Process 1 indeterminate
java.lang.IllegalMonitorStateException: null
	at java.util.concurrent.locks.ReentrantReadWriteLock$Sync.tryRelease(ReentrantReadWriteLock.java:371) ~[na:1.8.0_111]
	at java.util.concurrent.locks.AbstractQueuedSynchronizer.release(AbstractQueuedSynchronizer.java:1261) ~[na:1.8.0_111]
	at java.util.concurrent.locks.ReentrantReadWriteLock$WriteLock.unlock(ReentrantReadWriteLock.java:1131) ~[na:1.8.0_111]
	at sun.reflect.GeneratedMethodAccessor12.invoke(Unknown Source) ~[na:na]
	at sun.reflect.DelegatingMethodAccessorImpl.invoke(DelegatingMethodAccessorImpl.java:43) ~[na:1.8.0_111]
	at java.lang.reflect.Method.invoke(Method.java:498) ~[na:1.8.0_111]
	at clojure.lang.Reflector.invokeMatchingMethod(Reflector.java:93) ~[clojure-1.8.0.jar:na]
	at clojure.lang.Reflector.invokeNoArgInstanceMember(Reflector.java:313) ~[clojure-1.8.0.jar:na]
	at avout.locks.ZKDistributedReentrantLock.unlock(locks.clj:130) ~[na:na]
	at sun.reflect.GeneratedMethodAccessor23.invoke(Unknown Source) ~[na:na]
	at sun.reflect.DelegatingMethodAccessorImpl.invoke(DelegatingMethodAccessorImpl.java:43) ~[na:1.8.0_111]
	at java.lang.reflect.Method.invoke(Method.java:498) ~[na:1.8.0_111]
	at clojure.lang.Reflector.invokeMatchingMethod(Reflector.java:93) ~[clojure-1.8.0.jar:na]
	at clojure.lang.Reflector.invokeNoArgInstanceMember(Reflector.java:313) ~[clojure-1.8.0.jar:na]
	at avout.atoms.DistributedAtom.swap(atoms.clj:58) ~[na:na]
	at sun.reflect.GeneratedMethodAccessor25.invoke(Unknown Source) ~[na:na]
	at sun.reflect.DelegatingMethodAccessorImpl.invoke(DelegatingMethodAccessorImpl.java:43) ~[na:1.8.0_111]
	at java.lang.reflect.Method.invoke(Method.java:498) ~[na:1.8.0_111]
	at clojure.lang.Reflector.invokeMatchingMethod(Reflector.java:93) ~[clojure-1.8.0.jar:na]
	at clojure.lang.Reflector.invokeInstanceMethod(Reflector.java:28) ~[clojure-1.8.0.jar:na]
	at avout.core$swap_BANG__BANG_.invokeStatic(core.clj:107) ~[na:na]
	at avout.core$swap_BANG__BANG_.doInvoke(core.clj:105) ~[na:na]
	at clojure.lang.RestFn.invoke(RestFn.java:425) ~[clojure-1.8.0.jar:na]
	at jepsen.zookeeper$client$reify__1902$fn__1903.invoke(zookeeper.clj:99) ~[na:na]
	at clojure.core$binding_conveyor_fn$fn__4676.invoke(core.clj:1938) [clojure-1.8.0.jar:na]
	at clojure.lang.AFn.call(AFn.java:18) [clojure-1.8.0.jar:na]
	at java.util.concurrent.FutureTask.run(FutureTask.java:266) [na:1.8.0_111]
	at java.util.concurrent.ThreadPoolExecutor.runWorker(ThreadPoolExecutor.java:1142) [na:1.8.0_111]
	at java.util.concurrent.ThreadPoolExecutor$Worker.run(ThreadPoolExecutor.java:617) [na:1.8.0_111]
	at java.lang.Thread.run(Thread.java:745) [na:1.8.0_111]
2016-12-14 11:28:37,677{GMT}	INFO	[clojure-agent-send-off-pool-43-SendThread(w1:2181)] org.apache.zookeeper.ClientCnxn: Client session timed out, have not heard from server in 3335ms for sessionid 0x58fd1727fa0000, closing socket connection and attempting reconnect
2016-12-14 11:28:37,696{GMT}	INFO	[clojure-agent-send-off-pool-33-SendThread(w4:2181)] org.apache.zookeeper.ClientCnxn: Client session timed out, have not heard from server in 3335ms for sessionid 0x358fd1720820000, closing socket connection and attempting reconnect
2016-12-14 11:28:37,780{GMT}	WARN	[jepsen worker 0] jepsen.core: Process 0 indeterminate
java.lang.IllegalMonitorStateException: null
	at java.util.concurrent.locks.ReentrantReadWriteLock$Sync.tryRelease(ReentrantReadWriteLock.java:371) ~[na:1.8.0_111]
	at java.util.concurrent.locks.AbstractQueuedSynchronizer.release(AbstractQueuedSynchronizer.java:1261) ~[na:1.8.0_111]
	at java.util.concurrent.locks.ReentrantReadWriteLock$WriteLock.unlock(ReentrantReadWriteLock.java:1131) ~[na:1.8.0_111]
	at sun.reflect.GeneratedMethodAccessor12.invoke(Unknown Source) ~[na:na]
	at sun.reflect.DelegatingMethodAccessorImpl.invoke(DelegatingMethodAccessorImpl.java:43) ~[na:1.8.0_111]
	at java.lang.reflect.Method.invoke(Method.java:498) ~[na:1.8.0_111]
	at clojure.lang.Reflector.invokeMatchingMethod(Reflector.java:93) ~[clojure-1.8.0.jar:na]
	at clojure.lang.Reflector.invokeNoArgInstanceMember(Reflector.java:313) ~[clojure-1.8.0.jar:na]
	at avout.locks.ZKDistributedReentrantLock.unlock(locks.clj:130) ~[na:na]
	at sun.reflect.GeneratedMethodAccessor23.invoke(Unknown Source) ~[na:na]
	at sun.reflect.DelegatingMethodAccessorImpl.invoke(DelegatingMethodAccessorImpl.java:43) ~[na:1.8.0_111]
	at java.lang.reflect.Method.invoke(Method.java:498) ~[na:1.8.0_111]
	at clojure.lang.Reflector.invokeMatchingMethod(Reflector.java:93) ~[clojure-1.8.0.jar:na]
	at clojure.lang.Reflector.invokeNoArgInstanceMember(Reflector.java:313) ~[clojure-1.8.0.jar:na]
	at avout.atoms.DistributedAtom.swap(atoms.clj:58) ~[na:na]
	at sun.reflect.GeneratedMethodAccessor25.invoke(Unknown Source) ~[na:na]
	at sun.reflect.DelegatingMethodAccessorImpl.invoke(DelegatingMethodAccessorImpl.java:43) ~[na:1.8.0_111]
	at java.lang.reflect.Method.invoke(Method.java:498) ~[na:1.8.0_111]
	at clojure.lang.Reflector.invokeMatchingMethod(Reflector.java:93) ~[clojure-1.8.0.jar:na]
	at clojure.lang.Reflector.invokeInstanceMethod(Reflector.java:28) ~[clojure-1.8.0.jar:na]
	at avout.core$swap_BANG__BANG_.invokeStatic(core.clj:107) ~[na:na]
	at avout.core$swap_BANG__BANG_.doInvoke(core.clj:105) ~[na:na]
	at clojure.lang.RestFn.invoke(RestFn.java:425) ~[clojure-1.8.0.jar:na]
	at jepsen.zookeeper$client$reify__1902$fn__1903.invoke(zookeeper.clj:99) ~[na:na]
	at clojure.core$binding_conveyor_fn$fn__4676.invoke(core.clj:1938) [clojure-1.8.0.jar:na]
	at clojure.lang.AFn.call(AFn.java:18) [clojure-1.8.0.jar:na]
	at java.util.concurrent.FutureTask.run(FutureTask.java:266) [na:1.8.0_111]
	at java.util.concurrent.ThreadPoolExecutor.runWorker(ThreadPoolExecutor.java:1142) [na:1.8.0_111]
	at java.util.concurrent.ThreadPoolExecutor$Worker.run(ThreadPoolExecutor.java:617) [na:1.8.0_111]
	at java.lang.Thread.run(Thread.java:745) [na:1.8.0_111]
2016-12-14 11:28:37,799{GMT}	WARN	[jepsen worker 3] jepsen.core: Process 3 indeterminate
java.lang.IllegalMonitorStateException: null
	at java.util.concurrent.locks.ReentrantReadWriteLock$Sync.tryRelease(ReentrantReadWriteLock.java:371) ~[na:1.8.0_111]
	at java.util.concurrent.locks.AbstractQueuedSynchronizer.release(AbstractQueuedSynchronizer.java:1261) ~[na:1.8.0_111]
	at java.util.concurrent.locks.ReentrantReadWriteLock$WriteLock.unlock(ReentrantReadWriteLock.java:1131) ~[na:1.8.0_111]
	at sun.reflect.GeneratedMethodAccessor12.invoke(Unknown Source) ~[na:na]
	at sun.reflect.DelegatingMethodAccessorImpl.invoke(DelegatingMethodAccessorImpl.java:43) ~[na:1.8.0_111]
	at java.lang.reflect.Method.invoke(Method.java:498) ~[na:1.8.0_111]
	at clojure.lang.Reflector.invokeMatchingMethod(Reflector.java:93) ~[clojure-1.8.0.jar:na]
	at clojure.lang.Reflector.invokeNoArgInstanceMember(Reflector.java:313) ~[clojure-1.8.0.jar:na]
	at avout.locks.ZKDistributedReentrantLock.unlock(locks.clj:130) ~[na:na]
	at sun.reflect.GeneratedMethodAccessor23.invoke(Unknown Source) ~[na:na]
	at sun.reflect.DelegatingMethodAccessorImpl.invoke(DelegatingMethodAccessorImpl.java:43) ~[na:1.8.0_111]
	at java.lang.reflect.Method.invoke(Method.java:498) ~[na:1.8.0_111]
	at clojure.lang.Reflector.invokeMatchingMethod(Reflector.java:93) ~[clojure-1.8.0.jar:na]
	at clojure.lang.Reflector.invokeNoArgInstanceMember(Reflector.java:313) ~[clojure-1.8.0.jar:na]
	at avout.atoms.DistributedAtom.swap(atoms.clj:58) ~[na:na]
	at sun.reflect.GeneratedMethodAccessor25.invoke(Unknown Source) ~[na:na]
	at sun.reflect.DelegatingMethodAccessorImpl.invoke(DelegatingMethodAccessorImpl.java:43) ~[na:1.8.0_111]
	at java.lang.reflect.Method.invoke(Method.java:498) ~[na:1.8.0_111]
	at clojure.lang.Reflector.invokeMatchingMethod(Reflector.java:93) ~[clojure-1.8.0.jar:na]
	at clojure.lang.Reflector.invokeInstanceMethod(Reflector.java:28) ~[clojure-1.8.0.jar:na]
	at avout.core$swap_BANG__BANG_.invokeStatic(core.clj:107) ~[na:na]
	at avout.core$swap_BANG__BANG_.doInvoke(core.clj:105) ~[na:na]
	at clojure.lang.RestFn.invoke(RestFn.java:425) ~[clojure-1.8.0.jar:na]
	at jepsen.zookeeper$client$reify__1902$fn__1903.invoke(zookeeper.clj:99) ~[na:na]
	at clojure.core$binding_conveyor_fn$fn__4676.invoke(core.clj:1938) [clojure-1.8.0.jar:na]
	at clojure.lang.AFn.call(AFn.java:18) [clojure-1.8.0.jar:na]
	at java.util.concurrent.FutureTask.run(FutureTask.java:266) [na:1.8.0_111]
	at java.util.concurrent.ThreadPoolExecutor.runWorker(ThreadPoolExecutor.java:1142) [na:1.8.0_111]
	at java.util.concurrent.ThreadPoolExecutor$Worker.run(ThreadPoolExecutor.java:617) [na:1.8.0_111]
	at java.lang.Thread.run(Thread.java:745) [na:1.8.0_111]
2016-12-14 11:28:38,434{GMT}	INFO	[clojure-agent-send-off-pool-37-SendThread(w5:2181)] org.apache.zookeeper.ClientCnxn: Opening socket connection to server w5/192.168.4.105:2181
2016-12-14 11:28:38,435{GMT}	INFO	[clojure-agent-send-off-pool-37-SendThread(w5:2181)] org.apache.zookeeper.ClientCnxn: Socket connection established to w5/192.168.4.105:2181, initiating session
2016-12-14 11:28:38,436{GMT}	INFO	[clojure-agent-send-off-pool-37-SendThread(w5:2181)] org.apache.zookeeper.ClientCnxn: Session establishment complete on server w5/192.168.4.105:2181, sessionid = 0x458fd171bfb0000, negotiated timeout = 5000
2016-12-14 11:28:38,447{GMT}	INFO	[jepsen worker 4] jepsen.util: 9	:invoke	:cas	[2 1]
2016-12-14 11:28:38,542{GMT}	INFO	[jepsen nemesis] jepsen.util: :nemesis	:info	:stop	nil
2016-12-14 11:28:38,557{GMT}	INFO	[clojure-agent-send-off-pool-27-SendThread(w3:2181)] org.apache.zookeeper.ClientCnxn: Client session timed out, have not heard from server in 3333ms for sessionid 0x258fd172e5f0000, closing socket connection and attempting reconnect
2016-12-14 11:28:38,660{GMT}	WARN	[jepsen worker 2] jepsen.core: Process 2 indeterminate
java.lang.IllegalMonitorStateException: null
	at java.util.concurrent.locks.ReentrantReadWriteLock$Sync.tryRelease(ReentrantReadWriteLock.java:371) ~[na:1.8.0_111]
	at java.util.concurrent.locks.AbstractQueuedSynchronizer.release(AbstractQueuedSynchronizer.java:1261) ~[na:1.8.0_111]
	at java.util.concurrent.locks.ReentrantReadWriteLock$WriteLock.unlock(ReentrantReadWriteLock.java:1131) ~[na:1.8.0_111]
	at sun.reflect.GeneratedMethodAccessor12.invoke(Unknown Source) ~[na:na]
	at sun.reflect.DelegatingMethodAccessorImpl.invoke(DelegatingMethodAccessorImpl.java:43) ~[na:1.8.0_111]
	at java.lang.reflect.Method.invoke(Method.java:498) ~[na:1.8.0_111]
	at clojure.lang.Reflector.invokeMatchingMethod(Reflector.java:93) ~[clojure-1.8.0.jar:na]
	at clojure.lang.Reflector.invokeNoArgInstanceMember(Reflector.java:313) ~[clojure-1.8.0.jar:na]
	at avout.locks.ZKDistributedReentrantLock.unlock(locks.clj:130) ~[na:na]
	at sun.reflect.GeneratedMethodAccessor23.invoke(Unknown Source) ~[na:na]
	at sun.reflect.DelegatingMethodAccessorImpl.invoke(DelegatingMethodAccessorImpl.java:43) ~[na:1.8.0_111]
	at java.lang.reflect.Method.invoke(Method.java:498) ~[na:1.8.0_111]
	at clojure.lang.Reflector.invokeMatchingMethod(Reflector.java:93) ~[clojure-1.8.0.jar:na]
	at clojure.lang.Reflector.invokeNoArgInstanceMember(Reflector.java:313) ~[clojure-1.8.0.jar:na]
	at avout.atoms.DistributedAtom.reset(atoms.clj:66) ~[na:na]
	at sun.reflect.GeneratedMethodAccessor26.invoke(Unknown Source) ~[na:na]
	at sun.reflect.DelegatingMethodAccessorImpl.invoke(DelegatingMethodAccessorImpl.java:43) ~[na:1.8.0_111]
	at java.lang.reflect.Method.invoke(Method.java:498) ~[na:1.8.0_111]
	at clojure.lang.Reflector.invokeMatchingMethod(Reflector.java:93) ~[clojure-1.8.0.jar:na]
	at clojure.lang.Reflector.invokeInstanceMethod(Reflector.java:28) ~[clojure-1.8.0.jar:na]
	at avout.core$reset_BANG__BANG_.invokeStatic(core.clj:111) ~[na:na]
	at avout.core$reset_BANG__BANG_.invoke(core.clj:109) ~[na:na]
	at jepsen.zookeeper$client$reify__1902$fn__1903.invoke(zookeeper.clj:95) ~[na:na]
	at clojure.core$binding_conveyor_fn$fn__4676.invoke(core.clj:1938) [clojure-1.8.0.jar:na]
	at clojure.lang.AFn.call(AFn.java:18) [clojure-1.8.0.jar:na]
	at java.util.concurrent.FutureTask.run(FutureTask.java:266) [na:1.8.0_111]
	at java.util.concurrent.ThreadPoolExecutor.runWorker(ThreadPoolExecutor.java:1142) [na:1.8.0_111]
	at java.util.concurrent.ThreadPoolExecutor$Worker.run(ThreadPoolExecutor.java:617) [na:1.8.0_111]
	at java.lang.Thread.run(Thread.java:745) [na:1.8.0_111]
2016-12-14 11:28:38,745{GMT}	INFO	[jepsen nemesis] jepsen.util: :nemesis	:info	:stop	"fully connected"
2016-12-14 11:28:39,099{GMT}	INFO	[clojure-agent-send-off-pool-43-SendThread(w1:2181)] org.apache.zookeeper.ClientCnxn: Opening socket connection to server w1/192.168.4.101:2181
2016-12-14 11:28:39,099{GMT}	INFO	[clojure-agent-send-off-pool-43-SendThread(w1:2181)] org.apache.zookeeper.ClientCnxn: Socket connection established to w1/192.168.4.101:2181, initiating session
2016-12-14 11:28:39,102{GMT}	INFO	[clojure-agent-send-off-pool-43-SendThread(w1:2181)] org.apache.zookeeper.ClientCnxn: Session establishment complete on server w1/192.168.4.101:2181, sessionid = 0x58fd1727fa0000, negotiated timeout = 5000
2016-12-14 11:28:39,185{GMT}	INFO	[jepsen worker 3] jepsen.util: 8	:invoke	:read	nil
2016-12-14 11:28:39,389{GMT}	INFO	[clojure-agent-send-off-pool-51-SendThread(w2:2181)] org.apache.zookeeper.ClientCnxn: Opening socket connection to server w2/192.168.4.102:2181
2016-12-14 11:28:39,390{GMT}	INFO	[clojure-agent-send-off-pool-51-SendThread(w2:2181)] org.apache.zookeeper.ClientCnxn: Socket connection established to w2/192.168.4.102:2181, initiating session
2016-12-14 11:28:39,395{GMT}	INFO	[jepsen worker 0] jepsen.util: 5	:invoke	:write	2
2016-12-14 11:28:39,479{GMT}	INFO	[clojure-agent-send-off-pool-33-SendThread(w4:2181)] org.apache.zookeeper.ClientCnxn: Opening socket connection to server w4/192.168.4.104:2181
2016-12-14 11:28:39,480{GMT}	INFO	[clojure-agent-send-off-pool-33-SendThread(w4:2181)] org.apache.zookeeper.ClientCnxn: Socket connection established to w4/192.168.4.104:2181, initiating session
2016-12-14 11:28:39,481{GMT}	INFO	[jepsen worker 1] jepsen.util: 6	:invoke	:cas	[4 1]
2016-12-14 11:28:39,599{GMT}	INFO	[jepsen worker 2] jepsen.util: 7	:invoke	:read	nil
2016-12-14 11:28:39,600{GMT}	INFO	[jepsen worker 2] jepsen.util: 7	:ok	:read	4
2016-12-14 11:28:40,046{GMT}	INFO	[clojure-agent-send-off-pool-27-SendThread(w3:2181)] org.apache.zookeeper.ClientCnxn: Opening socket connection to server w3/192.168.4.103:2181
2016-12-14 11:28:40,046{GMT}	INFO	[clojure-agent-send-off-pool-27-SendThread(w3:2181)] org.apache.zookeeper.ClientCnxn: Socket connection established to w3/192.168.4.103:2181, initiating session
2016-12-14 11:28:40,865{GMT}	INFO	[clojure-agent-send-off-pool-51-SendThread(w2:2181)] org.apache.zookeeper.ClientCnxn: Unable to reconnect to ZooKeeper service, session 0x158fd1728ab0000 has expired, closing socket connection
2016-12-14 11:28:40,865{GMT}	INFO	[clojure-agent-send-off-pool-27-SendThread(w3:2181)] org.apache.zookeeper.ClientCnxn: Unable to read additional data from server sessionid 0x258fd172e5f0000, likely server has closed socket, closing socket connection and attempting reconnect
2016-12-14 11:28:40,865{GMT}	INFO	[clojure-agent-send-off-pool-33-SendThread(w4:2181)] org.apache.zookeeper.ClientCnxn: Unable to read additional data from server sessionid 0x358fd1720820000, likely server has closed socket, closing socket connection and attempting reconnect
2016-12-14 11:28:40,968{GMT}	ERROR	[clojure-agent-send-off-pool-51-EventThread] org.apache.zookeeper.ClientCnxn: Error while calling watcher 
org.apache.zookeeper.KeeperException$SessionExpiredException: KeeperErrorCode = Session expired for /stm/atoms/jepsen
	at org.apache.zookeeper.KeeperException.create(KeeperException.java:127) ~[zookeeper-3.4.0.jar:3.4.0-1202560]
	at org.apache.zookeeper.KeeperException.create(KeeperException.java:51) ~[zookeeper-3.4.0.jar:3.4.0-1202560]
	at org.apache.zookeeper.ZooKeeper.exists(ZooKeeper.java:1003) ~[zookeeper-3.4.0.jar:3.4.0-1202560]
	at zookeeper$exists.invokeStatic(zookeeper.clj:96) ~[na:na]
	at zookeeper$exists.doInvoke(zookeeper.clj:54) ~[na:na]
	at clojure.lang.RestFn.invoke(RestFn.java:464) ~[clojure-1.8.0.jar:na]
	at avout.atoms.DistributedAtom.invalidateCache(atoms.clj:107) ~[na:na]
	at avout.atoms.DistributedAtom$fn__1351.invoke(atoms.clj:108) ~[na:na]
	at zookeeper.internal$make_watcher$reify__378.process(internal.clj:56) ~[na:na]
	at org.apache.zookeeper.ClientCnxn$EventThread.processEvent(ClientCnxn.java:521) [zookeeper-3.4.0.jar:3.4.0-1202560]
	at org.apache.zookeeper.ClientCnxn$EventThread.run(ClientCnxn.java:497) [zookeeper-3.4.0.jar:3.4.0-1202560]
2016-12-14 11:28:40,969{GMT}	ERROR	[clojure-agent-send-off-pool-33-EventThread] org.apache.zookeeper.ClientCnxn: Error while calling watcher 
org.apache.zookeeper.KeeperException$ConnectionLossException: KeeperErrorCode = ConnectionLoss for /stm/atoms/jepsen
	at org.apache.zookeeper.KeeperException.create(KeeperException.java:99) ~[zookeeper-3.4.0.jar:3.4.0-1202560]
	at org.apache.zookeeper.KeeperException.create(KeeperException.java:51) ~[zookeeper-3.4.0.jar:3.4.0-1202560]
	at org.apache.zookeeper.ZooKeeper.exists(ZooKeeper.java:1003) ~[zookeeper-3.4.0.jar:3.4.0-1202560]
	at zookeeper$exists.invokeStatic(zookeeper.clj:96) ~[na:na]
	at zookeeper$exists.doInvoke(zookeeper.clj:54) ~[na:na]
	at clojure.lang.RestFn.invoke(RestFn.java:464) ~[clojure-1.8.0.jar:na]
	at avout.atoms.DistributedAtom.invalidateCache(atoms.clj:107) ~[na:na]
	at avout.atoms.DistributedAtom$fn__1351.invoke(atoms.clj:108) ~[na:na]
	at zookeeper.internal$make_watcher$reify__378.process(internal.clj:56) ~[na:na]
	at org.apache.zookeeper.ClientCnxn$EventThread.processEvent(ClientCnxn.java:521) [zookeeper-3.4.0.jar:3.4.0-1202560]
	at org.apache.zookeeper.ClientCnxn$EventThread.run(ClientCnxn.java:497) [zookeeper-3.4.0.jar:3.4.0-1202560]
2016-12-14 11:28:40,970{GMT}	WARN	[jepsen worker 1] jepsen.core: Process 6 indeterminate
java.lang.IllegalMonitorStateException: null
	at java.util.concurrent.locks.ReentrantReadWriteLock$Sync.tryRelease(ReentrantReadWriteLock.java:371) ~[na:1.8.0_111]
	at java.util.concurrent.locks.AbstractQueuedSynchronizer.release(AbstractQueuedSynchronizer.java:1261) ~[na:1.8.0_111]
	at java.util.concurrent.locks.ReentrantReadWriteLock$WriteLock.unlock(ReentrantReadWriteLock.java:1131) ~[na:1.8.0_111]
	at sun.reflect.GeneratedMethodAccessor12.invoke(Unknown Source) ~[na:na]
	at sun.reflect.DelegatingMethodAccessorImpl.invoke(DelegatingMethodAccessorImpl.java:43) ~[na:1.8.0_111]
	at java.lang.reflect.Method.invoke(Method.java:498) ~[na:1.8.0_111]
	at clojure.lang.Reflector.invokeMatchingMethod(Reflector.java:93) ~[clojure-1.8.0.jar:na]
	at clojure.lang.Reflector.invokeNoArgInstanceMember(Reflector.java:313) ~[clojure-1.8.0.jar:na]
	at avout.locks.ZKDistributedReentrantLock.unlock(locks.clj:130) ~[na:na]
	at sun.reflect.GeneratedMethodAccessor23.invoke(Unknown Source) ~[na:na]
	at sun.reflect.DelegatingMethodAccessorImpl.invoke(DelegatingMethodAccessorImpl.java:43) ~[na:1.8.0_111]
	at java.lang.reflect.Method.invoke(Method.java:498) ~[na:1.8.0_111]
	at clojure.lang.Reflector.invokeMatchingMethod(Reflector.java:93) ~[clojure-1.8.0.jar:na]
	at clojure.lang.Reflector.invokeNoArgInstanceMember(Reflector.java:313) ~[clojure-1.8.0.jar:na]
	at avout.atoms.DistributedAtom.swap(atoms.clj:58) ~[na:na]
	at sun.reflect.GeneratedMethodAccessor25.invoke(Unknown Source) ~[na:na]
	at sun.reflect.DelegatingMethodAccessorImpl.invoke(DelegatingMethodAccessorImpl.java:43) ~[na:1.8.0_111]
	at java.lang.reflect.Method.invoke(Method.java:498) ~[na:1.8.0_111]
	at clojure.lang.Reflector.invokeMatchingMethod(Reflector.java:93) ~[clojure-1.8.0.jar:na]
	at clojure.lang.Reflector.invokeInstanceMethod(Reflector.java:28) ~[clojure-1.8.0.jar:na]
	at avout.core$swap_BANG__BANG_.invokeStatic(core.clj:107) ~[na:na]
	at avout.core$swap_BANG__BANG_.doInvoke(core.clj:105) ~[na:na]
	at clojure.lang.RestFn.invoke(RestFn.java:425) ~[clojure-1.8.0.jar:na]
	at jepsen.zookeeper$client$reify__1902$fn__1903.invoke(zookeeper.clj:99) ~[na:na]
	at clojure.core$binding_conveyor_fn$fn__4676.invoke(core.clj:1938) [clojure-1.8.0.jar:na]
	at clojure.lang.AFn.call(AFn.java:18) [clojure-1.8.0.jar:na]
	at java.util.concurrent.FutureTask.run(FutureTask.java:266) [na:1.8.0_111]
	at java.util.concurrent.ThreadPoolExecutor.runWorker(ThreadPoolExecutor.java:1142) [na:1.8.0_111]
	at java.util.concurrent.ThreadPoolExecutor$Worker.run(ThreadPoolExecutor.java:617) [na:1.8.0_111]
	at java.lang.Thread.run(Thread.java:745) [na:1.8.0_111]
2016-12-14 11:28:40,971{GMT}	ERROR	[clojure-agent-send-off-pool-51-EventThread] org.apache.zookeeper.ClientCnxn: Error while calling watcher 
org.apache.zookeeper.KeeperException$SessionExpiredException: KeeperErrorCode = Session expired for /stm/atoms/jepsen
	at org.apache.zookeeper.KeeperException.create(KeeperException.java:127) ~[zookeeper-3.4.0.jar:3.4.0-1202560]
	at org.apache.zookeeper.KeeperException.create(KeeperException.java:51) ~[zookeeper-3.4.0.jar:3.4.0-1202560]
	at org.apache.zookeeper.ZooKeeper.exists(ZooKeeper.java:1003) ~[zookeeper-3.4.0.jar:3.4.0-1202560]
	at zookeeper$exists.invokeStatic(zookeeper.clj:96) ~[na:na]
	at zookeeper$exists.doInvoke(zookeeper.clj:54) ~[na:na]
	at clojure.lang.RestFn.invoke(RestFn.java:464) ~[clojure-1.8.0.jar:na]
	at avout.atoms.DistributedAtom.invalidateCache(atoms.clj:107) ~[na:na]
	at avout.atoms.DistributedAtom$fn__1351.invoke(atoms.clj:108) ~[na:na]
	at zookeeper.internal$make_watcher$reify__378.process(internal.clj:56) ~[na:na]
	at org.apache.zookeeper.ClientCnxn$EventThread.processEvent(ClientCnxn.java:521) [zookeeper-3.4.0.jar:3.4.0-1202560]
	at org.apache.zookeeper.ClientCnxn$EventThread.run(ClientCnxn.java:497) [zookeeper-3.4.0.jar:3.4.0-1202560]
2016-12-14 11:28:40,971{GMT}	WARN	[jepsen worker 3] jepsen.core: Process 8 indeterminate
org.apache.zookeeper.KeeperException$ConnectionLossException: KeeperErrorCode = ConnectionLoss for /jepsen/data
	at org.apache.zookeeper.KeeperException.create(KeeperException.java:99) ~[zookeeper-3.4.0.jar:3.4.0-1202560]
	at org.apache.zookeeper.KeeperException.create(KeeperException.java:51) ~[zookeeper-3.4.0.jar:3.4.0-1202560]
	at org.apache.zookeeper.ZooKeeper.getData(ZooKeeper.java:1113) ~[zookeeper-3.4.0.jar:3.4.0-1202560]
	at org.apache.zookeeper.ZooKeeper.getData(ZooKeeper.java:1142) ~[zookeeper-3.4.0.jar:3.4.0-1202560]
	at sun.reflect.GeneratedMethodAccessor16.invoke(Unknown Source) ~[na:na]
	at sun.reflect.DelegatingMethodAccessorImpl.invoke(DelegatingMethodAccessorImpl.java:43) ~[na:1.8.0_111]
	at java.lang.reflect.Method.invoke(Method.java:498) ~[na:1.8.0_111]
	at clojure.lang.Reflector.invokeMatchingMethod(Reflector.java:93) ~[clojure-1.8.0.jar:na]
	at clojure.lang.Reflector.invokeInstanceMethod(Reflector.java:28) ~[clojure-1.8.0.jar:na]
	at zookeeper$data$fn__513.invoke(zookeeper.clj:352) ~[na:na]
	at zookeeper$data.invokeStatic(zookeeper.clj:351) ~[na:na]
	at zookeeper$data.doInvoke(zookeeper.clj:310) ~[na:na]
	at clojure.lang.RestFn.invoke(RestFn.java:425) ~[clojure-1.8.0.jar:na]
	at avout.atoms.zk.ZKStateContainer.getState(zk.clj:18) ~[na:na]
	at sun.reflect.GeneratedMethodAccessor15.invoke(Unknown Source) ~[na:na]
	at sun.reflect.DelegatingMethodAccessorImpl.invoke(DelegatingMethodAccessorImpl.java:43) ~[na:1.8.0_111]
	at java.lang.reflect.Method.invoke(Method.java:498) ~[na:1.8.0_111]
	at clojure.lang.Reflector.invokeMatchingMethod(Reflector.java:93) ~[clojure-1.8.0.jar:na]
	at clojure.lang.Reflector.invokeNoArgInstanceMember(Reflector.java:313) ~[clojure-1.8.0.jar:na]
	at avout.atoms.DistributedAtom.deref(atoms.clj:75) ~[na:na]
	at clojure.core$deref.invokeStatic(core.clj:2228) ~[clojure-1.8.0.jar:na]
	at clojure.core$deref.invoke(core.clj:2214) ~[clojure-1.8.0.jar:na]
	at jepsen.zookeeper$client$reify__1902$fn__1903.invoke(zookeeper.clj:94) ~[na:na]
	at clojure.core$binding_conveyor_fn$fn__4676.invoke(core.clj:1938) [clojure-1.8.0.jar:na]
	at clojure.lang.AFn.call(AFn.java:18) [clojure-1.8.0.jar:na]
	at java.util.concurrent.FutureTask.run(FutureTask.java:266) [na:1.8.0_111]
	at java.util.concurrent.ThreadPoolExecutor.runWorker(ThreadPoolExecutor.java:1142) [na:1.8.0_111]
	at java.util.concurrent.ThreadPoolExecutor$Worker.run(ThreadPoolExecutor.java:617) [na:1.8.0_111]
	at java.lang.Thread.run(Thread.java:745) [na:1.8.0_111]
2016-12-14 11:28:40,971{GMT}	INFO	[clojure-agent-send-off-pool-51-EventThread] org.apache.zookeeper.ClientCnxn: EventThread shut down
2016-12-14 11:28:40,972{GMT}	ERROR	[clojure-agent-send-off-pool-27-EventThread] org.apache.zookeeper.ClientCnxn: Error while calling watcher 
org.apache.zookeeper.KeeperException$ConnectionLossException: KeeperErrorCode = ConnectionLoss for /stm/atoms/jepsen
	at org.apache.zookeeper.KeeperException.create(KeeperException.java:99) ~[zookeeper-3.4.0.jar:3.4.0-1202560]
	at org.apache.zookeeper.KeeperException.create(KeeperException.java:51) ~[zookeeper-3.4.0.jar:3.4.0-1202560]
	at org.apache.zookeeper.ZooKeeper.exists(ZooKeeper.java:1003) ~[zookeeper-3.4.0.jar:3.4.0-1202560]
	at zookeeper$exists.invokeStatic(zookeeper.clj:96) ~[na:na]
	at zookeeper$exists.doInvoke(zookeeper.clj:54) ~[na:na]
	at clojure.lang.RestFn.invoke(RestFn.java:464) ~[clojure-1.8.0.jar:na]
	at avout.atoms.DistributedAtom.invalidateCache(atoms.clj:107) ~[na:na]
	at avout.atoms.DistributedAtom$fn__1351.invoke(atoms.clj:108) ~[na:na]
	at zookeeper.internal$make_watcher$reify__378.process(internal.clj:56) ~[na:na]
	at org.apache.zookeeper.ClientCnxn$EventThread.processEvent(ClientCnxn.java:521) [zookeeper-3.4.0.jar:3.4.0-1202560]
	at org.apache.zookeeper.ClientCnxn$EventThread.run(ClientCnxn.java:497) [zookeeper-3.4.0.jar:3.4.0-1202560]
2016-12-14 11:28:41,418{GMT}	INFO	[jepsen worker 2] jepsen.util: 7	:invoke	:cas	[1 0]
2016-12-14 11:28:42,198{GMT}	INFO	[jepsen worker 1] jepsen.util: 11	:invoke	:cas	[3 2]
2016-12-14 11:28:42,201{GMT}	WARN	[jepsen worker 1] jepsen.core: Process 11 indeterminate
java.lang.IllegalMonitorStateException: null
	at java.util.concurrent.locks.ReentrantReadWriteLock$Sync.tryRelease(ReentrantReadWriteLock.java:371) ~[na:1.8.0_111]
	at java.util.concurrent.locks.AbstractQueuedSynchronizer.release(AbstractQueuedSynchronizer.java:1261) ~[na:1.8.0_111]
	at java.util.concurrent.locks.ReentrantReadWriteLock$WriteLock.unlock(ReentrantReadWriteLock.java:1131) ~[na:1.8.0_111]
	at sun.reflect.GeneratedMethodAccessor12.invoke(Unknown Source) ~[na:na]
	at sun.reflect.DelegatingMethodAccessorImpl.invoke(DelegatingMethodAccessorImpl.java:43) ~[na:1.8.0_111]
	at java.lang.reflect.Method.invoke(Method.java:498) ~[na:1.8.0_111]
	at clojure.lang.Reflector.invokeMatchingMethod(Reflector.java:93) ~[clojure-1.8.0.jar:na]
	at clojure.lang.Reflector.invokeNoArgInstanceMember(Reflector.java:313) ~[clojure-1.8.0.jar:na]
	at avout.locks.ZKDistributedReentrantLock.unlock(locks.clj:130) ~[na:na]
	at sun.reflect.GeneratedMethodAccessor23.invoke(Unknown Source) ~[na:na]
	at sun.reflect.DelegatingMethodAccessorImpl.invoke(DelegatingMethodAccessorImpl.java:43) ~[na:1.8.0_111]
	at java.lang.reflect.Method.invoke(Method.java:498) ~[na:1.8.0_111]
	at clojure.lang.Reflector.invokeMatchingMethod(Reflector.java:93) ~[clojure-1.8.0.jar:na]
	at clojure.lang.Reflector.invokeNoArgInstanceMember(Reflector.java:313) ~[clojure-1.8.0.jar:na]
	at avout.atoms.DistributedAtom.swap(atoms.clj:58) ~[na:na]
	at sun.reflect.GeneratedMethodAccessor25.invoke(Unknown Source) ~[na:na]
	at sun.reflect.DelegatingMethodAccessorImpl.invoke(DelegatingMethodAccessorImpl.java:43) ~[na:1.8.0_111]
	at java.lang.reflect.Method.invoke(Method.java:498) ~[na:1.8.0_111]
	at clojure.lang.Reflector.invokeMatchingMethod(Reflector.java:93) ~[clojure-1.8.0.jar:na]
	at clojure.lang.Reflector.invokeInstanceMethod(Reflector.java:28) ~[clojure-1.8.0.jar:na]
	at avout.core$swap_BANG__BANG_.invokeStatic(core.clj:107) ~[na:na]
	at avout.core$swap_BANG__BANG_.doInvoke(core.clj:105) ~[na:na]
	at clojure.lang.RestFn.invoke(RestFn.java:425) ~[clojure-1.8.0.jar:na]
	at jepsen.zookeeper$client$reify__1902$fn__1903.invoke(zookeeper.clj:99) ~[na:na]
	at clojure.core$binding_conveyor_fn$fn__4676.invoke(core.clj:1938) [clojure-1.8.0.jar:na]
	at clojure.lang.AFn.call(AFn.java:18) [clojure-1.8.0.jar:na]
	at java.util.concurrent.FutureTask.run(FutureTask.java:266) [na:1.8.0_111]
	at java.util.concurrent.ThreadPoolExecutor.runWorker(ThreadPoolExecutor.java:1142) [na:1.8.0_111]
	at java.util.concurrent.ThreadPoolExecutor$Worker.run(ThreadPoolExecutor.java:617) [na:1.8.0_111]
	at java.lang.Thread.run(Thread.java:745) [na:1.8.0_111]
2016-12-14 11:28:42,278{GMT}	INFO	[clojure-agent-send-off-pool-33-SendThread(w4:2181)] org.apache.zookeeper.ClientCnxn: Opening socket connection to server w4/192.168.4.104:2181
2016-12-14 11:28:42,279{GMT}	INFO	[clojure-agent-send-off-pool-33-SendThread(w4:2181)] org.apache.zookeeper.ClientCnxn: Socket connection established to w4/192.168.4.104:2181, initiating session
2016-12-14 11:28:42,281{GMT}	INFO	[clojure-agent-send-off-pool-33-SendThread(w4:2181)] org.apache.zookeeper.ClientCnxn: Unable to reconnect to ZooKeeper service, session 0x358fd1720820000 has expired, closing socket connection
2016-12-14 11:28:42,282{GMT}	ERROR	[clojure-agent-send-off-pool-33-EventThread] org.apache.zookeeper.ClientCnxn: Error while calling watcher 
org.apache.zookeeper.KeeperException$SessionExpiredException: KeeperErrorCode = Session expired for /stm/atoms/jepsen
	at org.apache.zookeeper.KeeperException.create(KeeperException.java:127) ~[zookeeper-3.4.0.jar:3.4.0-1202560]
	at org.apache.zookeeper.KeeperException.create(KeeperException.java:51) ~[zookeeper-3.4.0.jar:3.4.0-1202560]
	at org.apache.zookeeper.ZooKeeper.exists(ZooKeeper.java:1003) ~[zookeeper-3.4.0.jar:3.4.0-1202560]
	at zookeeper$exists.invokeStatic(zookeeper.clj:96) ~[na:na]
	at zookeeper$exists.doInvoke(zookeeper.clj:54) ~[na:na]
	at clojure.lang.RestFn.invoke(RestFn.java:464) ~[clojure-1.8.0.jar:na]
	at avout.atoms.DistributedAtom.invalidateCache(atoms.clj:107) ~[na:na]
	at avout.atoms.DistributedAtom$fn__1351.invoke(atoms.clj:108) ~[na:na]
	at zookeeper.internal$make_watcher$reify__378.process(internal.clj:56) ~[na:na]
	at org.apache.zookeeper.ClientCnxn$EventThread.processEvent(ClientCnxn.java:521) [zookeeper-3.4.0.jar:3.4.0-1202560]
	at org.apache.zookeeper.ClientCnxn$EventThread.run(ClientCnxn.java:497) [zookeeper-3.4.0.jar:3.4.0-1202560]
2016-12-14 11:28:42,282{GMT}	INFO	[clojure-agent-send-off-pool-33-EventThread] org.apache.zookeeper.ClientCnxn: EventThread shut down
2016-12-14 11:28:42,521{GMT}	INFO	[clojure-agent-send-off-pool-27-SendThread(w3:2181)] org.apache.zookeeper.ClientCnxn: Opening socket connection to server w3/192.168.4.103:2181
2016-12-14 11:28:42,521{GMT}	INFO	[clojure-agent-send-off-pool-27-SendThread(w3:2181)] org.apache.zookeeper.ClientCnxn: Socket connection established to w3/192.168.4.103:2181, initiating session
2016-12-14 11:28:42,537{GMT}	INFO	[clojure-agent-send-off-pool-27-SendThread(w3:2181)] org.apache.zookeeper.ClientCnxn: Unable to reconnect to ZooKeeper service, session 0x258fd172e5f0000 has expired, closing socket connection
2016-12-14 11:28:42,538{GMT}	ERROR	[clojure-agent-send-off-pool-27-EventThread] org.apache.zookeeper.ClientCnxn: Error while calling watcher 
org.apache.zookeeper.KeeperException$SessionExpiredException: KeeperErrorCode = Session expired for /stm/atoms/jepsen
	at org.apache.zookeeper.KeeperException.create(KeeperException.java:127) ~[zookeeper-3.4.0.jar:3.4.0-1202560]
	at org.apache.zookeeper.KeeperException.create(KeeperException.java:51) ~[zookeeper-3.4.0.jar:3.4.0-1202560]
	at org.apache.zookeeper.ZooKeeper.exists(ZooKeeper.java:1003) ~[zookeeper-3.4.0.jar:3.4.0-1202560]
	at zookeeper$exists.invokeStatic(zookeeper.clj:96) ~[na:na]
	at zookeeper$exists.doInvoke(zookeeper.clj:54) ~[na:na]
	at clojure.lang.RestFn.invoke(RestFn.java:464) ~[clojure-1.8.0.jar:na]
	at avout.atoms.DistributedAtom.invalidateCache(atoms.clj:107) ~[na:na]
	at avout.atoms.DistributedAtom$fn__1351.invoke(atoms.clj:108) ~[na:na]
	at zookeeper.internal$make_watcher$reify__378.process(internal.clj:56) ~[na:na]
	at org.apache.zookeeper.ClientCnxn$EventThread.processEvent(ClientCnxn.java:521) [zookeeper-3.4.0.jar:3.4.0-1202560]
	at org.apache.zookeeper.ClientCnxn$EventThread.run(ClientCnxn.java:497) [zookeeper-3.4.0.jar:3.4.0-1202560]
2016-12-14 11:28:42,538{GMT}	INFO	[clojure-agent-send-off-pool-27-EventThread] org.apache.zookeeper.ClientCnxn: EventThread shut down
2016-12-14 11:28:42,640{GMT}	WARN	[jepsen worker 2] jepsen.core: Process 7 indeterminate
java.lang.IllegalMonitorStateException: null
	at java.util.concurrent.locks.ReentrantReadWriteLock$Sync.tryRelease(ReentrantReadWriteLock.java:371) ~[na:1.8.0_111]
	at java.util.concurrent.locks.AbstractQueuedSynchronizer.release(AbstractQueuedSynchronizer.java:1261) ~[na:1.8.0_111]
	at java.util.concurrent.locks.ReentrantReadWriteLock$WriteLock.unlock(ReentrantReadWriteLock.java:1131) ~[na:1.8.0_111]
	at sun.reflect.GeneratedMethodAccessor12.invoke(Unknown Source) ~[na:na]
	at sun.reflect.DelegatingMethodAccessorImpl.invoke(DelegatingMethodAccessorImpl.java:43) ~[na:1.8.0_111]
	at java.lang.reflect.Method.invoke(Method.java:498) ~[na:1.8.0_111]
	at clojure.lang.Reflector.invokeMatchingMethod(Reflector.java:93) ~[clojure-1.8.0.jar:na]
	at clojure.lang.Reflector.invokeNoArgInstanceMember(Reflector.java:313) ~[clojure-1.8.0.jar:na]
	at avout.locks.ZKDistributedReentrantLock.unlock(locks.clj:130) ~[na:na]
	at sun.reflect.GeneratedMethodAccessor23.invoke(Unknown Source) ~[na:na]
	at sun.reflect.DelegatingMethodAccessorImpl.invoke(DelegatingMethodAccessorImpl.java:43) ~[na:1.8.0_111]
	at java.lang.reflect.Method.invoke(Method.java:498) ~[na:1.8.0_111]
	at clojure.lang.Reflector.invokeMatchingMethod(Reflector.java:93) ~[clojure-1.8.0.jar:na]
	at clojure.lang.Reflector.invokeNoArgInstanceMember(Reflector.java:313) ~[clojure-1.8.0.jar:na]
	at avout.atoms.DistributedAtom.swap(atoms.clj:58) ~[na:na]
	at sun.reflect.GeneratedMethodAccessor25.invoke(Unknown Source) ~[na:na]
	at sun.reflect.DelegatingMethodAccessorImpl.invoke(DelegatingMethodAccessorImpl.java:43) ~[na:1.8.0_111]
	at java.lang.reflect.Method.invoke(Method.java:498) ~[na:1.8.0_111]
	at clojure.lang.Reflector.invokeMatchingMethod(Reflector.java:93) ~[clojure-1.8.0.jar:na]
	at clojure.lang.Reflector.invokeInstanceMethod(Reflector.java:28) ~[clojure-1.8.0.jar:na]
	at avout.core$swap_BANG__BANG_.invokeStatic(core.clj:107) ~[na:na]
	at avout.core$swap_BANG__BANG_.doInvoke(core.clj:105) ~[na:na]
	at clojure.lang.RestFn.invoke(RestFn.java:425) ~[clojure-1.8.0.jar:na]
	at jepsen.zookeeper$client$reify__1902$fn__1903.invoke(zookeeper.clj:99) ~[na:na]
	at clojure.core$binding_conveyor_fn$fn__4676.invoke(core.clj:1938) [clojure-1.8.0.jar:na]
	at clojure.lang.AFn.call(AFn.java:18) [clojure-1.8.0.jar:na]
	at java.util.concurrent.FutureTask.run(FutureTask.java:266) [na:1.8.0_111]
	at java.util.concurrent.ThreadPoolExecutor.runWorker(ThreadPoolExecutor.java:1142) [na:1.8.0_111]
	at java.util.concurrent.ThreadPoolExecutor$Worker.run(ThreadPoolExecutor.java:617) [na:1.8.0_111]
	at java.lang.Thread.run(Thread.java:745) [na:1.8.0_111]
2016-12-14 11:28:42,640{GMT}	INFO	[jepsen worker 2] jepsen.core: Worker 2 done
2016-12-14 11:28:42,840{GMT}	INFO	[jepsen worker 3] jepsen.util: 13	:invoke	:read	nil
2016-12-14 11:28:42,843{GMT}	WARN	[jepsen worker 3] jepsen.core: Process 13 indeterminate
org.apache.zookeeper.KeeperException$SessionExpiredException: KeeperErrorCode = Session expired for /jepsen/data
	at org.apache.zookeeper.KeeperException.create(KeeperException.java:127) ~[zookeeper-3.4.0.jar:3.4.0-1202560]
	at org.apache.zookeeper.KeeperException.create(KeeperException.java:51) ~[zookeeper-3.4.0.jar:3.4.0-1202560]
	at org.apache.zookeeper.ZooKeeper.getData(ZooKeeper.java:1113) ~[zookeeper-3.4.0.jar:3.4.0-1202560]
	at org.apache.zookeeper.ZooKeeper.getData(ZooKeeper.java:1142) ~[zookeeper-3.4.0.jar:3.4.0-1202560]
	at sun.reflect.GeneratedMethodAccessor16.invoke(Unknown Source) ~[na:na]
	at sun.reflect.DelegatingMethodAccessorImpl.invoke(DelegatingMethodAccessorImpl.java:43) ~[na:1.8.0_111]
	at java.lang.reflect.Method.invoke(Method.java:498) ~[na:1.8.0_111]
	at clojure.lang.Reflector.invokeMatchingMethod(Reflector.java:93) ~[clojure-1.8.0.jar:na]
	at clojure.lang.Reflector.invokeInstanceMethod(Reflector.java:28) ~[clojure-1.8.0.jar:na]
	at zookeeper$data$fn__513.invoke(zookeeper.clj:352) ~[na:na]
	at zookeeper$data.invokeStatic(zookeeper.clj:351) ~[na:na]
	at zookeeper$data.doInvoke(zookeeper.clj:310) ~[na:na]
	at clojure.lang.RestFn.invoke(RestFn.java:425) ~[clojure-1.8.0.jar:na]
	at avout.atoms.zk.ZKStateContainer.getState(zk.clj:18) ~[na:na]
	at sun.reflect.GeneratedMethodAccessor15.invoke(Unknown Source) ~[na:na]
	at sun.reflect.DelegatingMethodAccessorImpl.invoke(DelegatingMethodAccessorImpl.java:43) ~[na:1.8.0_111]
	at java.lang.reflect.Method.invoke(Method.java:498) ~[na:1.8.0_111]
	at clojure.lang.Reflector.invokeMatchingMethod(Reflector.java:93) ~[clojure-1.8.0.jar:na]
	at clojure.lang.Reflector.invokeNoArgInstanceMember(Reflector.java:313) ~[clojure-1.8.0.jar:na]
	at avout.atoms.DistributedAtom.deref(atoms.clj:75) ~[na:na]
	at clojure.core$deref.invokeStatic(core.clj:2228) ~[clojure-1.8.0.jar:na]
	at clojure.core$deref.invoke(core.clj:2214) ~[clojure-1.8.0.jar:na]
	at jepsen.zookeeper$client$reify__1902$fn__1903.invoke(zookeeper.clj:94) ~[na:na]
	at clojure.core$binding_conveyor_fn$fn__4676.invoke(core.clj:1938) [clojure-1.8.0.jar:na]
	at clojure.lang.AFn.call(AFn.java:18) [clojure-1.8.0.jar:na]
	at java.util.concurrent.FutureTask.run(FutureTask.java:266) [na:1.8.0_111]
	at java.util.concurrent.ThreadPoolExecutor.runWorker(ThreadPoolExecutor.java:1142) [na:1.8.0_111]
	at java.util.concurrent.ThreadPoolExecutor$Worker.run(ThreadPoolExecutor.java:617) [na:1.8.0_111]
	at java.lang.Thread.run(Thread.java:745) [na:1.8.0_111]
2016-12-14 11:28:42,843{GMT}	INFO	[jepsen worker 3] jepsen.core: Worker 3 done
2016-12-14 11:28:43,175{GMT}	INFO	[jepsen worker 1] jepsen.util: 16	:invoke	:write	0
2016-12-14 11:28:43,177{GMT}	WARN	[jepsen worker 1] jepsen.core: Process 16 indeterminate
java.lang.IllegalMonitorStateException: null
	at java.util.concurrent.locks.ReentrantReadWriteLock$Sync.tryRelease(ReentrantReadWriteLock.java:371) ~[na:1.8.0_111]
	at java.util.concurrent.locks.AbstractQueuedSynchronizer.release(AbstractQueuedSynchronizer.java:1261) ~[na:1.8.0_111]
	at java.util.concurrent.locks.ReentrantReadWriteLock$WriteLock.unlock(ReentrantReadWriteLock.java:1131) ~[na:1.8.0_111]
	at sun.reflect.GeneratedMethodAccessor12.invoke(Unknown Source) ~[na:na]
	at sun.reflect.DelegatingMethodAccessorImpl.invoke(DelegatingMethodAccessorImpl.java:43) ~[na:1.8.0_111]
	at java.lang.reflect.Method.invoke(Method.java:498) ~[na:1.8.0_111]
	at clojure.lang.Reflector.invokeMatchingMethod(Reflector.java:93) ~[clojure-1.8.0.jar:na]
	at clojure.lang.Reflector.invokeNoArgInstanceMember(Reflector.java:313) ~[clojure-1.8.0.jar:na]
	at avout.locks.ZKDistributedReentrantLock.unlock(locks.clj:130) ~[na:na]
	at sun.reflect.GeneratedMethodAccessor23.invoke(Unknown Source) ~[na:na]
	at sun.reflect.DelegatingMethodAccessorImpl.invoke(DelegatingMethodAccessorImpl.java:43) ~[na:1.8.0_111]
	at java.lang.reflect.Method.invoke(Method.java:498) ~[na:1.8.0_111]
	at clojure.lang.Reflector.invokeMatchingMethod(Reflector.java:93) ~[clojure-1.8.0.jar:na]
	at clojure.lang.Reflector.invokeNoArgInstanceMember(Reflector.java:313) ~[clojure-1.8.0.jar:na]
	at avout.atoms.DistributedAtom.reset(atoms.clj:66) ~[na:na]
	at sun.reflect.GeneratedMethodAccessor26.invoke(Unknown Source) ~[na:na]
	at sun.reflect.DelegatingMethodAccessorImpl.invoke(DelegatingMethodAccessorImpl.java:43) ~[na:1.8.0_111]
	at java.lang.reflect.Method.invoke(Method.java:498) ~[na:1.8.0_111]
	at clojure.lang.Reflector.invokeMatchingMethod(Reflector.java:93) ~[clojure-1.8.0.jar:na]
	at clojure.lang.Reflector.invokeInstanceMethod(Reflector.java:28) ~[clojure-1.8.0.jar:na]
	at avout.core$reset_BANG__BANG_.invokeStatic(core.clj:111) ~[na:na]
	at avout.core$reset_BANG__BANG_.invoke(core.clj:109) ~[na:na]
	at jepsen.zookeeper$client$reify__1902$fn__1903.invoke(zookeeper.clj:95) ~[na:na]
	at clojure.core$binding_conveyor_fn$fn__4676.invoke(core.clj:1938) [clojure-1.8.0.jar:na]
	at clojure.lang.AFn.call(AFn.java:18) [clojure-1.8.0.jar:na]
	at java.util.concurrent.FutureTask.run(FutureTask.java:266) [na:1.8.0_111]
	at java.util.concurrent.ThreadPoolExecutor.runWorker(ThreadPoolExecutor.java:1142) [na:1.8.0_111]
	at java.util.concurrent.ThreadPoolExecutor$Worker.run(ThreadPoolExecutor.java:617) [na:1.8.0_111]
	at java.lang.Thread.run(Thread.java:745) [na:1.8.0_111]
2016-12-14 11:28:43,177{GMT}	INFO	[jepsen worker 1] jepsen.core: Worker 1 done
2016-12-14 11:28:43,447{GMT}	INFO	[jepsen worker 4] jepsen.util: 9	:info	:cas	[2 1]	:timeout
2016-12-14 11:28:43,448{GMT}	INFO	[jepsen worker 4] jepsen.core: Worker 4 done
2016-12-14 11:28:43,745{GMT}	INFO	[jepsen nemesis] jepsen.util: :nemesis	:info	:start	nil
2016-12-14 11:28:44,396{GMT}	INFO	[jepsen worker 0] jepsen.util: 5	:info	:write	2	:timeout
2016-12-14 11:28:44,396{GMT}	INFO	[jepsen worker 0] jepsen.core: Worker 0 done
2016-12-14 11:28:44,396{GMT}	INFO	[jepsen test runner] jepsen.core: Waiting for nemesis to complete
2016-12-14 11:28:44,813{GMT}	INFO	[jepsen nemesis] jepsen.util: :nemesis	:info	:start	"Cut off {\"w5\" #{\"w4\" \"w2\" \"w1\"}, \"w3\" #{\"w4\" \"w2\" \"w1\"}, \"w4\" #{\"w5\" \"w3\"}, \"w2\" #{\"w5\" \"w3\"}, \"w1\" #{\"w5\" \"w3\"}}"
2016-12-14 11:28:44,813{GMT}	INFO	[jepsen nemesis] jepsen.core: nemesis done
2016-12-14 11:28:44,813{GMT}	INFO	[jepsen test runner] jepsen.core: nemesis done.
2016-12-14 11:28:44,814{GMT}	INFO	[jepsen test runner] jepsen.core: Tearing down nemesis
2016-12-14 11:28:45,016{GMT}	INFO	[jepsen test runner] jepsen.core: Nemesis torn down
2016-12-14 11:28:45,021{GMT}	INFO	[clojure-agent-send-off-pool-21] org.apache.zookeeper.ZooKeeper: Session: 0x58fd1727fa0000 closed
2016-12-14 11:28:45,021{GMT}	INFO	[clojure-agent-send-off-pool-43-EventThread] org.apache.zookeeper.ClientCnxn: EventThread shut down
2016-12-14 11:28:45,021{GMT}	INFO	[clojure-agent-send-off-pool-25] org.apache.zookeeper.ZooKeeper: Session: 0x458fd171bfb0000 closed
2016-12-14 11:28:45,021{GMT}	INFO	[clojure-agent-send-off-pool-37-EventThread] org.apache.zookeeper.ClientCnxn: EventThread shut down
2016-12-14 11:28:45,022{GMT}	INFO	[jepsen test runner] jepsen.core: Snarfing log files
2016-12-14 11:28:45,022{GMT}	INFO	[jepsen node w2] jepsen.core: downloading /var/log/zookeeper/zookeeper.log to zookeeper.log
2016-12-14 11:28:45,022{GMT}	INFO	[jepsen node w4] jepsen.core: downloading /var/log/zookeeper/zookeeper.log to zookeeper.log
2016-12-14 11:28:45,022{GMT}	INFO	[jepsen node w5] jepsen.core: downloading /var/log/zookeeper/zookeeper.log to zookeeper.log
2016-12-14 11:28:45,022{GMT}	INFO	[jepsen node w1] jepsen.core: downloading /var/log/zookeeper/zookeeper.log to zookeeper.log
2016-12-14 11:28:45,023{GMT}	INFO	[jepsen node w3] jepsen.core: downloading /var/log/zookeeper/zookeeper.log to zookeeper.log
2016-12-14 11:28:45,032{GMT}	INFO	[jepsen test runner] jepsen.core: Run complete, writing
2016-12-14 11:28:45,035{GMT}	INFO	[jepsen node w1] jepsen.zookeeper: Tearing down ZK on w1
2016-12-14 11:28:45,035{GMT}	INFO	[jepsen node w4] jepsen.zookeeper: Tearing down ZK on w4
2016-12-14 11:28:45,035{GMT}	INFO	[jepsen node w3] jepsen.zookeeper: Tearing down ZK on w3
2016-12-14 11:28:45,035{GMT}	INFO	[jepsen node w2] jepsen.zookeeper: Tearing down ZK on w2
2016-12-14 11:28:45,036{GMT}	INFO	[jepsen node w5] jepsen.zookeeper: Tearing down ZK on w5
2016-12-14 11:28:45,740{GMT}	INFO	[jepsen test runner] jepsen.core: Analyzing
2016-12-14 11:28:45,856{GMT}	INFO	[jepsen test runner] jepsen.core: Analysis complete
2016-12-14 11:28:45,891{GMT}	INFO	[jepsen results] jepsen.store: Wrote /home/admin/jepsen.zookeeper/store/zookeeper/20161214T112820.000Z/results.edn
2016-12-14 11:28:45,921{GMT}	INFO	[main] jepsen.core: {:perf
 {:latency-graph {:valid? true},
  :rate-graph {:valid? true},
  :valid? true},
 :html {:valid? true},
 :linear
 {:valid? false,
  :configs
  ({:model {:value 0},
    :last-op
    {:type :ok,
     :f :write,
     :value 0,
     :process 1,
     :time 6119515312,
     :index 52},
    :pending
    [{:type :invoke,
      :f :read,
      :value 4,
      :process 2,
      :time 6488711244,
      :index 53}]}),
  :final-paths
  ([{:op
     {:type :ok,
      :f :write,
      :value 0,
      :process 1,
      :time 6119515312,
      :index 52},
     :model {:value 0}}
    {:op
     {:type :ok,
      :f :read,
      :value 4,
      :process 2,
      :time 6489950109,
      :index 54},
     :model {:msg "can't read 4 from register 0"}}]),
  :previous-ok
  {:type :ok,
   :f :write,
   :value 0,
   :process 1,
   :time 6119515312,
   :index 52},
  :last-op
  {:type :ok,
   :f :write,
   :value 0,
   :process 1,
   :time 6119515312,
   :index 52},
  :op
  {:type :ok,
   :f :read,
   :value 4,
   :process 2,
   :time 6489950109,
   :index 54}},
 :valid? false}


Analysis invalid! ( 
