2016-12-13 15:23:57,521 - INFO  [main:QuorumPeerConfig@101] - Reading configuration from: /etc/zookeeper/conf/zoo.cfg
2016-12-13 15:23:57,525 - INFO  [main:QuorumPeerConfig@334] - Defaulting to majority quorums
2016-12-13 15:23:57,531 - INFO  [main:DatadirCleanupManager@78] - autopurge.snapRetainCount set to 3
2016-12-13 15:23:57,531 - INFO  [main:DatadirCleanupManager@79] - autopurge.purgeInterval set to 0
2016-12-13 15:23:57,532 - INFO  [main:DatadirCleanupManager@101] - Purge task is not scheduled.
2016-12-13 15:23:57,547 - INFO  [main:QuorumPeerMain@127] - Starting quorum peer
2016-12-13 15:23:57,562 - INFO  [main:NIOServerCnxnFactory@94] - binding to port 0.0.0.0/0.0.0.0:2181
2016-12-13 15:23:57,590 - INFO  [main:QuorumPeer@913] - tickTime set to 2000
2016-12-13 15:23:57,590 - INFO  [main:QuorumPeer@933] - minSessionTimeout set to -1
2016-12-13 15:23:57,590 - INFO  [main:QuorumPeer@944] - maxSessionTimeout set to -1
2016-12-13 15:23:57,590 - INFO  [main:QuorumPeer@959] - initLimit set to 10
2016-12-13 15:23:57,608 - INFO  [main:QuorumPeer@429] - currentEpoch not found! Creating with a reasonable default of 0. This should only happen when you are upgrading your installation
2016-12-13 15:23:57,648 - INFO  [main:QuorumPeer@444] - acceptedEpoch not found! Creating with a reasonable default of 0. This should only happen when you are upgrading your installation
2016-12-13 15:23:57,656 - INFO  [Thread-1:QuorumCnxManager$Listener@486] - My election bind port: 0.0.0.0/0.0.0.0:3888
2016-12-13 15:23:57,668 - INFO  [QuorumPeer[myid=4]/0:0:0:0:0:0:0:0:2181:QuorumPeer@670] - LOOKING
2016-12-13 15:23:57,669 - INFO  [QuorumPeer[myid=4]/0:0:0:0:0:0:0:0:2181:FastLeaderElection@740] - New election. My id =  4, proposed zxid=0x0
2016-12-13 15:23:57,680 - INFO  [w5/192.168.4.105:3888:QuorumCnxManager$Listener@493] - Received connection request /192.168.4.102:30020
2016-12-13 15:23:57,712 - INFO  [w5/192.168.4.105:3888:QuorumCnxManager$Listener@493] - Received connection request /192.168.4.103:42088
2016-12-13 15:23:57,712 - INFO  [WorkerReceiver[myid=4]:FastLeaderElection@542] - Notification: 3 (n.leader), 0x0 (n.zxid), 0x1 (n.round), LOOKING (n.state), 0 (n.sid), 0x0 (n.peerEPoch), LOOKING (my state)
2016-12-13 15:23:57,713 - INFO  [WorkerReceiver[myid=4]:FastLeaderElection@542] - Notification: 4 (n.leader), 0x0 (n.zxid), 0x1 (n.round), LOOKING (n.state), 0 (n.sid), 0x0 (n.peerEPoch), LOOKING (my state)
2016-12-13 15:23:57,713 - INFO  [WorkerReceiver[myid=4]:FastLeaderElection@542] - Notification: 4 (n.leader), 0x0 (n.zxid), 0x1 (n.round), LOOKING (n.state), 2 (n.sid), 0x0 (n.peerEPoch), LOOKING (my state)
2016-12-13 15:23:57,714 - INFO  [w5/192.168.4.105:3888:QuorumCnxManager$Listener@493] - Received connection request /192.168.4.101:47775
2016-12-13 15:23:57,714 - INFO  [WorkerReceiver[myid=4]:FastLeaderElection@542] - Notification: 4 (n.leader), 0x0 (n.zxid), 0x1 (n.round), LOOKING (n.state), 4 (n.sid), 0x0 (n.peerEPoch), LOOKING (my state)
2016-12-13 15:23:57,715 - WARN  [SendWorker:0:QuorumCnxManager$SendWorker@679] - Interrupted while waiting for message on queue
java.lang.InterruptedException
	at java.util.concurrent.locks.AbstractQueuedSynchronizer$ConditionObject.reportInterruptAfterWait(AbstractQueuedSynchronizer.java:2014)
	at java.util.concurrent.locks.AbstractQueuedSynchronizer$ConditionObject.awaitNanos(AbstractQueuedSynchronizer.java:2088)
	at java.util.concurrent.ArrayBlockingQueue.poll(ArrayBlockingQueue.java:418)
	at org.apache.zookeeper.server.quorum.QuorumCnxManager.pollSendQueue(QuorumCnxManager.java:831)
	at org.apache.zookeeper.server.quorum.QuorumCnxManager.access$500(QuorumCnxManager.java:62)
	at org.apache.zookeeper.server.quorum.QuorumCnxManager$SendWorker.run(QuorumCnxManager.java:667)
2016-12-13 15:23:57,726 - WARN  [RecvWorker:0:QuorumCnxManager$RecvWorker@762] - Connection broken for id 0, my id = 4, error = 
java.net.SocketException: Socket closed
	at java.net.SocketInputStream.socketRead0(Native Method)
	at java.net.SocketInputStream.socketRead(SocketInputStream.java:116)
	at java.net.SocketInputStream.read(SocketInputStream.java:170)
	at java.net.SocketInputStream.read(SocketInputStream.java:141)
	at java.net.SocketInputStream.read(SocketInputStream.java:223)
	at java.io.DataInputStream.readInt(DataInputStream.java:387)
	at org.apache.zookeeper.server.quorum.QuorumCnxManager$RecvWorker.run(QuorumCnxManager.java:747)
2016-12-13 15:23:57,747 - WARN  [RecvWorker:0:QuorumCnxManager$RecvWorker@765] - Interrupting SendWorker
2016-12-13 15:23:57,748 - WARN  [SendWorker:0:QuorumCnxManager$SendWorker@688] - Send worker leaving thread
2016-12-13 15:23:57,716 - INFO  [WorkerReceiver[myid=4]:FastLeaderElection@542] - Notification: 4 (n.leader), 0x0 (n.zxid), 0x1 (n.round), LOOKING (n.state), 3 (n.sid), 0x0 (n.peerEPoch), LOOKING (my state)
2016-12-13 15:23:57,716 - INFO  [w5/192.168.4.105:3888:QuorumCnxManager$Listener@493] - Received connection request /192.168.4.101:47777
2016-12-13 15:23:57,749 - WARN  [SendWorker:0:QuorumCnxManager$SendWorker@679] - Interrupted while waiting for message on queue
java.lang.InterruptedException
	at java.util.concurrent.locks.AbstractQueuedSynchronizer$ConditionObject.reportInterruptAfterWait(AbstractQueuedSynchronizer.java:2014)
	at java.util.concurrent.locks.AbstractQueuedSynchronizer$ConditionObject.awaitNanos(AbstractQueuedSynchronizer.java:2088)
	at java.util.concurrent.ArrayBlockingQueue.poll(ArrayBlockingQueue.java:418)
	at org.apache.zookeeper.server.quorum.QuorumCnxManager.pollSendQueue(QuorumCnxManager.java:831)
	at org.apache.zookeeper.server.quorum.QuorumCnxManager.access$500(QuorumCnxManager.java:62)
	at org.apache.zookeeper.server.quorum.QuorumCnxManager$SendWorker.run(QuorumCnxManager.java:667)
2016-12-13 15:23:57,749 - WARN  [SendWorker:0:QuorumCnxManager$SendWorker@688] - Send worker leaving thread
2016-12-13 15:23:57,750 - WARN  [RecvWorker:0:QuorumCnxManager$RecvWorker@762] - Connection broken for id 0, my id = 4, error = 
java.net.SocketException: Socket closed
	at java.net.SocketInputStream.socketRead0(Native Method)
	at java.net.SocketInputStream.socketRead(SocketInputStream.java:116)
	at java.net.SocketInputStream.read(SocketInputStream.java:170)
	at java.net.SocketInputStream.read(SocketInputStream.java:141)
	at java.net.SocketInputStream.read(SocketInputStream.java:223)
	at java.io.DataInputStream.readInt(DataInputStream.java:387)
	at org.apache.zookeeper.server.quorum.QuorumCnxManager$RecvWorker.run(QuorumCnxManager.java:747)
2016-12-13 15:23:57,750 - WARN  [RecvWorker:0:QuorumCnxManager$RecvWorker@765] - Interrupting SendWorker
2016-12-13 15:23:57,751 - INFO  [w5/192.168.4.105:3888:QuorumCnxManager$Listener@493] - Received connection request /192.168.4.101:47779
2016-12-13 15:23:57,751 - WARN  [SendWorker:0:QuorumCnxManager$SendWorker@679] - Interrupted while waiting for message on queue
java.lang.InterruptedException
	at java.util.concurrent.locks.AbstractQueuedSynchronizer$ConditionObject.reportInterruptAfterWait(AbstractQueuedSynchronizer.java:2014)
	at java.util.concurrent.locks.AbstractQueuedSynchronizer$ConditionObject.awaitNanos(AbstractQueuedSynchronizer.java:2088)
	at java.util.concurrent.ArrayBlockingQueue.poll(ArrayBlockingQueue.java:418)
	at org.apache.zookeeper.server.quorum.QuorumCnxManager.pollSendQueue(QuorumCnxManager.java:831)
	at org.apache.zookeeper.server.quorum.QuorumCnxManager.access$500(QuorumCnxManager.java:62)
	at org.apache.zookeeper.server.quorum.QuorumCnxManager$SendWorker.run(QuorumCnxManager.java:667)
2016-12-13 15:23:57,752 - WARN  [SendWorker:0:QuorumCnxManager$SendWorker@688] - Send worker leaving thread
2016-12-13 15:23:57,751 - WARN  [RecvWorker:0:QuorumCnxManager$RecvWorker@765] - Interrupting SendWorker
2016-12-13 15:23:57,752 - INFO  [w5/192.168.4.105:3888:QuorumCnxManager$Listener@493] - Received connection request /192.168.4.103:42090
2016-12-13 15:23:57,752 - WARN  [RecvWorker:2:QuorumCnxManager$RecvWorker@762] - Connection broken for id 2, my id = 4, error = 
java.net.SocketException: Socket closed
	at java.net.SocketInputStream.socketRead0(Native Method)
	at java.net.SocketInputStream.socketRead(SocketInputStream.java:116)
	at java.net.SocketInputStream.read(SocketInputStream.java:170)
	at java.net.SocketInputStream.read(SocketInputStream.java:141)
	at java.net.SocketInputStream.read(SocketInputStream.java:223)
	at java.io.DataInputStream.readInt(DataInputStream.java:387)
	at org.apache.zookeeper.server.quorum.QuorumCnxManager$RecvWorker.run(QuorumCnxManager.java:747)
2016-12-13 15:23:57,753 - WARN  [RecvWorker:2:QuorumCnxManager$RecvWorker@765] - Interrupting SendWorker
2016-12-13 15:23:57,753 - WARN  [SendWorker:2:QuorumCnxManager$SendWorker@679] - Interrupted while waiting for message on queue
java.lang.InterruptedException
	at java.util.concurrent.locks.AbstractQueuedSynchronizer$ConditionObject.reportInterruptAfterWait(AbstractQueuedSynchronizer.java:2014)
	at java.util.concurrent.locks.AbstractQueuedSynchronizer$ConditionObject.awaitNanos(AbstractQueuedSynchronizer.java:2088)
	at java.util.concurrent.ArrayBlockingQueue.poll(ArrayBlockingQueue.java:418)
	at org.apache.zookeeper.server.quorum.QuorumCnxManager.pollSendQueue(QuorumCnxManager.java:831)
	at org.apache.zookeeper.server.quorum.QuorumCnxManager.access$500(QuorumCnxManager.java:62)
	at org.apache.zookeeper.server.quorum.QuorumCnxManager$SendWorker.run(QuorumCnxManager.java:667)
2016-12-13 15:23:57,753 - WARN  [SendWorker:2:QuorumCnxManager$SendWorker@688] - Send worker leaving thread
2016-12-13 15:23:57,755 - INFO  [w5/192.168.4.105:3888:QuorumCnxManager$Listener@493] - Received connection request /192.168.4.101:47781
2016-12-13 15:23:57,756 - WARN  [RecvWorker:0:QuorumCnxManager$RecvWorker@762] - Connection broken for id 0, my id = 4, error = 
java.net.SocketException: Socket closed
	at java.net.SocketInputStream.socketRead0(Native Method)
	at java.net.SocketInputStream.socketRead(SocketInputStream.java:116)
	at java.net.SocketInputStream.read(SocketInputStream.java:170)
	at java.net.SocketInputStream.read(SocketInputStream.java:141)
	at java.net.SocketInputStream.read(SocketInputStream.java:223)
	at java.io.DataInputStream.readInt(DataInputStream.java:387)
	at org.apache.zookeeper.server.quorum.QuorumCnxManager$RecvWorker.run(QuorumCnxManager.java:747)
2016-12-13 15:23:57,756 - WARN  [RecvWorker:0:QuorumCnxManager$RecvWorker@765] - Interrupting SendWorker
2016-12-13 15:23:57,756 - WARN  [SendWorker:0:QuorumCnxManager$SendWorker@679] - Interrupted while waiting for message on queue
java.lang.InterruptedException
	at java.util.concurrent.locks.AbstractQueuedSynchronizer$ConditionObject.reportInterruptAfterWait(AbstractQueuedSynchronizer.java:2014)
	at java.util.concurrent.locks.AbstractQueuedSynchronizer$ConditionObject.awaitNanos(AbstractQueuedSynchronizer.java:2088)
	at java.util.concurrent.ArrayBlockingQueue.poll(ArrayBlockingQueue.java:418)
	at org.apache.zookeeper.server.quorum.QuorumCnxManager.pollSendQueue(QuorumCnxManager.java:831)
	at org.apache.zookeeper.server.quorum.QuorumCnxManager.access$500(QuorumCnxManager.java:62)
	at org.apache.zookeeper.server.quorum.QuorumCnxManager$SendWorker.run(QuorumCnxManager.java:667)
2016-12-13 15:23:57,757 - WARN  [SendWorker:0:QuorumCnxManager$SendWorker@688] - Send worker leaving thread
2016-12-13 15:23:57,758 - INFO  [w5/192.168.4.105:3888:QuorumCnxManager$Listener@493] - Received connection request /192.168.4.104:48935
2016-12-13 15:23:57,758 - WARN  [SendWorker:3:QuorumCnxManager$SendWorker@679] - Interrupted while waiting for message on queue
java.lang.InterruptedException
	at java.util.concurrent.locks.AbstractQueuedSynchronizer$ConditionObject.reportInterruptAfterWait(AbstractQueuedSynchronizer.java:2014)
	at java.util.concurrent.locks.AbstractQueuedSynchronizer$ConditionObject.awaitNanos(AbstractQueuedSynchronizer.java:2088)
	at java.util.concurrent.ArrayBlockingQueue.poll(ArrayBlockingQueue.java:418)
	at org.apache.zookeeper.server.quorum.QuorumCnxManager.pollSendQueue(QuorumCnxManager.java:831)
	at org.apache.zookeeper.server.quorum.QuorumCnxManager.access$500(QuorumCnxManager.java:62)
	at org.apache.zookeeper.server.quorum.QuorumCnxManager$SendWorker.run(QuorumCnxManager.java:667)
2016-12-13 15:23:57,758 - WARN  [SendWorker:3:QuorumCnxManager$SendWorker@688] - Send worker leaving thread
2016-12-13 15:23:57,759 - WARN  [RecvWorker:3:QuorumCnxManager$RecvWorker@762] - Connection broken for id 3, my id = 4, error = 
java.net.SocketException: Socket closed
	at java.net.SocketInputStream.socketRead0(Native Method)
	at java.net.SocketInputStream.socketRead(SocketInputStream.java:116)
	at java.net.SocketInputStream.read(SocketInputStream.java:170)
	at java.net.SocketInputStream.read(SocketInputStream.java:141)
	at java.net.SocketInputStream.read(SocketInputStream.java:223)
	at java.io.DataInputStream.readInt(DataInputStream.java:387)
	at org.apache.zookeeper.server.quorum.QuorumCnxManager$RecvWorker.run(QuorumCnxManager.java:747)
2016-12-13 15:23:57,760 - WARN  [RecvWorker:3:QuorumCnxManager$RecvWorker@765] - Interrupting SendWorker
2016-12-13 15:23:57,760 - INFO  [w5/192.168.4.105:3888:QuorumCnxManager$Listener@493] - Received connection request /192.168.4.103:42091
2016-12-13 15:23:57,761 - WARN  [SendWorker:2:QuorumCnxManager$SendWorker@679] - Interrupted while waiting for message on queue
java.lang.InterruptedException
	at java.util.concurrent.locks.AbstractQueuedSynchronizer$ConditionObject.reportInterruptAfterWait(AbstractQueuedSynchronizer.java:2014)
	at java.util.concurrent.locks.AbstractQueuedSynchronizer$ConditionObject.awaitNanos(AbstractQueuedSynchronizer.java:2088)
	at java.util.concurrent.ArrayBlockingQueue.poll(ArrayBlockingQueue.java:418)
	at org.apache.zookeeper.server.quorum.QuorumCnxManager.pollSendQueue(QuorumCnxManager.java:831)
	at org.apache.zookeeper.server.quorum.QuorumCnxManager.access$500(QuorumCnxManager.java:62)
	at org.apache.zookeeper.server.quorum.QuorumCnxManager$SendWorker.run(QuorumCnxManager.java:667)
2016-12-13 15:23:57,763 - INFO  [w5/192.168.4.105:3888:QuorumCnxManager$Listener@493] - Received connection request /192.168.4.104:48938
2016-12-13 15:23:57,763 - WARN  [SendWorker:3:QuorumCnxManager$SendWorker@679] - Interrupted while waiting for message on queue
java.lang.InterruptedException
	at java.util.concurrent.locks.AbstractQueuedSynchronizer$ConditionObject.reportInterruptAfterWait(AbstractQueuedSynchronizer.java:2014)
	at java.util.concurrent.locks.AbstractQueuedSynchronizer$ConditionObject.awaitNanos(AbstractQueuedSynchronizer.java:2088)
	at java.util.concurrent.ArrayBlockingQueue.poll(ArrayBlockingQueue.java:418)
	at org.apache.zookeeper.server.quorum.QuorumCnxManager.pollSendQueue(QuorumCnxManager.java:831)
	at org.apache.zookeeper.server.quorum.QuorumCnxManager.access$500(QuorumCnxManager.java:62)
	at org.apache.zookeeper.server.quorum.QuorumCnxManager$SendWorker.run(QuorumCnxManager.java:667)
2016-12-13 15:23:57,764 - WARN  [SendWorker:3:QuorumCnxManager$SendWorker@688] - Send worker leaving thread
2016-12-13 15:23:57,762 - WARN  [RecvWorker:2:QuorumCnxManager$RecvWorker@765] - Interrupting SendWorker
2016-12-13 15:23:57,764 - WARN  [SendWorker:2:QuorumCnxManager$SendWorker@688] - Send worker leaving thread
2016-12-13 15:23:57,764 - WARN  [RecvWorker:3:QuorumCnxManager$RecvWorker@762] - Connection broken for id 3, my id = 4, error = 
java.net.SocketException: Socket closed
	at java.net.SocketInputStream.socketRead0(Native Method)
	at java.net.SocketInputStream.socketRead(SocketInputStream.java:116)
	at java.net.SocketInputStream.read(SocketInputStream.java:170)
	at java.net.SocketInputStream.read(SocketInputStream.java:141)
	at java.net.SocketInputStream.read(SocketInputStream.java:223)
	at java.io.DataInputStream.readInt(DataInputStream.java:388)
	at org.apache.zookeeper.server.quorum.QuorumCnxManager$RecvWorker.run(QuorumCnxManager.java:747)
2016-12-13 15:23:57,765 - WARN  [RecvWorker:3:QuorumCnxManager$RecvWorker@765] - Interrupting SendWorker
2016-12-13 15:23:57,766 - INFO  [WorkerReceiver[myid=4]:FastLeaderElection@542] - Notification: 4 (n.leader), 0x0 (n.zxid), 0x1 (n.round), LOOKING (n.state), 3 (n.sid), 0x0 (n.peerEPoch), LOOKING (my state)
2016-12-13 15:23:57,791 - INFO  [WorkerReceiver[myid=4]:FastLeaderElection@542] - Notification: 4 (n.leader), 0x0 (n.zxid), 0x1 (n.round), LOOKING (n.state), 2 (n.sid), 0x0 (n.peerEPoch), LOOKING (my state)
2016-12-13 15:23:57,795 - INFO  [WorkerReceiver[myid=4]:FastLeaderElection@542] - Notification: 4 (n.leader), 0x0 (n.zxid), 0x1 (n.round), LOOKING (n.state), 0 (n.sid), 0x0 (n.peerEPoch), LOOKING (my state)
2016-12-13 15:23:57,808 - INFO  [w5/192.168.4.105:3888:QuorumCnxManager$Listener@493] - Received connection request /192.168.4.102:30022
2016-12-13 15:23:57,808 - WARN  [RecvWorker:1:QuorumCnxManager$RecvWorker@762] - Connection broken for id 1, my id = 4, error = 
java.net.SocketException: Socket closed
	at java.net.SocketInputStream.socketRead0(Native Method)
	at java.net.SocketInputStream.socketRead(SocketInputStream.java:116)
	at java.net.SocketInputStream.read(SocketInputStream.java:170)
	at java.net.SocketInputStream.read(SocketInputStream.java:141)
	at java.net.SocketInputStream.read(SocketInputStream.java:223)
	at java.io.DataInputStream.readInt(DataInputStream.java:387)
	at org.apache.zookeeper.server.quorum.QuorumCnxManager$RecvWorker.run(QuorumCnxManager.java:747)
2016-12-13 15:23:57,808 - WARN  [RecvWorker:1:QuorumCnxManager$RecvWorker@765] - Interrupting SendWorker
2016-12-13 15:23:57,808 - WARN  [SendWorker:1:QuorumCnxManager$SendWorker@679] - Interrupted while waiting for message on queue
java.lang.InterruptedException
	at java.util.concurrent.locks.AbstractQueuedSynchronizer$ConditionObject.reportInterruptAfterWait(AbstractQueuedSynchronizer.java:2014)
	at java.util.concurrent.locks.AbstractQueuedSynchronizer$ConditionObject.awaitNanos(AbstractQueuedSynchronizer.java:2088)
	at java.util.concurrent.ArrayBlockingQueue.poll(ArrayBlockingQueue.java:418)
	at org.apache.zookeeper.server.quorum.QuorumCnxManager.pollSendQueue(QuorumCnxManager.java:831)
	at org.apache.zookeeper.server.quorum.QuorumCnxManager.access$500(QuorumCnxManager.java:62)
	at org.apache.zookeeper.server.quorum.QuorumCnxManager$SendWorker.run(QuorumCnxManager.java:667)
2016-12-13 15:23:57,809 - WARN  [SendWorker:1:QuorumCnxManager$SendWorker@688] - Send worker leaving thread
2016-12-13 15:23:57,810 - INFO  [w5/192.168.4.105:3888:QuorumCnxManager$Listener@493] - Received connection request /192.168.4.102:30024
2016-12-13 15:23:57,811 - WARN  [RecvWorker:1:QuorumCnxManager$RecvWorker@762] - Connection broken for id 1, my id = 4, error = 
java.net.SocketException: Socket closed
	at java.net.SocketInputStream.socketRead0(Native Method)
	at java.net.SocketInputStream.socketRead(SocketInputStream.java:116)
	at java.net.SocketInputStream.read(SocketInputStream.java:170)
	at java.net.SocketInputStream.read(SocketInputStream.java:141)
	at java.net.SocketInputStream.read(SocketInputStream.java:223)
	at java.io.DataInputStream.readInt(DataInputStream.java:387)
	at org.apache.zookeeper.server.quorum.QuorumCnxManager$RecvWorker.run(QuorumCnxManager.java:747)
2016-12-13 15:23:57,812 - WARN  [RecvWorker:1:QuorumCnxManager$RecvWorker@765] - Interrupting SendWorker
2016-12-13 15:23:57,812 - INFO  [w5/192.168.4.105:3888:QuorumCnxManager$Listener@493] - Received connection request /192.168.4.102:30025
2016-12-13 15:23:57,813 - WARN  [SendWorker:1:QuorumCnxManager$SendWorker@679] - Interrupted while waiting for message on queue
java.lang.InterruptedException
	at java.util.concurrent.locks.AbstractQueuedSynchronizer$ConditionObject.reportInterruptAfterWait(AbstractQueuedSynchronizer.java:2014)
	at java.util.concurrent.locks.AbstractQueuedSynchronizer$ConditionObject.awaitNanos(AbstractQueuedSynchronizer.java:2088)
	at java.util.concurrent.ArrayBlockingQueue.poll(ArrayBlockingQueue.java:418)
	at org.apache.zookeeper.server.quorum.QuorumCnxManager.pollSendQueue(QuorumCnxManager.java:831)
	at org.apache.zookeeper.server.quorum.QuorumCnxManager.access$500(QuorumCnxManager.java:62)
	at org.apache.zookeeper.server.quorum.QuorumCnxManager$SendWorker.run(QuorumCnxManager.java:667)
2016-12-13 15:23:57,813 - WARN  [SendWorker:1:QuorumCnxManager$SendWorker@688] - Send worker leaving thread
2016-12-13 15:23:57,814 - WARN  [RecvWorker:1:QuorumCnxManager$RecvWorker@762] - Connection broken for id 1, my id = 4, error = 
java.net.SocketException: Socket closed
	at java.net.SocketInputStream.socketRead0(Native Method)
	at java.net.SocketInputStream.socketRead(SocketInputStream.java:116)
	at java.net.SocketInputStream.read(SocketInputStream.java:170)
	at java.net.SocketInputStream.read(SocketInputStream.java:141)
	at java.net.SocketInputStream.read(SocketInputStream.java:223)
	at java.io.DataInputStream.readInt(DataInputStream.java:387)
	at org.apache.zookeeper.server.quorum.QuorumCnxManager$RecvWorker.run(QuorumCnxManager.java:747)
2016-12-13 15:23:57,815 - WARN  [RecvWorker:1:QuorumCnxManager$RecvWorker@765] - Interrupting SendWorker
2016-12-13 15:23:57,811 - WARN  [SendWorker:1:QuorumCnxManager$SendWorker@679] - Interrupted while waiting for message on queue
java.lang.InterruptedException
	at java.util.concurrent.locks.AbstractQueuedSynchronizer$ConditionObject.reportInterruptAfterWait(AbstractQueuedSynchronizer.java:2014)
	at java.util.concurrent.locks.AbstractQueuedSynchronizer$ConditionObject.awaitNanos(AbstractQueuedSynchronizer.java:2088)
	at java.util.concurrent.ArrayBlockingQueue.poll(ArrayBlockingQueue.java:418)
	at org.apache.zookeeper.server.quorum.QuorumCnxManager.pollSendQueue(QuorumCnxManager.java:831)
	at org.apache.zookeeper.server.quorum.QuorumCnxManager.access$500(QuorumCnxManager.java:62)
	at org.apache.zookeeper.server.quorum.QuorumCnxManager$SendWorker.run(QuorumCnxManager.java:667)
2016-12-13 15:23:57,815 - WARN  [SendWorker:1:QuorumCnxManager$SendWorker@688] - Send worker leaving thread
2016-12-13 15:23:57,824 - INFO  [WorkerReceiver[myid=4]:FastLeaderElection@542] - Notification: 4 (n.leader), 0x0 (n.zxid), 0x1 (n.round), LOOKING (n.state), 1 (n.sid), 0x0 (n.peerEPoch), LOOKING (my state)
2016-12-13 15:23:58,025 - INFO  [QuorumPeer[myid=4]/0:0:0:0:0:0:0:0:2181:QuorumPeer@750] - LEADING
2016-12-13 15:23:58,028 - INFO  [QuorumPeer[myid=4]/0:0:0:0:0:0:0:0:2181:Leader@58] - TCP NoDelay set to: true
2016-12-13 15:23:58,042 - INFO  [QuorumPeer[myid=4]/0:0:0:0:0:0:0:0:2181:Environment@100] - Server environment:zookeeper.version=3.4.5--1, built on 03/16/2014 21:36 GMT
2016-12-13 15:23:58,042 - INFO  [QuorumPeer[myid=4]/0:0:0:0:0:0:0:0:2181:Environment@100] - Server environment:host.name=w5
2016-12-13 15:23:58,042 - INFO  [QuorumPeer[myid=4]/0:0:0:0:0:0:0:0:2181:Environment@100] - Server environment:java.version=1.8.0_111
2016-12-13 15:23:58,042 - INFO  [QuorumPeer[myid=4]/0:0:0:0:0:0:0:0:2181:Environment@100] - Server environment:java.vendor=Oracle Corporation
2016-12-13 15:23:58,042 - INFO  [QuorumPeer[myid=4]/0:0:0:0:0:0:0:0:2181:Environment@100] - Server environment:java.home=/usr/lib/jvm/java-8-oracle/jre
2016-12-13 15:23:58,042 - INFO  [QuorumPeer[myid=4]/0:0:0:0:0:0:0:0:2181:Environment@100] - Server environment:java.class.path=/etc/zookeeper/conf:/usr/share/java/jline.jar:/usr/share/java/log4j-1.2.jar:/usr/share/java/xercesImpl.jar:/usr/share/java/xmlParserAPIs.jar:/usr/share/java/netty.jar:/usr/share/java/slf4j-api.jar:/usr/share/java/slf4j-log4j12.jar:/usr/share/java/zookeeper.jar
2016-12-13 15:23:58,042 - INFO  [QuorumPeer[myid=4]/0:0:0:0:0:0:0:0:2181:Environment@100] - Server environment:java.library.path=/usr/java/packages/lib/amd64:/usr/lib64:/lib64:/lib:/usr/lib
2016-12-13 15:23:58,043 - INFO  [QuorumPeer[myid=4]/0:0:0:0:0:0:0:0:2181:Environment@100] - Server environment:java.io.tmpdir=/tmp
2016-12-13 15:23:58,043 - INFO  [QuorumPeer[myid=4]/0:0:0:0:0:0:0:0:2181:Environment@100] - Server environment:java.compiler=<NA>
2016-12-13 15:23:58,043 - INFO  [QuorumPeer[myid=4]/0:0:0:0:0:0:0:0:2181:Environment@100] - Server environment:os.name=Linux
2016-12-13 15:23:58,043 - INFO  [QuorumPeer[myid=4]/0:0:0:0:0:0:0:0:2181:Environment@100] - Server environment:os.arch=amd64
2016-12-13 15:23:58,043 - INFO  [QuorumPeer[myid=4]/0:0:0:0:0:0:0:0:2181:Environment@100] - Server environment:os.version=3.16.0-4-amd64
2016-12-13 15:23:58,043 - INFO  [QuorumPeer[myid=4]/0:0:0:0:0:0:0:0:2181:Environment@100] - Server environment:user.name=zookeeper
2016-12-13 15:23:58,043 - INFO  [QuorumPeer[myid=4]/0:0:0:0:0:0:0:0:2181:Environment@100] - Server environment:user.home=/var/lib/zookeeper
2016-12-13 15:23:58,043 - INFO  [QuorumPeer[myid=4]/0:0:0:0:0:0:0:0:2181:Environment@100] - Server environment:user.dir=/
2016-12-13 15:23:58,045 - INFO  [QuorumPeer[myid=4]/0:0:0:0:0:0:0:0:2181:ZooKeeperServer@162] - Created server with tickTime 2000 minSessionTimeout 4000 maxSessionTimeout 40000 datadir /var/lib/zookeeper/version-2 snapdir /var/lib/zookeeper/version-2
2016-12-13 15:23:58,066 - INFO  [QuorumPeer[myid=4]/0:0:0:0:0:0:0:0:2181:Leader@345] - LEADING - LEADER ELECTION TOOK - 397
2016-12-13 15:23:58,069 - INFO  [QuorumPeer[myid=4]/0:0:0:0:0:0:0:0:2181:FileTxnSnapLog@240] - Snapshotting: 0x0 to /var/lib/zookeeper/version-2/snapshot.0
2016-12-13 15:23:59,054 - INFO  [LearnerHandler-/192.168.4.103:56071:LearnerHandler@263] - Follower sid: 2 : info : org.apache.zookeeper.server.quorum.QuorumPeer$QuorumServer@6e1fa562
2016-12-13 15:23:59,067 - INFO  [LearnerHandler-/192.168.4.101:46005:LearnerHandler@263] - Follower sid: 0 : info : org.apache.zookeeper.server.quorum.QuorumPeer$QuorumServer@2d9fdadb
2016-12-13 15:23:59,069 - INFO  [LearnerHandler-/192.168.4.104:44136:LearnerHandler@263] - Follower sid: 3 : info : org.apache.zookeeper.server.quorum.QuorumPeer$QuorumServer@5b2da632
2016-12-13 15:23:59,071 - INFO  [LearnerHandler-/192.168.4.102:48107:LearnerHandler@263] - Follower sid: 1 : info : org.apache.zookeeper.server.quorum.QuorumPeer$QuorumServer@666f9f69
2016-12-13 15:23:59,088 - INFO  [LearnerHandler-/192.168.4.101:46005:LearnerHandler@318] - Synchronizing with Follower sid: 0 maxCommittedLog=0x0 minCommittedLog=0x0 peerLastZxid=0x0
2016-12-13 15:23:59,088 - INFO  [LearnerHandler-/192.168.4.101:46005:LearnerHandler@395] - Sending DIFF
2016-12-13 15:23:59,088 - INFO  [LearnerHandler-/192.168.4.102:48107:LearnerHandler@318] - Synchronizing with Follower sid: 1 maxCommittedLog=0x0 minCommittedLog=0x0 peerLastZxid=0x0
2016-12-13 15:23:59,088 - INFO  [LearnerHandler-/192.168.4.102:48107:LearnerHandler@395] - Sending DIFF
2016-12-13 15:23:59,097 - WARN  [LearnerHandler-/192.168.4.102:48107:Leader@574] - Commiting zxid 0x100000000 from /192.168.4.105:2888 not first!
2016-12-13 15:23:59,097 - WARN  [LearnerHandler-/192.168.4.102:48107:Leader@576] - First is 0x0
2016-12-13 15:23:59,098 - INFO  [LearnerHandler-/192.168.4.102:48107:Leader@598] - Have quorum of supporters; starting up and setting last processed zxid: 0x100000000
2016-12-13 15:23:59,115 - INFO  [LearnerHandler-/192.168.4.103:56071:LearnerHandler@318] - Synchronizing with Follower sid: 2 maxCommittedLog=0x0 minCommittedLog=0x0 peerLastZxid=0x0
2016-12-13 15:23:59,115 - INFO  [LearnerHandler-/192.168.4.103:56071:LearnerHandler@395] - Sending DIFF
2016-12-13 15:23:59,118 - INFO  [LearnerHandler-/192.168.4.104:44136:LearnerHandler@318] - Synchronizing with Follower sid: 3 maxCommittedLog=0x0 minCommittedLog=0x0 peerLastZxid=0x0
2016-12-13 15:23:59,118 - INFO  [LearnerHandler-/192.168.4.104:44136:LearnerHandler@395] - Sending DIFF
