2016-12-13 14:36:38,387{GMT}	INFO	[jepsen node w1] jepsen.os.debian: w1 setting up debian
2016-12-13 14:36:38,387{GMT}	INFO	[jepsen node w4] jepsen.os.debian: w4 setting up debian
2016-12-13 14:36:38,387{GMT}	INFO	[jepsen node w2] jepsen.os.debian: w2 setting up debian
2016-12-13 14:36:38,387{GMT}	INFO	[jepsen node w3] jepsen.os.debian: w3 setting up debian
2016-12-13 14:36:38,388{GMT}	INFO	[jepsen node w5] jepsen.os.debian: w5 setting up debian
2016-12-13 14:36:39,103{GMT}	INFO	[jepsen node w1] jepsen.zookeeper: Tearing down ZK on w1
2016-12-13 14:36:39,103{GMT}	INFO	[jepsen node w2] jepsen.zookeeper: Tearing down ZK on w2
2016-12-13 14:36:39,103{GMT}	INFO	[jepsen node w3] jepsen.zookeeper: Tearing down ZK on w3
2016-12-13 14:36:39,103{GMT}	INFO	[jepsen node w4] jepsen.zookeeper: Tearing down ZK on w4
2016-12-13 14:36:39,104{GMT}	INFO	[jepsen node w5] jepsen.zookeeper: Tearing down ZK on w5
2016-12-13 14:36:39,104{GMT}	INFO	[jepsen node w1] jepsen.zookeeper: Setting up ZK on w1
2016-12-13 14:36:39,104{GMT}	INFO	[jepsen node w2] jepsen.zookeeper: Setting up ZK on w2
2016-12-13 14:36:39,104{GMT}	INFO	[jepsen node w3] jepsen.zookeeper: Setting up ZK on w3
2016-12-13 14:36:39,104{GMT}	INFO	[jepsen node w4] jepsen.zookeeper: Setting up ZK on w4
2016-12-13 14:36:39,104{GMT}	INFO	[jepsen node w5] jepsen.zookeeper: Setting up ZK on w5
2016-12-13 14:36:39,310{GMT}	INFO	[jepsen node w5] jepsen.os.debian: Installing :zookeeper-bin 3.4.5+dfsg-2
2016-12-13 14:36:39,411{GMT}	INFO	[jepsen node w1] jepsen.os.debian: Installing :zookeeperd 3.4.5+dfsg-2
2016-12-13 14:36:39,411{GMT}	INFO	[jepsen node w2] jepsen.os.debian: Installing :zookeeperd 3.4.5+dfsg-2
2016-12-13 14:36:39,412{GMT}	INFO	[jepsen node w4] jepsen.os.debian: Installing :zookeeperd 3.4.5+dfsg-2
2016-12-13 14:36:39,412{GMT}	INFO	[jepsen node w3] jepsen.os.debian: Installing :zookeeperd 3.4.5+dfsg-2
2016-12-13 14:36:41,317{GMT}	INFO	[jepsen node w4] jepsen.zookeeper: w4 node id is 3
2016-12-13 14:36:41,516{GMT}	INFO	[jepsen node w2] jepsen.zookeeper: w2 node id is 1
2016-12-13 14:36:41,917{GMT}	INFO	[jepsen node w3] jepsen.zookeeper: w3 node id is 2
2016-12-13 14:36:42,118{GMT}	INFO	[jepsen node w1] jepsen.zookeeper: w1 node id is 0
2016-12-13 14:36:42,820{GMT}	INFO	[jepsen node w5] jepsen.os.debian: Installing :zookeeperd 3.4.5+dfsg-2
2016-12-13 14:36:45,426{GMT}	INFO	[jepsen node w5] jepsen.zookeeper: w5 node id is 4
2016-12-13 14:36:45,431{GMT}	INFO	[jepsen nemesis] jepsen.core: Nemesis starting
2016-12-13 14:36:45,432{GMT}	INFO	[jepsen nemesis] jepsen.core: nemesis done
2016-12-13 14:36:45,433{GMT}	INFO	[jepsen worker 4] jepsen.core: Worker 4 starting
2016-12-13 14:36:45,433{GMT}	INFO	[jepsen worker 0] jepsen.core: Worker 0 starting
2016-12-13 14:36:45,433{GMT}	INFO	[jepsen worker 1] jepsen.core: Worker 1 starting
2016-12-13 14:36:45,433{GMT}	INFO	[jepsen worker 2] jepsen.core: Worker 2 starting
2016-12-13 14:36:45,433{GMT}	INFO	[jepsen worker 3] jepsen.core: Worker 3 starting
2016-12-13 14:36:45,433{GMT}	INFO	[jepsen worker 4] jepsen.core: Worker 4 done
2016-12-13 14:36:45,433{GMT}	INFO	[jepsen worker 1] jepsen.core: Worker 1 done
2016-12-13 14:36:45,433{GMT}	INFO	[jepsen worker 2] jepsen.core: Worker 2 done
2016-12-13 14:36:45,433{GMT}	INFO	[jepsen worker 3] jepsen.core: Worker 3 done
2016-12-13 14:36:45,434{GMT}	INFO	[jepsen worker 0] jepsen.core: Worker 0 done
2016-12-13 14:36:45,434{GMT}	INFO	[jepsen test runner] jepsen.core: Waiting for nemesis to complete
2016-12-13 14:36:45,434{GMT}	INFO	[jepsen test runner] jepsen.core: nemesis done.
2016-12-13 14:36:45,434{GMT}	INFO	[jepsen test runner] jepsen.core: Tearing down nemesis
2016-12-13 14:36:45,434{GMT}	INFO	[jepsen test runner] jepsen.core: Nemesis torn down
2016-12-13 14:36:45,435{GMT}	INFO	[jepsen test runner] jepsen.core: Run complete, writing
2016-12-13 14:36:45,452{GMT}	INFO	[jepsen node w5] jepsen.zookeeper: Tearing down ZK on w5
2016-12-13 14:36:45,452{GMT}	INFO	[jepsen node w4] jepsen.zookeeper: Tearing down ZK on w4
2016-12-13 14:36:45,452{GMT}	INFO	[jepsen node w3] jepsen.zookeeper: Tearing down ZK on w3
2016-12-13 14:36:45,452{GMT}	INFO	[jepsen node w2] jepsen.zookeeper: Tearing down ZK on w2
2016-12-13 14:36:45,452{GMT}	INFO	[jepsen node w1] jepsen.zookeeper: Tearing down ZK on w1
2016-12-13 14:36:45,459{GMT}	INFO	[jepsen test runner] jepsen.core: Analyzing
2016-12-13 14:36:45,469{GMT}	INFO	[jepsen test runner] jepsen.core: Analysis complete
2016-12-13 14:36:45,480{GMT}	INFO	[jepsen results] jepsen.store: Wrote /home/admin/jepsen.zookeeper/store/zookeeper/20161213T143637.000Z/results.edn
2016-12-13 14:36:45,485{GMT}	INFO	[main] jepsen.core: {:valid? true,
 :configs ({:model {}, :last-op nil, :pending []}),
 :final-paths ()}


Everything looks good! ヽ(‘ー`)ノ
