2016-12-13 14:03:15,715{GMT}	INFO	[jepsen nemesis] jepsen.core: Nemesis starting
2016-12-13 14:03:15,715{GMT}	INFO	[jepsen nemesis] jepsen.core: nemesis done
2016-12-13 14:03:15,716{GMT}	INFO	[jepsen worker 2] jepsen.core: Worker 2 starting
2016-12-13 14:03:15,716{GMT}	INFO	[jepsen worker 0] jepsen.core: Worker 0 starting
2016-12-13 14:03:15,716{GMT}	INFO	[jepsen worker 3] jepsen.core: Worker 3 starting
2016-12-13 14:03:15,716{GMT}	INFO	[jepsen worker 4] jepsen.core: Worker 4 starting
2016-12-13 14:03:15,717{GMT}	INFO	[jepsen worker 1] jepsen.core: Worker 1 starting
2016-12-13 14:03:15,740{GMT}	INFO	[jepsen worker 2] jepsen.core: Worker 2 done
2016-12-13 14:03:15,740{GMT}	INFO	[jepsen worker 0] jepsen.core: Worker 0 done
2016-12-13 14:03:15,740{GMT}	INFO	[jepsen worker 3] jepsen.core: Worker 3 done
2016-12-13 14:03:15,740{GMT}	INFO	[jepsen worker 4] jepsen.core: Worker 4 done
2016-12-13 14:03:15,740{GMT}	INFO	[jepsen worker 1] jepsen.core: Worker 1 done
2016-12-13 14:03:15,741{GMT}	INFO	[jepsen test runner] jepsen.core: Waiting for nemesis to complete
2016-12-13 14:03:15,741{GMT}	INFO	[jepsen test runner] jepsen.core: nemesis done.
2016-12-13 14:03:15,741{GMT}	INFO	[jepsen test runner] jepsen.core: Tearing down nemesis
2016-12-13 14:03:15,741{GMT}	INFO	[jepsen test runner] jepsen.core: Nemesis torn down
2016-12-13 14:03:15,742{GMT}	INFO	[jepsen test runner] jepsen.core: Run complete, writing
2016-12-13 14:03:15,771{GMT}	INFO	[jepsen test runner] jepsen.core: Analyzing
2016-12-13 14:03:15,821{GMT}	INFO	[jepsen test runner] jepsen.core: Analysis complete
2016-12-13 14:03:15,834{GMT}	INFO	[jepsen results] jepsen.store: Wrote /home/admin/jepsen.zookeeper/store/noop/20161213T140315.000Z/results.edn
2016-12-13 14:03:15,840{GMT}	INFO	[main] jepsen.core: {:valid? true,
 :configs ({:model {}, :last-op nil, :pending []}),
 :final-paths ()}


Everything looks good! ヽ(‘ー`)ノ
