2016-12-14 10:50:01,759{GMT}	INFO	[jepsen node w1] jepsen.os.debian: w1 setting up debian
2016-12-14 10:50:01,759{GMT}	INFO	[jepsen node w5] jepsen.os.debian: w5 setting up debian
2016-12-14 10:50:01,759{GMT}	INFO	[jepsen node w3] jepsen.os.debian: w3 setting up debian
2016-12-14 10:50:01,759{GMT}	INFO	[jepsen node w2] jepsen.os.debian: w2 setting up debian
2016-12-14 10:50:01,759{GMT}	INFO	[jepsen node w4] jepsen.os.debian: w4 setting up debian
2016-12-14 10:50:02,479{GMT}	INFO	[jepsen node w2] jepsen.zookeeper: Tearing down ZK on w2
2016-12-14 10:50:02,479{GMT}	INFO	[jepsen node w4] jepsen.zookeeper: Tearing down ZK on w4
2016-12-14 10:50:02,479{GMT}	INFO	[jepsen node w1] jepsen.zookeeper: Tearing down ZK on w1
2016-12-14 10:50:02,479{GMT}	INFO	[jepsen node w5] jepsen.zookeeper: Tearing down ZK on w5
2016-12-14 10:50:02,479{GMT}	INFO	[jepsen node w3] jepsen.zookeeper: Tearing down ZK on w3
2016-12-14 10:50:02,683{GMT}	INFO	[jepsen node w3] jepsen.zookeeper: Setting up ZK on w3
2016-12-14 10:50:02,683{GMT}	INFO	[jepsen node w2] jepsen.zookeeper: Setting up ZK on w2
2016-12-14 10:50:02,683{GMT}	INFO	[jepsen node w4] jepsen.zookeeper: Setting up ZK on w4
2016-12-14 10:50:02,683{GMT}	INFO	[jepsen node w1] jepsen.zookeeper: Setting up ZK on w1
2016-12-14 10:50:02,685{GMT}	INFO	[jepsen node w5] jepsen.zookeeper: Setting up ZK on w5
2016-12-14 10:50:03,197{GMT}	INFO	[jepsen node w1] jepsen.zookeeper: w1 ZK restarting
2016-12-14 10:50:03,197{GMT}	INFO	[jepsen node w2] jepsen.zookeeper: w2 ZK restarting
2016-12-14 10:50:03,197{GMT}	INFO	[jepsen node w4] jepsen.zookeeper: w4 ZK restarting
2016-12-14 10:50:03,197{GMT}	INFO	[jepsen node w3] jepsen.zookeeper: w3 ZK restarting
2016-12-14 10:50:03,199{GMT}	INFO	[jepsen node w5] jepsen.zookeeper: w5 ZK restarting
2016-12-14 10:50:08,299{GMT}	INFO	[jepsen node w1] jepsen.zookeeper: w1 ZK ready
2016-12-14 10:50:08,299{GMT}	INFO	[jepsen node w2] jepsen.zookeeper: w2 ZK ready
2016-12-14 10:50:08,299{GMT}	INFO	[jepsen node w3] jepsen.zookeeper: w3 ZK ready
2016-12-14 10:50:08,299{GMT}	INFO	[jepsen node w4] jepsen.zookeeper: w4 ZK ready
2016-12-14 10:50:08,300{GMT}	INFO	[jepsen node w5] jepsen.zookeeper: w5 ZK ready
2016-12-14 10:50:08,305{GMT}	INFO	[clojure-agent-send-off-pool-3] org.apache.zookeeper.ZooKeeper: Initiating client connection, connectString=w1 sessionTimeout=5000 watcher=zookeeper.internal$make_watcher$reify__378@e6a15ac
2016-12-14 10:50:08,305{GMT}	INFO	[clojure-agent-send-off-pool-1] org.apache.zookeeper.ZooKeeper: Initiating client connection, connectString=w2 sessionTimeout=5000 watcher=zookeeper.internal$make_watcher$reify__378@26132810
2016-12-14 10:50:08,305{GMT}	INFO	[clojure-agent-send-off-pool-4] org.apache.zookeeper.ZooKeeper: Initiating client connection, connectString=w4 sessionTimeout=5000 watcher=zookeeper.internal$make_watcher$reify__378@2e9e9f11
2016-12-14 10:50:08,306{GMT}	INFO	[clojure-agent-send-off-pool-0] org.apache.zookeeper.ZooKeeper: Initiating client connection, connectString=w3 sessionTimeout=5000 watcher=zookeeper.internal$make_watcher$reify__378@37303e97
2016-12-14 10:50:08,306{GMT}	INFO	[clojure-agent-send-off-pool-2] org.apache.zookeeper.ZooKeeper: Initiating client connection, connectString=w5 sessionTimeout=5000 watcher=zookeeper.internal$make_watcher$reify__378@2a7b2628
2016-12-14 10:50:08,319{GMT}	INFO	[clojure-agent-send-off-pool-4-SendThread()] org.apache.zookeeper.ClientCnxn: Opening socket connection to server /192.168.4.104:2181
2016-12-14 10:50:08,319{GMT}	INFO	[clojure-agent-send-off-pool-1-SendThread()] org.apache.zookeeper.ClientCnxn: Opening socket connection to server /192.168.4.102:2181
2016-12-14 10:50:08,321{GMT}	INFO	[clojure-agent-send-off-pool-3-SendThread()] org.apache.zookeeper.ClientCnxn: Opening socket connection to server /192.168.4.101:2181
2016-12-14 10:50:08,326{GMT}	INFO	[clojure-agent-send-off-pool-2-SendThread()] org.apache.zookeeper.ClientCnxn: Opening socket connection to server /192.168.4.105:2181
2016-12-14 10:50:08,326{GMT}	INFO	[clojure-agent-send-off-pool-0-SendThread()] org.apache.zookeeper.ClientCnxn: Opening socket connection to server /192.168.4.103:2181
2016-12-14 10:50:08,335{GMT}	INFO	[clojure-agent-send-off-pool-0-SendThread(w3:2181)] org.apache.zookeeper.ClientCnxn: Socket connection established to w3/192.168.4.103:2181, initiating session
2016-12-14 10:50:08,335{GMT}	INFO	[clojure-agent-send-off-pool-2-SendThread(w5:2181)] org.apache.zookeeper.ClientCnxn: Socket connection established to w5/192.168.4.105:2181, initiating session
2016-12-14 10:50:08,335{GMT}	INFO	[clojure-agent-send-off-pool-4-SendThread(w4:2181)] org.apache.zookeeper.ClientCnxn: Socket connection established to w4/192.168.4.104:2181, initiating session
2016-12-14 10:50:08,335{GMT}	INFO	[clojure-agent-send-off-pool-1-SendThread(w2:2181)] org.apache.zookeeper.ClientCnxn: Socket connection established to w2/192.168.4.102:2181, initiating session
2016-12-14 10:50:08,335{GMT}	INFO	[clojure-agent-send-off-pool-3-SendThread(w1:2181)] org.apache.zookeeper.ClientCnxn: Socket connection established to w1/192.168.4.101:2181, initiating session
2016-12-14 10:50:08,445{GMT}	INFO	[clojure-agent-send-off-pool-2-SendThread(w5:2181)] org.apache.zookeeper.ClientCnxn: Session establishment complete on server w5/192.168.4.105:2181, sessionid = 0x458fcf408a60000, negotiated timeout = 5000
2016-12-14 10:50:08,445{GMT}	INFO	[clojure-agent-send-off-pool-4-SendThread(w4:2181)] org.apache.zookeeper.ClientCnxn: Session establishment complete on server w4/192.168.4.104:2181, sessionid = 0x358fcf40d1d0000, negotiated timeout = 5000
2016-12-14 10:50:08,445{GMT}	INFO	[clojure-agent-send-off-pool-1-SendThread(w2:2181)] org.apache.zookeeper.ClientCnxn: Session establishment complete on server w2/192.168.4.102:2181, sessionid = 0x158fcf415420000, negotiated timeout = 5000
2016-12-14 10:50:08,445{GMT}	INFO	[clojure-agent-send-off-pool-3-SendThread(w1:2181)] org.apache.zookeeper.ClientCnxn: Session establishment complete on server w1/192.168.4.101:2181, sessionid = 0x58fcf4184a0000, negotiated timeout = 5000
2016-12-14 10:50:08,445{GMT}	INFO	[clojure-agent-send-off-pool-0-SendThread(w3:2181)] org.apache.zookeeper.ClientCnxn: Session establishment complete on server w3/192.168.4.103:2181, sessionid = 0x258fcf416fa0000, negotiated timeout = 5000
2016-12-14 10:50:08,620{GMT}	INFO	[jepsen nemesis] jepsen.core: Nemesis starting
2016-12-14 10:50:08,621{GMT}	INFO	[jepsen nemesis] jepsen.core: nemesis done
2016-12-14 10:50:08,622{GMT}	INFO	[jepsen worker 3] jepsen.core: Worker 3 starting
2016-12-14 10:50:08,622{GMT}	INFO	[jepsen worker 1] jepsen.core: Worker 1 starting
2016-12-14 10:50:08,622{GMT}	INFO	[jepsen worker 2] jepsen.core: Worker 2 starting
2016-12-14 10:50:08,622{GMT}	INFO	[jepsen worker 0] jepsen.core: Worker 0 starting
2016-12-14 10:50:08,622{GMT}	INFO	[jepsen worker 4] jepsen.core: Worker 4 starting
2016-12-14 10:50:09,269{GMT}	INFO	[jepsen worker 3] jepsen.util: 3	:invoke	:read	nil
2016-12-14 10:50:09,279{GMT}	INFO	[jepsen worker 3] jepsen.util: 3	:ok	:read	0
2016-12-14 10:50:09,733{GMT}	INFO	[jepsen worker 3] jepsen.util: 3	:invoke	:cas	[4 2]
2016-12-14 10:50:09,753{GMT}	INFO	[jepsen worker 3] jepsen.util: 3	:fail	:cas	[4 2]
2016-12-14 10:50:09,950{GMT}	INFO	[jepsen worker 1] jepsen.util: 1	:invoke	:read	nil
2016-12-14 10:50:09,954{GMT}	INFO	[jepsen worker 1] jepsen.util: 1	:ok	:read	0
2016-12-14 10:50:10,034{GMT}	INFO	[jepsen worker 4] jepsen.util: 4	:invoke	:read	nil
2016-12-14 10:50:10,036{GMT}	INFO	[jepsen worker 4] jepsen.util: 4	:ok	:read	0
2016-12-14 10:50:10,091{GMT}	INFO	[jepsen worker 0] jepsen.util: 0	:invoke	:write	0
2016-12-14 10:50:10,108{GMT}	INFO	[jepsen worker 0] jepsen.util: 0	:ok	:write	0
2016-12-14 10:50:10,242{GMT}	INFO	[jepsen worker 2] jepsen.util: 2	:invoke	:read	nil
2016-12-14 10:50:10,246{GMT}	INFO	[jepsen worker 2] jepsen.util: 2	:ok	:read	0
2016-12-14 10:50:10,278{GMT}	INFO	[jepsen worker 1] jepsen.util: 1	:invoke	:write	2
2016-12-14 10:50:10,296{GMT}	INFO	[jepsen worker 1] jepsen.util: 1	:ok	:write	2
2016-12-14 10:50:10,356{GMT}	INFO	[jepsen worker 2] jepsen.util: 2	:invoke	:write	2
2016-12-14 10:50:10,375{GMT}	INFO	[jepsen worker 2] jepsen.util: 2	:ok	:write	2
2016-12-14 10:50:10,446{GMT}	INFO	[jepsen worker 4] jepsen.util: 4	:invoke	:read	nil
2016-12-14 10:50:10,447{GMT}	INFO	[jepsen worker 4] jepsen.util: 4	:ok	:read	2
2016-12-14 10:50:10,958{GMT}	INFO	[jepsen worker 3] jepsen.util: 3	:invoke	:write	4
2016-12-14 10:50:10,974{GMT}	INFO	[jepsen worker 3] jepsen.util: 3	:ok	:write	4
2016-12-14 10:50:11,213{GMT}	INFO	[jepsen worker 0] jepsen.util: 0	:invoke	:read	nil
2016-12-14 10:50:11,216{GMT}	INFO	[jepsen worker 0] jepsen.util: 0	:ok	:read	4
2016-12-14 10:50:11,224{GMT}	INFO	[jepsen worker 0] jepsen.util: 0	:invoke	:cas	[1 2]
2016-12-14 10:50:11,242{GMT}	INFO	[jepsen worker 0] jepsen.util: 0	:fail	:cas	[1 2]
2016-12-14 10:50:11,291{GMT}	INFO	[jepsen worker 1] jepsen.util: 1	:invoke	:cas	[0 4]
2016-12-14 10:50:11,308{GMT}	INFO	[jepsen worker 1] jepsen.util: 1	:fail	:cas	[0 4]
2016-12-14 10:50:11,512{GMT}	INFO	[jepsen worker 0] jepsen.util: 0	:invoke	:write	4
2016-12-14 10:50:11,525{GMT}	INFO	[jepsen worker 4] jepsen.util: 4	:invoke	:write	2
2016-12-14 10:50:11,528{GMT}	INFO	[jepsen worker 0] jepsen.util: 0	:ok	:write	4
2016-12-14 10:50:11,553{GMT}	INFO	[jepsen worker 4] jepsen.util: 4	:ok	:write	2
2016-12-14 10:50:11,938{GMT}	INFO	[jepsen worker 2] jepsen.util: 2	:invoke	:write	1
2016-12-14 10:50:11,957{GMT}	INFO	[jepsen worker 2] jepsen.util: 2	:ok	:write	1
2016-12-14 10:50:12,257{GMT}	INFO	[jepsen worker 0] jepsen.util: 0	:invoke	:read	nil
2016-12-14 10:50:12,258{GMT}	INFO	[jepsen worker 0] jepsen.util: 0	:ok	:read	1
2016-12-14 10:50:12,264{GMT}	INFO	[jepsen worker 2] jepsen.util: 2	:invoke	:cas	[1 2]
2016-12-14 10:50:12,283{GMT}	INFO	[jepsen worker 2] jepsen.util: 2	:ok	:cas	[1 2]
2016-12-14 10:50:12,405{GMT}	INFO	[jepsen worker 3] jepsen.util: 3	:invoke	:read	nil
2016-12-14 10:50:12,406{GMT}	INFO	[jepsen worker 3] jepsen.util: 3	:ok	:read	2
2016-12-14 10:50:12,558{GMT}	INFO	[jepsen worker 1] jepsen.util: 1	:invoke	:cas	[1 2]
2016-12-14 10:50:12,575{GMT}	INFO	[jepsen worker 1] jepsen.util: 1	:fail	:cas	[1 2]
2016-12-14 10:50:12,806{GMT}	INFO	[jepsen worker 3] jepsen.util: 3	:invoke	:write	3
2016-12-14 10:50:12,823{GMT}	INFO	[jepsen worker 3] jepsen.util: 3	:ok	:write	3
2016-12-14 10:50:12,857{GMT}	INFO	[jepsen worker 1] jepsen.util: 1	:invoke	:cas	[0 2]
2016-12-14 10:50:12,875{GMT}	INFO	[jepsen worker 1] jepsen.util: 1	:fail	:cas	[0 2]
2016-12-14 10:50:12,959{GMT}	INFO	[jepsen worker 1] jepsen.util: 1	:invoke	:cas	[1 3]
2016-12-14 10:50:12,978{GMT}	INFO	[jepsen worker 1] jepsen.util: 1	:fail	:cas	[1 3]
2016-12-14 10:50:13,175{GMT}	INFO	[jepsen worker 4] jepsen.util: 4	:invoke	:read	nil
2016-12-14 10:50:13,176{GMT}	INFO	[jepsen worker 4] jepsen.util: 4	:ok	:read	3
2016-12-14 10:50:13,782{GMT}	INFO	[jepsen worker 0] jepsen.util: 0	:invoke	:cas	[0 0]
2016-12-14 10:50:13,800{GMT}	INFO	[jepsen worker 0] jepsen.util: 0	:fail	:cas	[0 0]
2016-12-14 10:50:14,070{GMT}	INFO	[jepsen worker 2] jepsen.util: 2	:invoke	:write	0
2016-12-14 10:50:14,090{GMT}	INFO	[jepsen worker 2] jepsen.util: 2	:ok	:write	0
2016-12-14 10:50:14,512{GMT}	INFO	[jepsen worker 1] jepsen.util: 1	:invoke	:cas	[3 1]
2016-12-14 10:50:14,530{GMT}	INFO	[jepsen worker 1] jepsen.util: 1	:fail	:cas	[3 1]
2016-12-14 10:50:14,540{GMT}	INFO	[jepsen worker 2] jepsen.util: 2	:invoke	:cas	[1 2]
2016-12-14 10:50:14,556{GMT}	INFO	[jepsen worker 3] jepsen.util: 3	:invoke	:read	nil
2016-12-14 10:50:14,557{GMT}	INFO	[jepsen worker 3] jepsen.util: 3	:ok	:read	0
2016-12-14 10:50:14,564{GMT}	INFO	[jepsen worker 3] jepsen.util: 3	:invoke	:write	0
2016-12-14 10:50:14,567{GMT}	INFO	[jepsen worker 2] jepsen.util: 2	:fail	:cas	[1 2]
2016-12-14 10:50:14,580{GMT}	INFO	[jepsen worker 3] jepsen.util: 3	:ok	:write	0
2016-12-14 10:50:14,774{GMT}	INFO	[jepsen worker 4] jepsen.util: 4	:invoke	:cas	[1 2]
2016-12-14 10:50:14,789{GMT}	INFO	[jepsen worker 4] jepsen.util: 4	:fail	:cas	[1 2]
2016-12-14 10:50:15,141{GMT}	INFO	[jepsen worker 1] jepsen.util: 1	:invoke	:read	nil
2016-12-14 10:50:15,143{GMT}	INFO	[jepsen worker 1] jepsen.util: 1	:ok	:read	0
2016-12-14 10:50:15,166{GMT}	INFO	[jepsen worker 1] jepsen.util: 1	:invoke	:read	nil
2016-12-14 10:50:15,167{GMT}	INFO	[jepsen worker 1] jepsen.util: 1	:ok	:read	0
2016-12-14 10:50:15,616{GMT}	INFO	[jepsen worker 0] jepsen.util: 0	:invoke	:cas	[4 2]
2016-12-14 10:50:15,636{GMT}	INFO	[jepsen worker 0] jepsen.util: 0	:fail	:cas	[4 2]
2016-12-14 10:50:16,151{GMT}	INFO	[jepsen worker 2] jepsen.util: 2	:invoke	:write	3
2016-12-14 10:50:16,168{GMT}	INFO	[jepsen worker 2] jepsen.util: 2	:ok	:write	3
2016-12-14 10:50:16,269{GMT}	INFO	[jepsen worker 3] jepsen.util: 3	:invoke	:cas	[2 2]
2016-12-14 10:50:16,286{GMT}	INFO	[jepsen worker 3] jepsen.util: 3	:fail	:cas	[2 2]
2016-12-14 10:50:16,416{GMT}	INFO	[jepsen worker 1] jepsen.util: 1	:invoke	:read	nil
2016-12-14 10:50:16,418{GMT}	INFO	[jepsen worker 1] jepsen.util: 1	:ok	:read	3
2016-12-14 10:50:16,467{GMT}	INFO	[jepsen worker 4] jepsen.util: 4	:invoke	:cas	[1 0]
2016-12-14 10:50:16,481{GMT}	INFO	[jepsen worker 4] jepsen.util: 4	:fail	:cas	[1 0]
2016-12-14 10:50:16,890{GMT}	INFO	[jepsen worker 1] jepsen.util: 1	:invoke	:cas	[2 4]
2016-12-14 10:50:16,908{GMT}	INFO	[jepsen worker 1] jepsen.util: 1	:fail	:cas	[2 4]
2016-12-14 10:50:17,005{GMT}	INFO	[jepsen worker 4] jepsen.util: 4	:invoke	:cas	[3 1]
2016-12-14 10:50:17,023{GMT}	INFO	[jepsen worker 4] jepsen.util: 4	:ok	:cas	[3 1]
2016-12-14 10:50:17,037{GMT}	INFO	[jepsen worker 1] jepsen.util: 1	:invoke	:read	nil
2016-12-14 10:50:17,038{GMT}	INFO	[jepsen worker 1] jepsen.util: 1	:ok	:read	1
2016-12-14 10:50:17,517{GMT}	INFO	[jepsen worker 0] jepsen.util: 0	:invoke	:write	3
2016-12-14 10:50:17,535{GMT}	INFO	[jepsen worker 0] jepsen.util: 0	:ok	:write	3
2016-12-14 10:50:17,793{GMT}	INFO	[jepsen worker 3] jepsen.util: 3	:invoke	:write	4
2016-12-14 10:50:17,809{GMT}	INFO	[jepsen worker 3] jepsen.util: 3	:ok	:write	4
2016-12-14 10:50:17,856{GMT}	INFO	[jepsen worker 2] jepsen.util: 2	:invoke	:write	2
2016-12-14 10:50:17,873{GMT}	INFO	[jepsen worker 2] jepsen.util: 2	:ok	:write	2
2016-12-14 10:50:18,009{GMT}	INFO	[jepsen worker 2] jepsen.util: 2	:invoke	:cas	[3 4]
2016-12-14 10:50:18,027{GMT}	INFO	[jepsen worker 2] jepsen.util: 2	:fail	:cas	[3 4]
2016-12-14 10:50:18,686{GMT}	INFO	[jepsen worker 3] jepsen.util: 3	:invoke	:cas	[1 4]
2016-12-14 10:50:18,697{GMT}	INFO	[jepsen worker 0] jepsen.util: 0	:invoke	:read	nil
2016-12-14 10:50:18,698{GMT}	INFO	[jepsen worker 0] jepsen.util: 0	:ok	:read	2
2016-12-14 10:50:18,702{GMT}	INFO	[jepsen worker 3] jepsen.util: 3	:fail	:cas	[1 4]
2016-12-14 10:50:18,729{GMT}	INFO	[jepsen worker 1] jepsen.util: 1	:invoke	:cas	[0 0]
2016-12-14 10:50:18,746{GMT}	INFO	[jepsen worker 1] jepsen.util: 1	:fail	:cas	[0 0]
2016-12-14 10:50:18,913{GMT}	INFO	[jepsen worker 4] jepsen.util: 4	:invoke	:read	nil
2016-12-14 10:50:18,914{GMT}	INFO	[jepsen worker 4] jepsen.util: 4	:ok	:read	2
2016-12-14 10:50:19,041{GMT}	INFO	[jepsen worker 2] jepsen.util: 2	:invoke	:cas	[2 3]
2016-12-14 10:50:19,063{GMT}	INFO	[jepsen worker 2] jepsen.util: 2	:ok	:cas	[2 3]
2016-12-14 10:50:19,146{GMT}	INFO	[jepsen worker 4] jepsen.util: 4	:invoke	:write	3
2016-12-14 10:50:19,159{GMT}	INFO	[jepsen worker 4] jepsen.util: 4	:ok	:write	3
2016-12-14 10:50:19,319{GMT}	INFO	[jepsen worker 3] jepsen.util: 3	:invoke	:read	nil
2016-12-14 10:50:19,320{GMT}	INFO	[jepsen worker 3] jepsen.util: 3	:ok	:read	3
2016-12-14 10:50:19,440{GMT}	INFO	[jepsen worker 2] jepsen.util: 2	:invoke	:cas	[3 4]
2016-12-14 10:50:19,458{GMT}	INFO	[jepsen worker 2] jepsen.util: 2	:ok	:cas	[3 4]
2016-12-14 10:50:19,731{GMT}	INFO	[jepsen worker 3] jepsen.util: 3	:invoke	:read	nil
2016-12-14 10:50:19,733{GMT}	INFO	[jepsen worker 3] jepsen.util: 3	:ok	:read	4
2016-12-14 10:50:19,870{GMT}	INFO	[jepsen worker 4] jepsen.util: 4	:invoke	:read	nil
2016-12-14 10:50:19,872{GMT}	INFO	[jepsen worker 4] jepsen.util: 4	:ok	:read	4
2016-12-14 10:50:19,981{GMT}	INFO	[jepsen worker 3] jepsen.util: 3	:invoke	:read	nil
2016-12-14 10:50:19,982{GMT}	INFO	[jepsen worker 3] jepsen.util: 3	:ok	:read	4
2016-12-14 10:50:19,987{GMT}	INFO	[jepsen worker 1] jepsen.util: 1	:invoke	:cas	[2 0]
2016-12-14 10:50:20,005{GMT}	INFO	[jepsen worker 1] jepsen.util: 1	:fail	:cas	[2 0]
2016-12-14 10:50:20,388{GMT}	INFO	[jepsen worker 2] jepsen.util: 2	:invoke	:write	0
2016-12-14 10:50:20,414{GMT}	INFO	[jepsen worker 2] jepsen.util: 2	:ok	:write	0
2016-12-14 10:50:20,423{GMT}	INFO	[jepsen worker 2] jepsen.util: 2	:invoke	:cas	[2 2]
2016-12-14 10:50:20,439{GMT}	INFO	[jepsen worker 2] jepsen.util: 2	:fail	:cas	[2 2]
2016-12-14 10:50:20,505{GMT}	INFO	[jepsen worker 2] jepsen.util: 2	:invoke	:write	0
2016-12-14 10:50:20,526{GMT}	INFO	[jepsen worker 2] jepsen.util: 2	:ok	:write	0
2016-12-14 10:50:20,608{GMT}	INFO	[jepsen worker 0] jepsen.util: 0	:invoke	:cas	[4 1]
2016-12-14 10:50:20,628{GMT}	INFO	[jepsen worker 0] jepsen.util: 0	:fail	:cas	[4 1]
2016-12-14 10:50:21,454{GMT}	INFO	[jepsen worker 4] jepsen.util: 4	:invoke	:read	nil
2016-12-14 10:50:21,456{GMT}	INFO	[jepsen worker 4] jepsen.util: 4	:ok	:read	0
2016-12-14 10:50:21,519{GMT}	INFO	[jepsen worker 1] jepsen.util: 1	:invoke	:cas	[2 2]
2016-12-14 10:50:21,538{GMT}	INFO	[jepsen worker 1] jepsen.util: 1	:fail	:cas	[2 2]
2016-12-14 10:50:21,889{GMT}	INFO	[jepsen worker 2] jepsen.util: 2	:invoke	:read	nil
2016-12-14 10:50:21,890{GMT}	INFO	[jepsen worker 2] jepsen.util: 2	:ok	:read	0
2016-12-14 10:50:21,935{GMT}	INFO	[jepsen worker 3] jepsen.util: 3	:invoke	:cas	[4 1]
2016-12-14 10:50:21,951{GMT}	INFO	[jepsen worker 3] jepsen.util: 3	:fail	:cas	[4 1]
2016-12-14 10:50:21,955{GMT}	INFO	[jepsen worker 0] jepsen.util: 0	:invoke	:read	nil
2016-12-14 10:50:21,956{GMT}	INFO	[jepsen worker 0] jepsen.util: 0	:ok	:read	0
2016-12-14 10:50:22,112{GMT}	INFO	[jepsen worker 4] jepsen.util: 4	:invoke	:read	nil
2016-12-14 10:50:22,114{GMT}	INFO	[jepsen worker 4] jepsen.util: 4	:ok	:read	0
2016-12-14 10:50:22,132{GMT}	INFO	[jepsen worker 3] jepsen.util: 3	:invoke	:write	4
2016-12-14 10:50:22,148{GMT}	INFO	[jepsen worker 3] jepsen.util: 3	:ok	:write	4
2016-12-14 10:50:22,252{GMT}	INFO	[jepsen worker 3] jepsen.util: 3	:invoke	:cas	[2 2]
2016-12-14 10:50:22,267{GMT}	INFO	[jepsen worker 3] jepsen.util: 3	:fail	:cas	[2 2]
2016-12-14 10:50:22,866{GMT}	INFO	[jepsen worker 2] jepsen.util: 2	:invoke	:write	3
2016-12-14 10:50:22,882{GMT}	INFO	[jepsen worker 2] jepsen.util: 2	:ok	:write	3
2016-12-14 10:50:23,202{GMT}	INFO	[jepsen worker 4] jepsen.util: 4	:invoke	:write	1
2016-12-14 10:50:23,218{GMT}	INFO	[jepsen worker 4] jepsen.util: 4	:ok	:write	1
2016-12-14 10:50:23,350{GMT}	INFO	[jepsen worker 1] jepsen.util: 1	:invoke	:cas	[4 2]
2016-12-14 10:50:23,392{GMT}	INFO	[jepsen worker 1] jepsen.util: 1	:fail	:cas	[4 2]
2016-12-14 10:50:23,494{GMT}	INFO	[jepsen worker 2] jepsen.util: 2	:invoke	:write	4
2016-12-14 10:50:23,513{GMT}	INFO	[jepsen worker 2] jepsen.util: 2	:ok	:write	4
2016-12-14 10:50:23,654{GMT}	INFO	[jepsen worker 3] jepsen.util: 3	:invoke	:read	nil
2016-12-14 10:50:23,655{GMT}	INFO	[jepsen worker 3] jepsen.util: 3	:ok	:read	4
2016-12-14 10:50:23,655{GMT}	INFO	[jepsen worker 3] jepsen.core: Worker 3 done
2016-12-14 10:50:23,895{GMT}	INFO	[jepsen worker 0] jepsen.util: 0	:invoke	:write	3
2016-12-14 10:50:23,910{GMT}	INFO	[jepsen worker 0] jepsen.util: 0	:ok	:write	3
2016-12-14 10:50:23,911{GMT}	INFO	[jepsen worker 0] jepsen.core: Worker 0 done
2016-12-14 10:50:24,140{GMT}	INFO	[jepsen worker 1] jepsen.util: 1	:invoke	:cas	[3 1]
2016-12-14 10:50:24,156{GMT}	INFO	[jepsen worker 1] jepsen.util: 1	:ok	:cas	[3 1]
2016-12-14 10:50:24,156{GMT}	INFO	[jepsen worker 1] jepsen.core: Worker 1 done
2016-12-14 10:50:25,166{GMT}	INFO	[jepsen worker 4] jepsen.util: 4	:invoke	:read	nil
2016-12-14 10:50:25,167{GMT}	INFO	[jepsen worker 4] jepsen.util: 4	:ok	:read	1
2016-12-14 10:50:25,167{GMT}	INFO	[jepsen worker 4] jepsen.core: Worker 4 done
2016-12-14 10:50:25,347{GMT}	INFO	[jepsen worker 2] jepsen.util: 2	:invoke	:write	2
2016-12-14 10:50:25,362{GMT}	INFO	[jepsen worker 2] jepsen.util: 2	:ok	:write	2
2016-12-14 10:50:25,363{GMT}	INFO	[jepsen worker 2] jepsen.core: Worker 2 done
2016-12-14 10:50:25,363{GMT}	INFO	[jepsen test runner] jepsen.core: Waiting for nemesis to complete
2016-12-14 10:50:25,363{GMT}	INFO	[jepsen test runner] jepsen.core: nemesis done.
2016-12-14 10:50:25,363{GMT}	INFO	[jepsen test runner] jepsen.core: Tearing down nemesis
2016-12-14 10:50:25,363{GMT}	INFO	[jepsen test runner] jepsen.core: Nemesis torn down
2016-12-14 10:50:25,367{GMT}	INFO	[clojure-agent-send-off-pool-5] org.apache.zookeeper.ZooKeeper: Session: 0x458fcf408a60000 closed
2016-12-14 10:50:25,367{GMT}	INFO	[clojure-agent-send-off-pool-2-EventThread] org.apache.zookeeper.ClientCnxn: EventThread shut down
2016-12-14 10:50:25,368{GMT}	INFO	[clojure-agent-send-off-pool-7] org.apache.zookeeper.ZooKeeper: Session: 0x258fcf416fa0000 closed
2016-12-14 10:50:25,368{GMT}	INFO	[clojure-agent-send-off-pool-0-EventThread] org.apache.zookeeper.ClientCnxn: EventThread shut down
2016-12-14 10:50:25,368{GMT}	INFO	[clojure-agent-send-off-pool-2] org.apache.zookeeper.ZooKeeper: Session: 0x358fcf40d1d0000 closed
2016-12-14 10:50:25,368{GMT}	INFO	[clojure-agent-send-off-pool-4-EventThread] org.apache.zookeeper.ClientCnxn: EventThread shut down
2016-12-14 10:50:25,369{GMT}	INFO	[clojure-agent-send-off-pool-8] org.apache.zookeeper.ZooKeeper: Session: 0x58fcf4184a0000 closed
2016-12-14 10:50:25,369{GMT}	INFO	[clojure-agent-send-off-pool-3-EventThread] org.apache.zookeeper.ClientCnxn: EventThread shut down
2016-12-14 10:50:25,369{GMT}	INFO	[clojure-agent-send-off-pool-9] org.apache.zookeeper.ZooKeeper: Session: 0x158fcf415420000 closed
2016-12-14 10:50:25,369{GMT}	INFO	[clojure-agent-send-off-pool-1-EventThread] org.apache.zookeeper.ClientCnxn: EventThread shut down
2016-12-14 10:50:25,369{GMT}	INFO	[jepsen test runner] jepsen.core: Snarfing log files
2016-12-14 10:50:25,373{GMT}	INFO	[jepsen node w5] jepsen.core: downloading /var/log/zookeeper/zookeeper.log to zookeeper.log
2016-12-14 10:50:25,373{GMT}	INFO	[jepsen node w3] jepsen.core: downloading /var/log/zookeeper/zookeeper.log to zookeeper.log
2016-12-14 10:50:25,373{GMT}	INFO	[jepsen node w4] jepsen.core: downloading /var/log/zookeeper/zookeeper.log to zookeeper.log
2016-12-14 10:50:25,373{GMT}	INFO	[jepsen node w2] jepsen.core: downloading /var/log/zookeeper/zookeeper.log to zookeeper.log
2016-12-14 10:50:25,373{GMT}	INFO	[jepsen node w1] jepsen.core: downloading /var/log/zookeeper/zookeeper.log to zookeeper.log
2016-12-14 10:50:25,393{GMT}	INFO	[jepsen test runner] jepsen.core: Run complete, writing
2016-12-14 10:50:25,419{GMT}	INFO	[jepsen node w4] jepsen.zookeeper: Tearing down ZK on w4
2016-12-14 10:50:25,419{GMT}	INFO	[jepsen node w2] jepsen.zookeeper: Tearing down ZK on w2
2016-12-14 10:50:25,419{GMT}	INFO	[jepsen node w3] jepsen.zookeeper: Tearing down ZK on w3
2016-12-14 10:50:25,419{GMT}	INFO	[jepsen node w1] jepsen.zookeeper: Tearing down ZK on w1
2016-12-14 10:50:25,419{GMT}	INFO	[jepsen node w5] jepsen.zookeeper: Tearing down ZK on w5
2016-12-14 10:50:26,031{GMT}	INFO	[jepsen test runner] jepsen.core: Analyzing
2016-12-14 10:50:27,099{GMT}	INFO	[jepsen test runner] jepsen.core: Analysis complete
2016-12-14 10:50:27,122{GMT}	INFO	[jepsen results] jepsen.store: Wrote /home/admin/jepsen.zookeeper/store/zookeeper/20161214T105001.000Z/results.edn
2016-12-14 10:50:27,136{GMT}	INFO	[main] jepsen.core: {:perf
 {:latency-graph {:valid? true},
  :rate-graph {:valid? true},
  :valid? true},
 :html {:valid? true},
 :linear
 {:valid? true,
  :configs
  ({:model {:value 2},
    :last-op
    {:type :ok,
     :f :write,
     :value 2,
     :process 2,
     :time 17060417495,
     :index 155},
    :pending []}),
  :final-paths ()},
 :valid? true}


Everything looks good! ヽ(‘ー`)ノ
