2016-12-14 10:38:31,347{GMT}	INFO	[jepsen node w3] jepsen.os.debian: w3 setting up debian
2016-12-14 10:38:31,347{GMT}	INFO	[jepsen node w2] jepsen.os.debian: w2 setting up debian
2016-12-14 10:38:31,347{GMT}	INFO	[jepsen node w5] jepsen.os.debian: w5 setting up debian
2016-12-14 10:38:31,347{GMT}	INFO	[jepsen node w4] jepsen.os.debian: w4 setting up debian
2016-12-14 10:38:31,348{GMT}	INFO	[jepsen node w1] jepsen.os.debian: w1 setting up debian
2016-12-14 10:38:32,068{GMT}	INFO	[jepsen node w2] jepsen.zookeeper: Tearing down ZK on w2
2016-12-14 10:38:32,068{GMT}	INFO	[jepsen node w5] jepsen.zookeeper: Tearing down ZK on w5
2016-12-14 10:38:32,068{GMT}	INFO	[jepsen node w1] jepsen.zookeeper: Tearing down ZK on w1
2016-12-14 10:38:32,068{GMT}	INFO	[jepsen node w4] jepsen.zookeeper: Tearing down ZK on w4
2016-12-14 10:38:32,068{GMT}	INFO	[jepsen node w3] jepsen.zookeeper: Tearing down ZK on w3
2016-12-14 10:38:32,271{GMT}	INFO	[jepsen node w2] jepsen.zookeeper: Setting up ZK on w2
2016-12-14 10:38:32,276{GMT}	INFO	[jepsen node w1] jepsen.zookeeper: Setting up ZK on w1
2016-12-14 10:38:32,276{GMT}	INFO	[jepsen node w5] jepsen.zookeeper: Setting up ZK on w5
2016-12-14 10:38:32,277{GMT}	INFO	[jepsen node w4] jepsen.zookeeper: Setting up ZK on w4
2016-12-14 10:38:32,277{GMT}	INFO	[jepsen node w3] jepsen.zookeeper: Setting up ZK on w3
2016-12-14 10:38:32,781{GMT}	INFO	[jepsen node w2] jepsen.zookeeper: w2 ZK restarting
2016-12-14 10:38:32,783{GMT}	INFO	[jepsen node w1] jepsen.zookeeper: w1 ZK restarting
2016-12-14 10:38:32,783{GMT}	INFO	[jepsen node w4] jepsen.zookeeper: w4 ZK restarting
2016-12-14 10:38:32,783{GMT}	INFO	[jepsen node w5] jepsen.zookeeper: w5 ZK restarting
2016-12-14 10:38:32,785{GMT}	INFO	[jepsen node w3] jepsen.zookeeper: w3 ZK restarting
2016-12-14 10:38:37,883{GMT}	INFO	[jepsen node w2] jepsen.zookeeper: w2 ZK ready
2016-12-14 10:38:37,884{GMT}	INFO	[jepsen node w5] jepsen.zookeeper: w5 ZK ready
2016-12-14 10:38:37,884{GMT}	INFO	[jepsen node w1] jepsen.zookeeper: w1 ZK ready
2016-12-14 10:38:37,885{GMT}	INFO	[jepsen node w4] jepsen.zookeeper: w4 ZK ready
2016-12-14 10:38:37,886{GMT}	INFO	[jepsen node w3] jepsen.zookeeper: w3 ZK ready
2016-12-14 10:38:37,891{GMT}	INFO	[clojure-agent-send-off-pool-3] org.apache.zookeeper.ZooKeeper: Initiating client connection, connectString=w1 sessionTimeout=5000 watcher=zookeeper.internal$make_watcher$reify__378@267819ea
2016-12-14 10:38:37,893{GMT}	INFO	[clojure-agent-send-off-pool-2] org.apache.zookeeper.ZooKeeper: Initiating client connection, connectString=w5 sessionTimeout=5000 watcher=zookeeper.internal$make_watcher$reify__378@52b876a1
2016-12-14 10:38:37,893{GMT}	INFO	[clojure-agent-send-off-pool-1] org.apache.zookeeper.ZooKeeper: Initiating client connection, connectString=w4 sessionTimeout=5000 watcher=zookeeper.internal$make_watcher$reify__378@3c427c30
2016-12-14 10:38:37,893{GMT}	INFO	[clojure-agent-send-off-pool-0] org.apache.zookeeper.ZooKeeper: Initiating client connection, connectString=w2 sessionTimeout=5000 watcher=zookeeper.internal$make_watcher$reify__378@2682334
2016-12-14 10:38:37,893{GMT}	INFO	[clojure-agent-send-off-pool-4] org.apache.zookeeper.ZooKeeper: Initiating client connection, connectString=w3 sessionTimeout=5000 watcher=zookeeper.internal$make_watcher$reify__378@664c787b
2016-12-14 10:38:37,906{GMT}	INFO	[clojure-agent-send-off-pool-3-SendThread()] org.apache.zookeeper.ClientCnxn: Opening socket connection to server /192.168.4.101:2181
2016-12-14 10:38:37,906{GMT}	INFO	[clojure-agent-send-off-pool-1-SendThread()] org.apache.zookeeper.ClientCnxn: Opening socket connection to server /192.168.4.104:2181
2016-12-14 10:38:37,906{GMT}	INFO	[clojure-agent-send-off-pool-4-SendThread()] org.apache.zookeeper.ClientCnxn: Opening socket connection to server /192.168.4.103:2181
2016-12-14 10:38:37,907{GMT}	INFO	[clojure-agent-send-off-pool-2-SendThread()] org.apache.zookeeper.ClientCnxn: Opening socket connection to server /192.168.4.105:2181
2016-12-14 10:38:37,907{GMT}	INFO	[clojure-agent-send-off-pool-0-SendThread()] org.apache.zookeeper.ClientCnxn: Opening socket connection to server /192.168.4.102:2181
2016-12-14 10:38:37,916{GMT}	INFO	[clojure-agent-send-off-pool-2-SendThread(w5:2181)] org.apache.zookeeper.ClientCnxn: Socket connection established to w5/192.168.4.105:2181, initiating session
2016-12-14 10:38:37,916{GMT}	INFO	[clojure-agent-send-off-pool-0-SendThread(w2:2181)] org.apache.zookeeper.ClientCnxn: Socket connection established to w2/192.168.4.102:2181, initiating session
2016-12-14 10:38:37,916{GMT}	INFO	[clojure-agent-send-off-pool-4-SendThread(w3:2181)] org.apache.zookeeper.ClientCnxn: Socket connection established to w3/192.168.4.103:2181, initiating session
2016-12-14 10:38:37,916{GMT}	INFO	[clojure-agent-send-off-pool-1-SendThread(w4:2181)] org.apache.zookeeper.ClientCnxn: Socket connection established to w4/192.168.4.104:2181, initiating session
2016-12-14 10:38:37,916{GMT}	INFO	[clojure-agent-send-off-pool-3-SendThread(w1:2181)] org.apache.zookeeper.ClientCnxn: Socket connection established to w1/192.168.4.101:2181, initiating session
2016-12-14 10:38:38,038{GMT}	INFO	[clojure-agent-send-off-pool-4-SendThread(w3:2181)] org.apache.zookeeper.ClientCnxn: Session establishment complete on server w3/192.168.4.103:2181, sessionid = 0x258fce98e310000, negotiated timeout = 5000
2016-12-14 10:38:38,038{GMT}	INFO	[clojure-agent-send-off-pool-3-SendThread(w1:2181)] org.apache.zookeeper.ClientCnxn: Session establishment complete on server w1/192.168.4.101:2181, sessionid = 0x58fce98f7c0000, negotiated timeout = 5000
2016-12-14 10:38:38,039{GMT}	INFO	[clojure-agent-send-off-pool-0-SendThread(w2:2181)] org.apache.zookeeper.ClientCnxn: Session establishment complete on server w2/192.168.4.102:2181, sessionid = 0x158fce990300000, negotiated timeout = 5000
2016-12-14 10:38:38,039{GMT}	INFO	[clojure-agent-send-off-pool-1-SendThread(w4:2181)] org.apache.zookeeper.ClientCnxn: Session establishment complete on server w4/192.168.4.104:2181, sessionid = 0x358fce9845f0000, negotiated timeout = 5000
2016-12-14 10:38:38,039{GMT}	INFO	[clojure-agent-send-off-pool-2-SendThread(w5:2181)] org.apache.zookeeper.ClientCnxn: Session establishment complete on server w5/192.168.4.105:2181, sessionid = 0x458fce97ff40000, negotiated timeout = 5000
2016-12-14 10:38:38,227{GMT}	INFO	[jepsen nemesis] jepsen.core: Nemesis starting
2016-12-14 10:38:38,227{GMT}	INFO	[jepsen nemesis] jepsen.core: nemesis done
2016-12-14 10:38:38,228{GMT}	INFO	[jepsen worker 0] jepsen.core: Worker 0 starting
2016-12-14 10:38:38,228{GMT}	INFO	[jepsen worker 1] jepsen.core: Worker 1 starting
2016-12-14 10:38:38,229{GMT}	INFO	[jepsen worker 2] jepsen.core: Worker 2 starting
2016-12-14 10:38:38,229{GMT}	INFO	[jepsen worker 4] jepsen.core: Worker 4 starting
2016-12-14 10:38:38,229{GMT}	INFO	[jepsen worker 3] jepsen.core: Worker 3 starting
2016-12-14 10:38:38,621{GMT}	INFO	[jepsen worker 0] jepsen.util: 0	:invoke	:read	nil
2016-12-14 10:38:38,631{GMT}	INFO	[jepsen worker 0] jepsen.util: 0	:ok	:read	0
2016-12-14 10:38:38,855{GMT}	INFO	[jepsen worker 3] jepsen.util: 3	:invoke	:read	nil
2016-12-14 10:38:38,858{GMT}	INFO	[jepsen worker 3] jepsen.util: 3	:ok	:read	0
2016-12-14 10:38:38,960{GMT}	INFO	[jepsen worker 2] jepsen.util: 2	:invoke	:write	2
2016-12-14 10:38:38,981{GMT}	INFO	[jepsen worker 2] jepsen.util: 2	:ok	:write	2
2016-12-14 10:38:38,986{GMT}	INFO	[jepsen worker 0] jepsen.util: 0	:invoke	:cas	[0 0]
2016-12-14 10:38:39,006{GMT}	INFO	[jepsen worker 0] jepsen.util: 0	:fail	:cas	[0 0]
2016-12-14 10:38:39,584{GMT}	INFO	[jepsen worker 1] jepsen.util: 1	:invoke	:read	nil
2016-12-14 10:38:39,588{GMT}	INFO	[jepsen worker 1] jepsen.util: 1	:ok	:read	2
2016-12-14 10:38:39,685{GMT}	INFO	[jepsen worker 0] jepsen.util: 0	:invoke	:read	nil
2016-12-14 10:38:39,687{GMT}	INFO	[jepsen worker 0] jepsen.util: 0	:ok	:read	2
2016-12-14 10:38:40,056{GMT}	INFO	[jepsen worker 1] jepsen.util: 1	:invoke	:write	3
2016-12-14 10:38:40,074{GMT}	INFO	[jepsen worker 1] jepsen.util: 1	:ok	:write	3
2016-12-14 10:38:40,202{GMT}	INFO	[jepsen worker 4] jepsen.util: 4	:invoke	:read	nil
2016-12-14 10:38:40,204{GMT}	INFO	[jepsen worker 4] jepsen.util: 4	:ok	:read	3
2016-12-14 10:38:40,344{GMT}	INFO	[jepsen worker 3] jepsen.util: 3	:invoke	:write	3
2016-12-14 10:38:40,364{GMT}	INFO	[jepsen worker 3] jepsen.util: 3	:ok	:write	3
2016-12-14 10:38:40,633{GMT}	INFO	[jepsen worker 2] jepsen.util: 2	:invoke	:read	nil
2016-12-14 10:38:40,637{GMT}	INFO	[jepsen worker 2] jepsen.util: 2	:ok	:read	3
2016-12-14 10:38:40,951{GMT}	INFO	[jepsen worker 2] jepsen.util: 2	:invoke	:cas	[1 0]
2016-12-14 10:38:40,970{GMT}	INFO	[jepsen worker 2] jepsen.util: 2	:fail	:cas	[1 0]
2016-12-14 10:38:41,118{GMT}	INFO	[jepsen worker 4] jepsen.util: 4	:invoke	:read	nil
2016-12-14 10:38:41,119{GMT}	INFO	[jepsen worker 4] jepsen.util: 4	:ok	:read	3
2016-12-14 10:38:41,487{GMT}	INFO	[jepsen worker 0] jepsen.util: 0	:invoke	:read	nil
2016-12-14 10:38:41,489{GMT}	INFO	[jepsen worker 0] jepsen.util: 0	:ok	:read	3
2016-12-14 10:38:41,593{GMT}	INFO	[jepsen worker 3] jepsen.util: 3	:invoke	:write	4
2016-12-14 10:38:41,610{GMT}	INFO	[jepsen worker 3] jepsen.util: 3	:ok	:write	4
2016-12-14 10:38:42,045{GMT}	INFO	[jepsen worker 1] jepsen.util: 1	:invoke	:read	nil
2016-12-14 10:38:42,047{GMT}	INFO	[jepsen worker 1] jepsen.util: 1	:ok	:read	4
2016-12-14 10:38:42,188{GMT}	INFO	[jepsen worker 3] jepsen.util: 3	:invoke	:read	nil
2016-12-14 10:38:42,190{GMT}	INFO	[jepsen worker 3] jepsen.util: 3	:ok	:read	4
2016-12-14 10:38:42,211{GMT}	INFO	[jepsen worker 0] jepsen.util: 0	:invoke	:read	nil
2016-12-14 10:38:42,213{GMT}	INFO	[jepsen worker 0] jepsen.util: 0	:ok	:read	4
2016-12-14 10:38:42,474{GMT}	INFO	[jepsen worker 0] jepsen.util: 0	:invoke	:read	nil
2016-12-14 10:38:42,475{GMT}	INFO	[jepsen worker 0] jepsen.util: 0	:ok	:read	4
2016-12-14 10:38:42,689{GMT}	INFO	[jepsen worker 4] jepsen.util: 4	:invoke	:write	1
2016-12-14 10:38:42,704{GMT}	INFO	[jepsen worker 4] jepsen.util: 4	:ok	:write	1
2016-12-14 10:38:42,714{GMT}	INFO	[jepsen worker 4] jepsen.util: 4	:invoke	:cas	[1 3]
2016-12-14 10:38:42,731{GMT}	INFO	[jepsen worker 4] jepsen.util: 4	:ok	:cas	[1 3]
2016-12-14 10:38:42,811{GMT}	INFO	[jepsen worker 2] jepsen.util: 2	:invoke	:read	nil
2016-12-14 10:38:42,813{GMT}	INFO	[jepsen worker 2] jepsen.util: 2	:ok	:read	3
2016-12-14 10:38:42,885{GMT}	INFO	[jepsen worker 4] jepsen.util: 4	:invoke	:cas	[2 4]
2016-12-14 10:38:42,904{GMT}	INFO	[jepsen worker 4] jepsen.util: 4	:fail	:cas	[2 4]
2016-12-14 10:38:43,127{GMT}	INFO	[jepsen worker 2] jepsen.util: 2	:invoke	:write	4
2016-12-14 10:38:43,155{GMT}	INFO	[jepsen worker 2] jepsen.util: 2	:ok	:write	4
2016-12-14 10:38:43,462{GMT}	INFO	[jepsen worker 3] jepsen.util: 3	:invoke	:read	nil
2016-12-14 10:38:43,464{GMT}	INFO	[jepsen worker 3] jepsen.util: 3	:ok	:read	4
2016-12-14 10:38:43,951{GMT}	INFO	[jepsen worker 3] jepsen.util: 3	:invoke	:write	2
2016-12-14 10:38:43,967{GMT}	INFO	[jepsen worker 3] jepsen.util: 3	:ok	:write	2
2016-12-14 10:38:43,970{GMT}	INFO	[jepsen worker 0] jepsen.util: 0	:invoke	:write	0
2016-12-14 10:38:43,987{GMT}	INFO	[jepsen worker 0] jepsen.util: 0	:ok	:write	0
2016-12-14 10:38:43,988{GMT}	INFO	[jepsen worker 1] jepsen.util: 1	:invoke	:cas	[1 1]
2016-12-14 10:38:44,006{GMT}	INFO	[jepsen worker 1] jepsen.util: 1	:fail	:cas	[1 1]
2016-12-14 10:38:44,524{GMT}	INFO	[jepsen worker 0] jepsen.util: 0	:invoke	:write	2
2016-12-14 10:38:44,540{GMT}	INFO	[jepsen worker 0] jepsen.util: 0	:ok	:write	2
2016-12-14 10:38:44,803{GMT}	INFO	[jepsen worker 4] jepsen.util: 4	:invoke	:cas	[4 1]
2016-12-14 10:38:44,821{GMT}	INFO	[jepsen worker 4] jepsen.util: 4	:fail	:cas	[4 1]
2016-12-14 10:38:44,966{GMT}	INFO	[jepsen worker 2] jepsen.util: 2	:invoke	:read	nil
2016-12-14 10:38:44,967{GMT}	INFO	[jepsen worker 2] jepsen.util: 2	:ok	:read	2
2016-12-14 10:38:45,309{GMT}	INFO	[jepsen worker 4] jepsen.util: 4	:invoke	:cas	[0 3]
2016-12-14 10:38:45,324{GMT}	INFO	[jepsen worker 4] jepsen.util: 4	:fail	:cas	[0 3]
2016-12-14 10:38:45,484{GMT}	INFO	[jepsen worker 3] jepsen.util: 3	:invoke	:read	nil
2016-12-14 10:38:45,485{GMT}	INFO	[jepsen worker 3] jepsen.util: 3	:ok	:read	2
2016-12-14 10:38:45,749{GMT}	INFO	[jepsen worker 1] jepsen.util: 1	:invoke	:cas	[3 3]
2016-12-14 10:38:45,766{GMT}	INFO	[jepsen worker 1] jepsen.util: 1	:fail	:cas	[3 3]
2016-12-14 10:38:45,894{GMT}	INFO	[jepsen worker 1] jepsen.util: 1	:invoke	:write	1
2016-12-14 10:38:45,910{GMT}	INFO	[jepsen worker 1] jepsen.util: 1	:ok	:write	1
2016-12-14 10:38:46,027{GMT}	INFO	[jepsen worker 0] jepsen.util: 0	:invoke	:cas	[3 1]
2016-12-14 10:38:46,048{GMT}	INFO	[jepsen worker 0] jepsen.util: 0	:fail	:cas	[3 1]
2016-12-14 10:38:46,335{GMT}	INFO	[jepsen worker 3] jepsen.util: 3	:invoke	:write	4
2016-12-14 10:38:46,351{GMT}	INFO	[jepsen worker 3] jepsen.util: 3	:ok	:write	4
2016-12-14 10:38:46,378{GMT}	INFO	[jepsen worker 0] jepsen.util: 0	:invoke	:write	3
2016-12-14 10:38:46,394{GMT}	INFO	[jepsen worker 0] jepsen.util: 0	:ok	:write	3
2016-12-14 10:38:46,546{GMT}	INFO	[jepsen worker 3] jepsen.util: 3	:invoke	:cas	[2 2]
2016-12-14 10:38:46,565{GMT}	INFO	[jepsen worker 3] jepsen.util: 3	:fail	:cas	[2 2]
2016-12-14 10:38:46,602{GMT}	INFO	[jepsen worker 2] jepsen.util: 2	:invoke	:read	nil
2016-12-14 10:38:46,603{GMT}	INFO	[jepsen worker 2] jepsen.util: 2	:ok	:read	3
2016-12-14 10:38:46,660{GMT}	INFO	[jepsen worker 1] jepsen.util: 1	:invoke	:cas	[2 3]
2016-12-14 10:38:46,675{GMT}	INFO	[jepsen worker 1] jepsen.util: 1	:fail	:cas	[2 3]
2016-12-14 10:38:47,136{GMT}	INFO	[jepsen worker 4] jepsen.util: 4	:invoke	:read	nil
2016-12-14 10:38:47,137{GMT}	INFO	[jepsen worker 4] jepsen.util: 4	:ok	:read	3
2016-12-14 10:38:47,278{GMT}	INFO	[jepsen worker 2] jepsen.util: 2	:invoke	:write	0
2016-12-14 10:38:47,284{GMT}	INFO	[jepsen worker 1] jepsen.util: 1	:invoke	:cas	[0 2]
2016-12-14 10:38:47,295{GMT}	INFO	[jepsen worker 2] jepsen.util: 2	:ok	:write	0
2016-12-14 10:38:47,306{GMT}	INFO	[jepsen worker 1] jepsen.util: 1	:ok	:cas	[0 2]
2016-12-14 10:38:47,542{GMT}	INFO	[jepsen worker 0] jepsen.util: 0	:invoke	:write	1
2016-12-14 10:38:47,559{GMT}	INFO	[jepsen worker 0] jepsen.util: 0	:ok	:write	1
2016-12-14 10:38:47,732{GMT}	INFO	[jepsen worker 0] jepsen.util: 0	:invoke	:write	3
2016-12-14 10:38:47,749{GMT}	INFO	[jepsen worker 0] jepsen.util: 0	:ok	:write	3
2016-12-14 10:38:47,909{GMT}	INFO	[jepsen worker 2] jepsen.util: 2	:invoke	:write	1
2016-12-14 10:38:47,926{GMT}	INFO	[jepsen worker 2] jepsen.util: 2	:ok	:write	1
2016-12-14 10:38:47,953{GMT}	INFO	[jepsen worker 3] jepsen.util: 3	:invoke	:read	nil
2016-12-14 10:38:47,954{GMT}	INFO	[jepsen worker 3] jepsen.util: 3	:ok	:read	1
2016-12-14 10:38:48,260{GMT}	INFO	[jepsen worker 0] jepsen.util: 0	:invoke	:write	4
2016-12-14 10:38:48,289{GMT}	INFO	[jepsen worker 0] jepsen.util: 0	:ok	:write	4
2016-12-14 10:38:48,518{GMT}	INFO	[jepsen worker 4] jepsen.util: 4	:invoke	:write	3
2016-12-14 10:38:48,532{GMT}	INFO	[jepsen worker 4] jepsen.util: 4	:ok	:write	3
2016-12-14 10:38:48,760{GMT}	INFO	[jepsen worker 3] jepsen.util: 3	:invoke	:read	nil
2016-12-14 10:38:48,762{GMT}	INFO	[jepsen worker 3] jepsen.util: 3	:ok	:read	3
2016-12-14 10:38:48,841{GMT}	INFO	[jepsen worker 3] jepsen.util: 3	:invoke	:cas	[2 0]
2016-12-14 10:38:48,859{GMT}	INFO	[jepsen worker 3] jepsen.util: 3	:fail	:cas	[2 0]
2016-12-14 10:38:48,910{GMT}	INFO	[jepsen worker 1] jepsen.util: 1	:invoke	:read	nil
2016-12-14 10:38:48,911{GMT}	INFO	[jepsen worker 1] jepsen.util: 1	:ok	:read	3
2016-12-14 10:38:48,997{GMT}	INFO	[jepsen worker 2] jepsen.util: 2	:invoke	:cas	[2 1]
2016-12-14 10:38:49,016{GMT}	INFO	[jepsen worker 2] jepsen.util: 2	:fail	:cas	[2 1]
2016-12-14 10:38:49,356{GMT}	INFO	[jepsen worker 3] jepsen.util: 3	:invoke	:cas	[3 4]
2016-12-14 10:38:49,371{GMT}	INFO	[jepsen worker 3] jepsen.util: 3	:ok	:cas	[3 4]
2016-12-14 10:38:49,570{GMT}	INFO	[jepsen worker 1] jepsen.util: 1	:invoke	:read	nil
2016-12-14 10:38:49,572{GMT}	INFO	[jepsen worker 1] jepsen.util: 1	:ok	:read	4
2016-12-14 10:38:49,641{GMT}	INFO	[jepsen worker 2] jepsen.util: 2	:invoke	:cas	[0 2]
2016-12-14 10:38:49,663{GMT}	INFO	[jepsen worker 3] jepsen.util: 3	:invoke	:cas	[3 4]
2016-12-14 10:38:49,665{GMT}	INFO	[jepsen worker 2] jepsen.util: 2	:fail	:cas	[0 2]
2016-12-14 10:38:49,680{GMT}	INFO	[jepsen worker 3] jepsen.util: 3	:fail	:cas	[3 4]
2016-12-14 10:38:50,089{GMT}	INFO	[jepsen worker 4] jepsen.util: 4	:invoke	:write	3
2016-12-14 10:38:50,104{GMT}	INFO	[jepsen worker 4] jepsen.util: 4	:ok	:write	3
2016-12-14 10:38:50,222{GMT}	INFO	[jepsen worker 0] jepsen.util: 0	:invoke	:write	2
2016-12-14 10:38:50,238{GMT}	INFO	[jepsen worker 0] jepsen.util: 0	:ok	:write	2
2016-12-14 10:38:50,279{GMT}	INFO	[jepsen worker 1] jepsen.util: 1	:invoke	:cas	[3 4]
2016-12-14 10:38:50,298{GMT}	INFO	[jepsen worker 1] jepsen.util: 1	:fail	:cas	[3 4]
2016-12-14 10:38:50,401{GMT}	INFO	[jepsen worker 0] jepsen.util: 0	:invoke	:read	nil
2016-12-14 10:38:50,402{GMT}	INFO	[jepsen worker 0] jepsen.util: 0	:ok	:read	2
2016-12-14 10:38:50,443{GMT}	INFO	[jepsen worker 3] jepsen.util: 3	:invoke	:read	nil
2016-12-14 10:38:50,444{GMT}	INFO	[jepsen worker 3] jepsen.util: 3	:ok	:read	2
2016-12-14 10:38:50,594{GMT}	INFO	[jepsen worker 0] jepsen.util: 0	:invoke	:cas	[1 3]
2016-12-14 10:38:50,612{GMT}	INFO	[jepsen worker 0] jepsen.util: 0	:fail	:cas	[1 3]
2016-12-14 10:38:50,623{GMT}	INFO	[jepsen worker 3] jepsen.util: 3	:invoke	:read	nil
2016-12-14 10:38:50,624{GMT}	INFO	[jepsen worker 3] jepsen.util: 3	:ok	:read	2
2016-12-14 10:38:50,751{GMT}	INFO	[jepsen worker 1] jepsen.util: 1	:invoke	:read	nil
2016-12-14 10:38:50,752{GMT}	INFO	[jepsen worker 1] jepsen.util: 1	:ok	:read	2
2016-12-14 10:38:51,258{GMT}	INFO	[jepsen worker 1] jepsen.util: 1	:invoke	:write	2
2016-12-14 10:38:51,262{GMT}	INFO	[jepsen worker 3] jepsen.util: 3	:invoke	:cas	[0 2]
2016-12-14 10:38:51,275{GMT}	INFO	[jepsen worker 1] jepsen.util: 1	:ok	:write	2
2016-12-14 10:38:51,286{GMT}	INFO	[jepsen worker 3] jepsen.util: 3	:fail	:cas	[0 2]
2016-12-14 10:38:51,365{GMT}	INFO	[jepsen worker 1] jepsen.util: 1	:invoke	:read	nil
2016-12-14 10:38:51,366{GMT}	INFO	[jepsen worker 1] jepsen.util: 1	:ok	:read	2
2016-12-14 10:38:51,442{GMT}	INFO	[jepsen worker 2] jepsen.util: 2	:invoke	:write	0
2016-12-14 10:38:51,460{GMT}	INFO	[jepsen worker 2] jepsen.util: 2	:ok	:write	0
2016-12-14 10:38:52,002{GMT}	INFO	[jepsen worker 4] jepsen.util: 4	:invoke	:write	2
2016-12-14 10:38:52,018{GMT}	INFO	[jepsen worker 4] jepsen.util: 4	:ok	:write	2
2016-12-14 10:38:52,113{GMT}	INFO	[jepsen worker 1] jepsen.util: 1	:invoke	:cas	[4 3]
2016-12-14 10:38:52,129{GMT}	INFO	[jepsen worker 1] jepsen.util: 1	:fail	:cas	[4 3]
2016-12-14 10:38:52,465{GMT}	INFO	[jepsen worker 2] jepsen.util: 2	:invoke	:write	2
2016-12-14 10:38:52,483{GMT}	INFO	[jepsen worker 2] jepsen.util: 2	:ok	:write	2
2016-12-14 10:38:52,593{GMT}	INFO	[jepsen worker 0] jepsen.util: 0	:invoke	:write	1
2016-12-14 10:38:52,609{GMT}	INFO	[jepsen worker 0] jepsen.util: 0	:ok	:write	1
2016-12-14 10:38:52,620{GMT}	INFO	[jepsen worker 3] jepsen.util: 3	:invoke	:read	nil
2016-12-14 10:38:52,621{GMT}	INFO	[jepsen worker 3] jepsen.util: 3	:ok	:read	1
2016-12-14 10:38:52,677{GMT}	INFO	[jepsen worker 0] jepsen.util: 0	:invoke	:cas	[0 3]
2016-12-14 10:38:52,694{GMT}	INFO	[jepsen worker 0] jepsen.util: 0	:fail	:cas	[0 3]
2016-12-14 10:38:52,979{GMT}	INFO	[jepsen worker 2] jepsen.util: 2	:invoke	:cas	[3 0]
2016-12-14 10:38:52,998{GMT}	INFO	[jepsen worker 4] jepsen.util: 4	:invoke	:cas	[2 1]
2016-12-14 10:38:53,013{GMT}	INFO	[jepsen worker 2] jepsen.util: 2	:fail	:cas	[3 0]
2016-12-14 10:38:53,023{GMT}	INFO	[jepsen worker 4] jepsen.util: 4	:fail	:cas	[2 1]
2016-12-14 10:38:53,214{GMT}	INFO	[jepsen worker 3] jepsen.util: 3	:invoke	:write	2
2016-12-14 10:38:53,231{GMT}	INFO	[jepsen worker 3] jepsen.util: 3	:ok	:write	2
2016-12-14 10:38:53,231{GMT}	INFO	[jepsen worker 3] jepsen.core: Worker 3 done
2016-12-14 10:38:53,246{GMT}	INFO	[jepsen worker 2] jepsen.util: 2	:invoke	:read	nil
2016-12-14 10:38:53,247{GMT}	INFO	[jepsen worker 2] jepsen.util: 2	:ok	:read	2
2016-12-14 10:38:53,247{GMT}	INFO	[jepsen worker 2] jepsen.core: Worker 2 done
2016-12-14 10:38:53,449{GMT}	INFO	[jepsen worker 1] jepsen.util: 1	:invoke	:cas	[2 3]
2016-12-14 10:38:53,465{GMT}	INFO	[jepsen worker 1] jepsen.util: 1	:ok	:cas	[2 3]
2016-12-14 10:38:53,465{GMT}	INFO	[jepsen worker 1] jepsen.core: Worker 1 done
2016-12-14 10:38:53,676{GMT}	INFO	[jepsen worker 4] jepsen.util: 4	:invoke	:read	nil
2016-12-14 10:38:53,677{GMT}	INFO	[jepsen worker 4] jepsen.util: 4	:ok	:read	3
2016-12-14 10:38:53,677{GMT}	INFO	[jepsen worker 4] jepsen.core: Worker 4 done
2016-12-14 10:38:54,232{GMT}	INFO	[jepsen worker 0] jepsen.util: 0	:invoke	:read	nil
2016-12-14 10:38:54,235{GMT}	INFO	[jepsen worker 0] jepsen.util: 0	:ok	:read	3
2016-12-14 10:38:54,235{GMT}	INFO	[jepsen worker 0] jepsen.core: Worker 0 done
2016-12-14 10:38:54,235{GMT}	INFO	[jepsen test runner] jepsen.core: Waiting for nemesis to complete
2016-12-14 10:38:54,235{GMT}	INFO	[jepsen test runner] jepsen.core: nemesis done.
2016-12-14 10:38:54,235{GMT}	INFO	[jepsen test runner] jepsen.core: Tearing down nemesis
2016-12-14 10:38:54,236{GMT}	INFO	[jepsen test runner] jepsen.core: Nemesis torn down
2016-12-14 10:38:54,240{GMT}	INFO	[clojure-agent-send-off-pool-7] org.apache.zookeeper.ZooKeeper: Session: 0x458fce97ff40000 closed
2016-12-14 10:38:54,240{GMT}	INFO	[clojure-agent-send-off-pool-2-EventThread] org.apache.zookeeper.ClientCnxn: EventThread shut down
2016-12-14 10:38:54,241{GMT}	INFO	[clojure-agent-send-off-pool-6] org.apache.zookeeper.ZooKeeper: Session: 0x158fce990300000 closed
2016-12-14 10:38:54,241{GMT}	INFO	[clojure-agent-send-off-pool-0-EventThread] org.apache.zookeeper.ClientCnxn: EventThread shut down
2016-12-14 10:38:54,241{GMT}	INFO	[clojure-agent-send-off-pool-2] org.apache.zookeeper.ZooKeeper: Session: 0x358fce9845f0000 closed
2016-12-14 10:38:54,241{GMT}	INFO	[clojure-agent-send-off-pool-1-EventThread] org.apache.zookeeper.ClientCnxn: EventThread shut down
2016-12-14 10:38:54,242{GMT}	INFO	[clojure-agent-send-off-pool-9] org.apache.zookeeper.ZooKeeper: Session: 0x258fce98e310000 closed
2016-12-14 10:38:54,242{GMT}	INFO	[clojure-agent-send-off-pool-4-EventThread] org.apache.zookeeper.ClientCnxn: EventThread shut down
2016-12-14 10:38:54,242{GMT}	INFO	[clojure-agent-send-off-pool-8] org.apache.zookeeper.ZooKeeper: Session: 0x58fce98f7c0000 closed
2016-12-14 10:38:54,242{GMT}	INFO	[clojure-agent-send-off-pool-3-EventThread] org.apache.zookeeper.ClientCnxn: EventThread shut down
2016-12-14 10:38:54,243{GMT}	INFO	[jepsen test runner] jepsen.core: Snarfing log files
2016-12-14 10:38:54,247{GMT}	INFO	[jepsen node w1] jepsen.core: downloading /var/log/zookeeper/zookeeper.log to zookeeper.log
2016-12-14 10:38:54,247{GMT}	INFO	[jepsen node w3] jepsen.core: downloading /var/log/zookeeper/zookeeper.log to zookeeper.log
2016-12-14 10:38:54,247{GMT}	INFO	[jepsen node w4] jepsen.core: downloading /var/log/zookeeper/zookeeper.log to zookeeper.log
2016-12-14 10:38:54,247{GMT}	INFO	[jepsen node w5] jepsen.core: downloading /var/log/zookeeper/zookeeper.log to zookeeper.log
2016-12-14 10:38:54,247{GMT}	INFO	[jepsen node w2] jepsen.core: downloading /var/log/zookeeper/zookeeper.log to zookeeper.log
2016-12-14 10:38:54,274{GMT}	INFO	[jepsen test runner] jepsen.core: Run complete, writing
2016-12-14 10:38:54,305{GMT}	INFO	[jepsen node w2] jepsen.zookeeper: Tearing down ZK on w2
2016-12-14 10:38:54,305{GMT}	INFO	[jepsen node w3] jepsen.zookeeper: Tearing down ZK on w3
2016-12-14 10:38:54,305{GMT}	INFO	[jepsen node w4] jepsen.zookeeper: Tearing down ZK on w4
2016-12-14 10:38:54,305{GMT}	INFO	[jepsen node w5] jepsen.zookeeper: Tearing down ZK on w5
2016-12-14 10:38:54,305{GMT}	INFO	[jepsen node w1] jepsen.zookeeper: Tearing down ZK on w1
2016-12-14 10:38:54,916{GMT}	INFO	[jepsen test runner] jepsen.core: Analyzing
2016-12-14 10:38:54,960{GMT}	INFO	[jepsen test runner] jepsen.core: Analysis complete
2016-12-14 10:38:54,983{GMT}	INFO	[jepsen results] jepsen.store: Wrote /home/admin/jepsen.zookeeper/store/zookeeper/20161214T103830.000Z/results.edn
2016-12-14 10:38:54,996{GMT}	INFO	[main] jepsen.core: {:valid? true,
 :configs
 ({:model {:value 3},
   :last-op
   {:type :ok,
    :f :read,
    :value 3,
    :process 0,
    :time 16346488170,
    :index 163},
   :pending []}),
 :final-paths ()}


Everything looks good! ヽ(‘ー`)ノ
