2016-12-13 16:38:22,072 - INFO  [main:QuorumPeerConfig@101] - Reading configuration from: /etc/zookeeper/conf/zoo.cfg
2016-12-13 16:38:22,077 - INFO  [main:QuorumPeerConfig@334] - Defaulting to majority quorums
2016-12-13 16:38:22,083 - INFO  [main:DatadirCleanupManager@78] - autopurge.snapRetainCount set to 3
2016-12-13 16:38:22,083 - INFO  [main:DatadirCleanupManager@79] - autopurge.purgeInterval set to 0
2016-12-13 16:38:22,084 - INFO  [main:DatadirCleanupManager@101] - Purge task is not scheduled.
2016-12-13 16:38:22,099 - INFO  [main:QuorumPeerMain@127] - Starting quorum peer
2016-12-13 16:38:22,113 - INFO  [main:NIOServerCnxnFactory@94] - binding to port 0.0.0.0/0.0.0.0:2181
2016-12-13 16:38:22,135 - INFO  [main:QuorumPeer@913] - tickTime set to 2000
2016-12-13 16:38:22,136 - INFO  [main:QuorumPeer@933] - minSessionTimeout set to -1
2016-12-13 16:38:22,136 - INFO  [main:QuorumPeer@944] - maxSessionTimeout set to -1
2016-12-13 16:38:22,136 - INFO  [main:QuorumPeer@959] - initLimit set to 10
2016-12-13 16:38:22,155 - INFO  [main:QuorumPeer@429] - currentEpoch not found! Creating with a reasonable default of 0. This should only happen when you are upgrading your installation
2016-12-13 16:38:22,171 - INFO  [main:QuorumPeer@444] - acceptedEpoch not found! Creating with a reasonable default of 0. This should only happen when you are upgrading your installation
2016-12-13 16:38:22,179 - INFO  [Thread-1:QuorumCnxManager$Listener@486] - My election bind port: 0.0.0.0/0.0.0.0:3888
2016-12-13 16:38:22,190 - INFO  [QuorumPeer[myid=3]/0:0:0:0:0:0:0:0:2181:QuorumPeer@670] - LOOKING
2016-12-13 16:38:22,191 - INFO  [QuorumPeer[myid=3]/0:0:0:0:0:0:0:0:2181:FastLeaderElection@740] - New election. My id =  3, proposed zxid=0x0
2016-12-13 16:38:22,192 - INFO  [w4/192.168.4.104:3888:QuorumCnxManager$Listener@493] - Received connection request /192.168.4.103:62630
2016-12-13 16:38:22,201 - INFO  [WorkerReceiver[myid=3]:FastLeaderElection@542] - Notification: 3 (n.leader), 0x0 (n.zxid), 0x1 (n.round), LOOKING (n.state), 3 (n.sid), 0x0 (n.peerEPoch), LOOKING (my state)
2016-12-13 16:38:22,201 - INFO  [WorkerSender[myid=3]:QuorumCnxManager@190] - Have smaller server identifier, so dropping the connection: (4, 3)
2016-12-13 16:38:22,202 - INFO  [w4/192.168.4.104:3888:QuorumCnxManager$Listener@493] - Received connection request /192.168.4.102:33014
2016-12-13 16:38:22,203 - WARN  [SendWorker:1:QuorumCnxManager$SendWorker@679] - Interrupted while waiting for message on queue
java.lang.InterruptedException
	at java.util.concurrent.locks.AbstractQueuedSynchronizer$ConditionObject.reportInterruptAfterWait(AbstractQueuedSynchronizer.java:2014)
	at java.util.concurrent.locks.AbstractQueuedSynchronizer$ConditionObject.awaitNanos(AbstractQueuedSynchronizer.java:2088)
	at java.util.concurrent.ArrayBlockingQueue.poll(ArrayBlockingQueue.java:418)
	at org.apache.zookeeper.server.quorum.QuorumCnxManager.pollSendQueue(QuorumCnxManager.java:831)
	at org.apache.zookeeper.server.quorum.QuorumCnxManager.access$500(QuorumCnxManager.java:62)
	at org.apache.zookeeper.server.quorum.QuorumCnxManager$SendWorker.run(QuorumCnxManager.java:667)
2016-12-13 16:38:22,205 - WARN  [SendWorker:1:QuorumCnxManager$SendWorker@688] - Send worker leaving thread
2016-12-13 16:38:22,203 - WARN  [RecvWorker:1:QuorumCnxManager$RecvWorker@762] - Connection broken for id 1, my id = 3, error = 
java.net.SocketException: Socket closed
	at java.net.SocketInputStream.socketRead0(Native Method)
	at java.net.SocketInputStream.socketRead(SocketInputStream.java:116)
	at java.net.SocketInputStream.read(SocketInputStream.java:170)
	at java.net.SocketInputStream.read(SocketInputStream.java:141)
	at java.net.SocketInputStream.read(SocketInputStream.java:223)
	at java.io.DataInputStream.readInt(DataInputStream.java:388)
	at org.apache.zookeeper.server.quorum.QuorumCnxManager$RecvWorker.run(QuorumCnxManager.java:747)
2016-12-13 16:38:22,210 - WARN  [RecvWorker:1:QuorumCnxManager$RecvWorker@765] - Interrupting SendWorker
2016-12-13 16:38:22,210 - INFO  [w4/192.168.4.104:3888:QuorumCnxManager$Listener@493] - Received connection request /192.168.4.102:33016
2016-12-13 16:38:22,205 - INFO  [WorkerReceiver[myid=3]:FastLeaderElection@542] - Notification: 4 (n.leader), 0x0 (n.zxid), 0x1 (n.round), LOOKING (n.state), 2 (n.sid), 0x0 (n.peerEPoch), LOOKING (my state)
2016-12-13 16:38:22,213 - INFO  [WorkerReceiver[myid=3]:FastLeaderElection@542] - Notification: 4 (n.leader), 0x0 (n.zxid), 0x1 (n.round), LOOKING (n.state), 0 (n.sid), 0x0 (n.peerEPoch), LOOKING (my state)
2016-12-13 16:38:22,213 - INFO  [WorkerReceiver[myid=3]:FastLeaderElection@542] - Notification: 4 (n.leader), 0x0 (n.zxid), 0x1 (n.round), LOOKING (n.state), 1 (n.sid), 0x0 (n.peerEPoch), LOOKING (my state)
2016-12-13 16:38:22,214 - WARN  [SendWorker:1:QuorumCnxManager$SendWorker@679] - Interrupted while waiting for message on queue
java.lang.InterruptedException
	at java.util.concurrent.locks.AbstractQueuedSynchronizer$ConditionObject.reportInterruptAfterWait(AbstractQueuedSynchronizer.java:2014)
	at java.util.concurrent.locks.AbstractQueuedSynchronizer$ConditionObject.awaitNanos(AbstractQueuedSynchronizer.java:2088)
	at java.util.concurrent.ArrayBlockingQueue.poll(ArrayBlockingQueue.java:418)
	at org.apache.zookeeper.server.quorum.QuorumCnxManager.pollSendQueue(QuorumCnxManager.java:831)
	at org.apache.zookeeper.server.quorum.QuorumCnxManager.access$500(QuorumCnxManager.java:62)
	at org.apache.zookeeper.server.quorum.QuorumCnxManager$SendWorker.run(QuorumCnxManager.java:667)
2016-12-13 16:38:22,214 - WARN  [SendWorker:1:QuorumCnxManager$SendWorker@688] - Send worker leaving thread
2016-12-13 16:38:22,215 - WARN  [RecvWorker:1:QuorumCnxManager$RecvWorker@762] - Connection broken for id 1, my id = 3, error = 
java.net.SocketException: Socket closed
	at java.net.SocketInputStream.read(SocketInputStream.java:203)
	at java.net.SocketInputStream.read(SocketInputStream.java:141)
	at java.net.SocketInputStream.read(SocketInputStream.java:223)
	at java.io.DataInputStream.readInt(DataInputStream.java:387)
	at org.apache.zookeeper.server.quorum.QuorumCnxManager$RecvWorker.run(QuorumCnxManager.java:747)
2016-12-13 16:38:22,215 - WARN  [RecvWorker:1:QuorumCnxManager$RecvWorker@765] - Interrupting SendWorker
2016-12-13 16:38:22,217 - INFO  [WorkerSender[myid=3]:QuorumCnxManager@190] - Have smaller server identifier, so dropping the connection: (4, 3)
2016-12-13 16:38:22,216 - INFO  [WorkerReceiver[myid=3]:FastLeaderElection@542] - Notification: 4 (n.leader), 0x0 (n.zxid), 0x1 (n.round), LOOKING (n.state), 1 (n.sid), 0x0 (n.peerEPoch), LOOKING (my state)
2016-12-13 16:38:22,216 - INFO  [w4/192.168.4.104:3888:QuorumCnxManager$Listener@493] - Received connection request /192.168.4.105:53666
2016-12-13 16:38:22,218 - INFO  [WorkerReceiver[myid=3]:FastLeaderElection@542] - Notification: 4 (n.leader), 0x0 (n.zxid), 0x1 (n.round), LOOKING (n.state), 3 (n.sid), 0x0 (n.peerEPoch), LOOKING (my state)
2016-12-13 16:38:22,218 - INFO  [w4/192.168.4.104:3888:QuorumCnxManager$Listener@493] - Received connection request /192.168.4.103:62632
2016-12-13 16:38:22,218 - WARN  [RecvWorker:2:QuorumCnxManager$RecvWorker@762] - Connection broken for id 2, my id = 3, error = 
java.net.SocketException: Socket closed
	at java.net.SocketInputStream.socketRead0(Native Method)
	at java.net.SocketInputStream.socketRead(SocketInputStream.java:116)
	at java.net.SocketInputStream.read(SocketInputStream.java:170)
	at java.net.SocketInputStream.read(SocketInputStream.java:141)
	at java.net.SocketInputStream.read(SocketInputStream.java:223)
	at java.io.DataInputStream.readInt(DataInputStream.java:387)
	at org.apache.zookeeper.server.quorum.QuorumCnxManager$RecvWorker.run(QuorumCnxManager.java:747)
2016-12-13 16:38:22,219 - WARN  [RecvWorker:2:QuorumCnxManager$RecvWorker@765] - Interrupting SendWorker
2016-12-13 16:38:22,219 - WARN  [SendWorker:2:QuorumCnxManager$SendWorker@679] - Interrupted while waiting for message on queue
java.lang.InterruptedException
	at java.util.concurrent.locks.AbstractQueuedSynchronizer$ConditionObject.reportInterruptAfterWait(AbstractQueuedSynchronizer.java:2014)
	at java.util.concurrent.locks.AbstractQueuedSynchronizer$ConditionObject.awaitNanos(AbstractQueuedSynchronizer.java:2088)
	at java.util.concurrent.ArrayBlockingQueue.poll(ArrayBlockingQueue.java:418)
	at org.apache.zookeeper.server.quorum.QuorumCnxManager.pollSendQueue(QuorumCnxManager.java:831)
	at org.apache.zookeeper.server.quorum.QuorumCnxManager.access$500(QuorumCnxManager.java:62)
	at org.apache.zookeeper.server.quorum.QuorumCnxManager$SendWorker.run(QuorumCnxManager.java:667)
2016-12-13 16:38:22,219 - WARN  [SendWorker:2:QuorumCnxManager$SendWorker@688] - Send worker leaving thread
2016-12-13 16:38:22,219 - INFO  [WorkerReceiver[myid=3]:FastLeaderElection@542] - Notification: 4 (n.leader), 0x0 (n.zxid), 0x1 (n.round), LOOKING (n.state), 4 (n.sid), 0x0 (n.peerEPoch), LOOKING (my state)
2016-12-13 16:38:22,219 - WARN  [RecvWorker:4:QuorumCnxManager$RecvWorker@762] - Connection broken for id 4, my id = 3, error = 
java.io.EOFException
	at java.io.DataInputStream.readInt(DataInputStream.java:392)
	at org.apache.zookeeper.server.quorum.QuorumCnxManager$RecvWorker.run(QuorumCnxManager.java:747)
2016-12-13 16:38:22,225 - WARN  [RecvWorker:4:QuorumCnxManager$RecvWorker@765] - Interrupting SendWorker
2016-12-13 16:38:22,222 - INFO  [WorkerReceiver[myid=3]:FastLeaderElection@542] - Notification: 4 (n.leader), 0x0 (n.zxid), 0x1 (n.round), LOOKING (n.state), 2 (n.sid), 0x0 (n.peerEPoch), LOOKING (my state)
2016-12-13 16:38:22,222 - INFO  [w4/192.168.4.104:3888:QuorumCnxManager$Listener@493] - Received connection request /192.168.4.105:53668
2016-12-13 16:38:22,225 - WARN  [SendWorker:4:QuorumCnxManager$SendWorker@679] - Interrupted while waiting for message on queue
java.lang.InterruptedException
	at java.util.concurrent.locks.AbstractQueuedSynchronizer$ConditionObject.reportInterruptAfterWait(AbstractQueuedSynchronizer.java:2014)
	at java.util.concurrent.locks.AbstractQueuedSynchronizer$ConditionObject.awaitNanos(AbstractQueuedSynchronizer.java:2088)
	at java.util.concurrent.ArrayBlockingQueue.poll(ArrayBlockingQueue.java:418)
	at org.apache.zookeeper.server.quorum.QuorumCnxManager.pollSendQueue(QuorumCnxManager.java:831)
	at org.apache.zookeeper.server.quorum.QuorumCnxManager.access$500(QuorumCnxManager.java:62)
	at org.apache.zookeeper.server.quorum.QuorumCnxManager$SendWorker.run(QuorumCnxManager.java:667)
2016-12-13 16:38:22,226 - WARN  [SendWorker:4:QuorumCnxManager$SendWorker@688] - Send worker leaving thread
2016-12-13 16:38:22,226 - INFO  [w4/192.168.4.104:3888:QuorumCnxManager$Listener@493] - Received connection request /192.168.4.105:53669
2016-12-13 16:38:22,226 - INFO  [WorkerReceiver[myid=3]:FastLeaderElection@542] - Notification: 4 (n.leader), 0x0 (n.zxid), 0x1 (n.round), LOOKING (n.state), 4 (n.sid), 0x0 (n.peerEPoch), LOOKING (my state)
2016-12-13 16:38:22,226 - WARN  [RecvWorker:4:QuorumCnxManager$RecvWorker@765] - Interrupting SendWorker
2016-12-13 16:38:22,227 - WARN  [SendWorker:4:QuorumCnxManager$SendWorker@679] - Interrupted while waiting for message on queue
java.lang.InterruptedException
	at java.util.concurrent.locks.AbstractQueuedSynchronizer$ConditionObject.reportInterruptAfterWait(AbstractQueuedSynchronizer.java:2014)
	at java.util.concurrent.locks.AbstractQueuedSynchronizer$ConditionObject.awaitNanos(AbstractQueuedSynchronizer.java:2088)
	at java.util.concurrent.ArrayBlockingQueue.poll(ArrayBlockingQueue.java:418)
	at org.apache.zookeeper.server.quorum.QuorumCnxManager.pollSendQueue(QuorumCnxManager.java:831)
	at org.apache.zookeeper.server.quorum.QuorumCnxManager.access$500(QuorumCnxManager.java:62)
	at org.apache.zookeeper.server.quorum.QuorumCnxManager$SendWorker.run(QuorumCnxManager.java:667)
2016-12-13 16:38:22,227 - INFO  [WorkerReceiver[myid=3]:FastLeaderElection@542] - Notification: 4 (n.leader), 0x0 (n.zxid), 0x1 (n.round), LOOKING (n.state), 4 (n.sid), 0x0 (n.peerEPoch), LOOKING (my state)
2016-12-13 16:38:22,228 - WARN  [SendWorker:4:QuorumCnxManager$SendWorker@688] - Send worker leaving thread
2016-12-13 16:38:22,428 - INFO  [QuorumPeer[myid=3]/0:0:0:0:0:0:0:0:2181:QuorumPeer@738] - FOLLOWING
2016-12-13 16:38:22,432 - INFO  [QuorumPeer[myid=3]/0:0:0:0:0:0:0:0:2181:Learner@85] - TCP NoDelay set to: true
2016-12-13 16:38:22,439 - INFO  [QuorumPeer[myid=3]/0:0:0:0:0:0:0:0:2181:Environment@100] - Server environment:zookeeper.version=3.4.5--1, built on 03/16/2014 21:36 GMT
2016-12-13 16:38:22,439 - INFO  [QuorumPeer[myid=3]/0:0:0:0:0:0:0:0:2181:Environment@100] - Server environment:host.name=w4
2016-12-13 16:38:22,439 - INFO  [QuorumPeer[myid=3]/0:0:0:0:0:0:0:0:2181:Environment@100] - Server environment:java.version=1.8.0_111
2016-12-13 16:38:22,439 - INFO  [QuorumPeer[myid=3]/0:0:0:0:0:0:0:0:2181:Environment@100] - Server environment:java.vendor=Oracle Corporation
2016-12-13 16:38:22,439 - INFO  [QuorumPeer[myid=3]/0:0:0:0:0:0:0:0:2181:Environment@100] - Server environment:java.home=/usr/lib/jvm/java-8-oracle/jre
2016-12-13 16:38:22,439 - INFO  [QuorumPeer[myid=3]/0:0:0:0:0:0:0:0:2181:Environment@100] - Server environment:java.class.path=/etc/zookeeper/conf:/usr/share/java/jline.jar:/usr/share/java/log4j-1.2.jar:/usr/share/java/xercesImpl.jar:/usr/share/java/xmlParserAPIs.jar:/usr/share/java/netty.jar:/usr/share/java/slf4j-api.jar:/usr/share/java/slf4j-log4j12.jar:/usr/share/java/zookeeper.jar
2016-12-13 16:38:22,439 - INFO  [QuorumPeer[myid=3]/0:0:0:0:0:0:0:0:2181:Environment@100] - Server environment:java.library.path=/usr/java/packages/lib/amd64:/usr/lib64:/lib64:/lib:/usr/lib
2016-12-13 16:38:22,439 - INFO  [QuorumPeer[myid=3]/0:0:0:0:0:0:0:0:2181:Environment@100] - Server environment:java.io.tmpdir=/tmp
2016-12-13 16:38:22,439 - INFO  [QuorumPeer[myid=3]/0:0:0:0:0:0:0:0:2181:Environment@100] - Server environment:java.compiler=<NA>
2016-12-13 16:38:22,439 - INFO  [QuorumPeer[myid=3]/0:0:0:0:0:0:0:0:2181:Environment@100] - Server environment:os.name=Linux
2016-12-13 16:38:22,440 - INFO  [QuorumPeer[myid=3]/0:0:0:0:0:0:0:0:2181:Environment@100] - Server environment:os.arch=amd64
2016-12-13 16:38:22,440 - INFO  [QuorumPeer[myid=3]/0:0:0:0:0:0:0:0:2181:Environment@100] - Server environment:os.version=3.16.0-4-amd64
2016-12-13 16:38:22,440 - INFO  [QuorumPeer[myid=3]/0:0:0:0:0:0:0:0:2181:Environment@100] - Server environment:user.name=zookeeper
2016-12-13 16:38:22,440 - INFO  [QuorumPeer[myid=3]/0:0:0:0:0:0:0:0:2181:Environment@100] - Server environment:user.home=/var/lib/zookeeper
2016-12-13 16:38:22,440 - INFO  [QuorumPeer[myid=3]/0:0:0:0:0:0:0:0:2181:Environment@100] - Server environment:user.dir=/
2016-12-13 16:38:22,441 - INFO  [QuorumPeer[myid=3]/0:0:0:0:0:0:0:0:2181:ZooKeeperServer@162] - Created server with tickTime 2000 minSessionTimeout 4000 maxSessionTimeout 40000 datadir /var/lib/zookeeper/version-2 snapdir /var/lib/zookeeper/version-2
2016-12-13 16:38:22,442 - INFO  [QuorumPeer[myid=3]/0:0:0:0:0:0:0:0:2181:Follower@63] - FOLLOWING - LEADER ELECTION TOOK - 251
2016-12-13 16:38:23,460 - INFO  [QuorumPeer[myid=3]/0:0:0:0:0:0:0:0:2181:Learner@322] - Getting a diff from the leader 0x0
2016-12-13 16:38:23,464 - INFO  [QuorumPeer[myid=3]/0:0:0:0:0:0:0:0:2181:FileTxnSnapLog@240] - Snapshotting: 0x0 to /var/lib/zookeeper/version-2/snapshot.0
2016-12-13 16:38:23,469 - INFO  [QuorumPeer[myid=3]/0:0:0:0:0:0:0:0:2181:FileTxnSnapLog@240] - Snapshotting: 0x0 to /var/lib/zookeeper/version-2/snapshot.0
2016-12-13 16:38:26,841 - INFO  [NIOServerCxn.Factory:0.0.0.0/0.0.0.0:2181:NIOServerCnxnFactory@197] - Accepted socket connection from /192.168.4.100:38722
2016-12-13 16:38:26,920 - INFO  [NIOServerCxn.Factory:0.0.0.0/0.0.0.0:2181:ZooKeeperServer@839] - Client attempting to establish new session at /192.168.4.100:38722
2016-12-13 16:38:26,926 - WARN  [QuorumPeer[myid=3]/0:0:0:0:0:0:0:0:2181:Follower@118] - Got zxid 0x100000001 expected 0x1
2016-12-13 16:38:26,926 - INFO  [SyncThread:3:FileTxnLog@199] - Creating new log file: log.100000001
2016-12-13 16:38:26,956 - INFO  [CommitProcessor:3:ZooKeeperServer@595] - Established session 0x358f90c9de80000 with negotiated timeout 5000 for client /192.168.4.100:38722
2016-12-13 16:38:43,848 - INFO  [NIOServerCxn.Factory:0.0.0.0/0.0.0.0:2181:NIOServerCnxn@1001] - Closed socket connection for client /192.168.4.100:38722 which had sessionid 0x358f90c9de80000
