2016-12-13 15:10:42,129{GMT}	INFO	[jepsen node w2] jepsen.os.debian: w2 setting up debian
2016-12-13 15:10:42,129{GMT}	INFO	[jepsen node w5] jepsen.os.debian: w5 setting up debian
2016-12-13 15:10:42,130{GMT}	INFO	[jepsen node w4] jepsen.os.debian: w4 setting up debian
2016-12-13 15:10:42,130{GMT}	INFO	[jepsen node w3] jepsen.os.debian: w3 setting up debian
2016-12-13 15:10:42,130{GMT}	INFO	[jepsen node w1] jepsen.os.debian: w1 setting up debian
2016-12-13 15:10:42,848{GMT}	INFO	[jepsen node w3] jepsen.zookeeper: Tearing down ZK on w3
2016-12-13 15:10:42,848{GMT}	INFO	[jepsen node w1] jepsen.zookeeper: Tearing down ZK on w1
2016-12-13 15:10:42,848{GMT}	INFO	[jepsen node w2] jepsen.zookeeper: Tearing down ZK on w2
2016-12-13 15:10:42,848{GMT}	INFO	[jepsen node w5] jepsen.zookeeper: Tearing down ZK on w5
2016-12-13 15:10:42,848{GMT}	INFO	[jepsen node w4] jepsen.zookeeper: Tearing down ZK on w4
2016-12-13 15:10:42,848{GMT}	INFO	[jepsen node w3] jepsen.zookeeper: Setting up ZK on w3
2016-12-13 15:10:42,848{GMT}	INFO	[jepsen node w1] jepsen.zookeeper: Setting up ZK on w1
2016-12-13 15:10:42,848{GMT}	INFO	[jepsen node w2] jepsen.zookeeper: Setting up ZK on w2
2016-12-13 15:10:42,848{GMT}	INFO	[jepsen node w5] jepsen.zookeeper: Setting up ZK on w5
2016-12-13 15:10:42,849{GMT}	INFO	[jepsen node w4] jepsen.zookeeper: Setting up ZK on w4
2016-12-13 15:10:43,368{GMT}	INFO	[jepsen nemesis] jepsen.core: Nemesis starting
2016-12-13 15:10:43,368{GMT}	INFO	[jepsen nemesis] jepsen.core: nemesis done
2016-12-13 15:10:43,369{GMT}	INFO	[jepsen worker 0] jepsen.core: Worker 0 starting
2016-12-13 15:10:43,369{GMT}	INFO	[jepsen worker 2] jepsen.core: Worker 2 starting
2016-12-13 15:10:43,369{GMT}	INFO	[jepsen worker 1] jepsen.core: Worker 1 starting
2016-12-13 15:10:43,369{GMT}	INFO	[jepsen worker 4] jepsen.core: Worker 4 starting
2016-12-13 15:10:43,369{GMT}	INFO	[jepsen worker 3] jepsen.core: Worker 3 starting
2016-12-13 15:10:43,369{GMT}	INFO	[jepsen worker 2] jepsen.core: Worker 2 done
2016-12-13 15:10:43,369{GMT}	INFO	[jepsen worker 0] jepsen.core: Worker 0 done
2016-12-13 15:10:43,370{GMT}	INFO	[jepsen worker 1] jepsen.core: Worker 1 done
2016-12-13 15:10:43,370{GMT}	INFO	[jepsen worker 4] jepsen.core: Worker 4 done
2016-12-13 15:10:43,370{GMT}	INFO	[jepsen worker 3] jepsen.core: Worker 3 done
2016-12-13 15:10:43,370{GMT}	INFO	[jepsen test runner] jepsen.core: Waiting for nemesis to complete
2016-12-13 15:10:43,370{GMT}	INFO	[jepsen test runner] jepsen.core: nemesis done.
2016-12-13 15:10:43,370{GMT}	INFO	[jepsen test runner] jepsen.core: Tearing down nemesis
2016-12-13 15:10:43,371{GMT}	INFO	[jepsen test runner] jepsen.core: Nemesis torn down
2016-12-13 15:10:43,371{GMT}	INFO	[jepsen test runner] jepsen.core: Run complete, writing
2016-12-13 15:10:43,390{GMT}	INFO	[jepsen node w3] jepsen.zookeeper: Tearing down ZK on w3
2016-12-13 15:10:43,390{GMT}	INFO	[jepsen node w5] jepsen.zookeeper: Tearing down ZK on w5
2016-12-13 15:10:43,390{GMT}	INFO	[jepsen node w4] jepsen.zookeeper: Tearing down ZK on w4
2016-12-13 15:10:43,390{GMT}	INFO	[jepsen node w2] jepsen.zookeeper: Tearing down ZK on w2
2016-12-13 15:10:43,391{GMT}	INFO	[jepsen node w1] jepsen.zookeeper: Tearing down ZK on w1
2016-12-13 15:10:43,398{GMT}	INFO	[jepsen test runner] jepsen.core: Analyzing
2016-12-13 15:10:43,408{GMT}	INFO	[jepsen test runner] jepsen.core: Analysis complete
2016-12-13 15:10:43,417{GMT}	INFO	[jepsen results] jepsen.store: Wrote /home/admin/jepsen.zookeeper/store/zookeeper/20161213T151041.000Z/results.edn
2016-12-13 15:10:43,425{GMT}	INFO	[main] jepsen.core: {:valid? true,
 :configs ({:model {}, :last-op nil, :pending []}),
 :final-paths ()}


Everything looks good! ヽ(‘ー`)ノ
