2016-12-13 15:23:59,289 - INFO  [main:QuorumPeerConfig@101] - Reading configuration from: /etc/zookeeper/conf/zoo.cfg
2016-12-13 15:23:59,294 - INFO  [main:QuorumPeerConfig@334] - Defaulting to majority quorums
2016-12-13 15:23:59,300 - INFO  [main:DatadirCleanupManager@78] - autopurge.snapRetainCount set to 3
2016-12-13 15:23:59,300 - INFO  [main:DatadirCleanupManager@79] - autopurge.purgeInterval set to 0
2016-12-13 15:23:59,301 - INFO  [main:DatadirCleanupManager@101] - Purge task is not scheduled.
2016-12-13 15:23:59,315 - INFO  [main:QuorumPeerMain@127] - Starting quorum peer
2016-12-13 15:23:59,329 - INFO  [main:NIOServerCnxnFactory@94] - binding to port 0.0.0.0/0.0.0.0:2181
2016-12-13 15:23:59,352 - INFO  [main:QuorumPeer@913] - tickTime set to 2000
2016-12-13 15:23:59,352 - INFO  [main:QuorumPeer@933] - minSessionTimeout set to -1
2016-12-13 15:23:59,352 - INFO  [main:QuorumPeer@944] - maxSessionTimeout set to -1
2016-12-13 15:23:59,352 - INFO  [main:QuorumPeer@959] - initLimit set to 10
2016-12-13 15:23:59,371 - INFO  [main:QuorumPeer@429] - currentEpoch not found! Creating with a reasonable default of 0. This should only happen when you are upgrading your installation
2016-12-13 15:23:59,410 - INFO  [main:QuorumPeer@444] - acceptedEpoch not found! Creating with a reasonable default of 0. This should only happen when you are upgrading your installation
2016-12-13 15:23:59,430 - INFO  [Thread-1:QuorumCnxManager$Listener@486] - My election bind port: 0.0.0.0/0.0.0.0:3888
2016-12-13 15:23:59,441 - INFO  [QuorumPeer[myid=0]/0:0:0:0:0:0:0:0:2181:QuorumPeer@670] - LOOKING
2016-12-13 15:23:59,442 - INFO  [QuorumPeer[myid=0]/0:0:0:0:0:0:0:0:2181:FastLeaderElection@740] - New election. My id =  0, proposed zxid=0x0
2016-12-13 15:23:59,442 - INFO  [w1/192.168.4.101:3888:QuorumCnxManager$Listener@493] - Received connection request /192.168.4.102:40813
2016-12-13 15:23:59,445 - INFO  [WorkerReceiver[myid=0]:FastLeaderElection@542] - Notification: 0 (n.leader), 0x0 (n.zxid), 0x1 (n.round), LOOKING (n.state), 0 (n.sid), 0x0 (n.peerEPoch), LOOKING (my state)
2016-12-13 15:23:59,461 - INFO  [w1/192.168.4.101:3888:QuorumCnxManager$Listener@493] - Received connection request /192.168.4.103:22054
2016-12-13 15:23:59,461 - INFO  [WorkerReceiver[myid=0]:FastLeaderElection@542] - Notification: 1 (n.leader), 0x0 (n.zxid), 0x1 (n.round), LOOKING (n.state), 1 (n.sid), 0x0 (n.peerEPoch), LOOKING (my state)
2016-12-13 15:23:59,462 - INFO  [WorkerReceiver[myid=0]:FastLeaderElection@542] - Notification: 2 (n.leader), 0x0 (n.zxid), 0x1 (n.round), LOOKING (n.state), 2 (n.sid), 0x0 (n.peerEPoch), LOOKING (my state)
2016-12-13 15:23:59,470 - INFO  [WorkerSender[myid=0]:QuorumCnxManager@190] - Have smaller server identifier, so dropping the connection: (1, 0)
2016-12-13 15:23:59,471 - INFO  [WorkerSender[myid=0]:QuorumCnxManager@190] - Have smaller server identifier, so dropping the connection: (3, 0)
2016-12-13 15:23:59,473 - INFO  [WorkerSender[myid=0]:QuorumCnxManager@190] - Have smaller server identifier, so dropping the connection: (4, 0)
2016-12-13 15:23:59,473 - INFO  [WorkerReceiver[myid=0]:FastLeaderElection@542] - Notification: 1 (n.leader), 0x0 (n.zxid), 0x1 (n.round), LOOKING (n.state), 0 (n.sid), 0x0 (n.peerEPoch), LOOKING (my state)
2016-12-13 15:23:59,474 - INFO  [WorkerSender[myid=0]:QuorumCnxManager@190] - Have smaller server identifier, so dropping the connection: (3, 0)
2016-12-13 15:23:59,475 - INFO  [WorkerSender[myid=0]:QuorumCnxManager@190] - Have smaller server identifier, so dropping the connection: (4, 0)
2016-12-13 15:23:59,475 - INFO  [WorkerReceiver[myid=0]:FastLeaderElection@542] - Notification: 2 (n.leader), 0x0 (n.zxid), 0x1 (n.round), LOOKING (n.state), 0 (n.sid), 0x0 (n.peerEPoch), LOOKING (my state)
2016-12-13 15:23:59,476 - INFO  [WorkerSender[myid=0]:QuorumCnxManager@190] - Have smaller server identifier, so dropping the connection: (3, 0)
2016-12-13 15:23:59,476 - INFO  [WorkerSender[myid=0]:QuorumCnxManager@190] - Have smaller server identifier, so dropping the connection: (4, 0)
2016-12-13 15:23:59,479 - INFO  [w1/192.168.4.101:3888:QuorumCnxManager$Listener@493] - Received connection request /192.168.4.105:57080
2016-12-13 15:23:59,491 - INFO  [WorkerReceiver[myid=0]:FastLeaderElection@542] - Notification: 3 (n.leader), 0x0 (n.zxid), 0x1 (n.round), LOOKING (n.state), 2 (n.sid), 0x0 (n.peerEPoch), LOOKING (my state)
2016-12-13 15:23:59,492 - INFO  [WorkerReceiver[myid=0]:FastLeaderElection@542] - Notification: 3 (n.leader), 0x0 (n.zxid), 0x1 (n.round), LOOKING (n.state), 0 (n.sid), 0x0 (n.peerEPoch), LOOKING (my state)
2016-12-13 15:23:59,493 - INFO  [WorkerSender[myid=0]:QuorumCnxManager@190] - Have smaller server identifier, so dropping the connection: (3, 0)
2016-12-13 15:23:59,493 - INFO  [WorkerSender[myid=0]:QuorumCnxManager@190] - Have smaller server identifier, so dropping the connection: (4, 0)
2016-12-13 15:23:59,494 - INFO  [w1/192.168.4.101:3888:QuorumCnxManager$Listener@493] - Received connection request /192.168.4.104:12131
2016-12-13 15:23:59,494 - INFO  [w1/192.168.4.101:3888:QuorumCnxManager$Listener@493] - Received connection request /192.168.4.104:12132
2016-12-13 15:23:59,496 - INFO  [WorkerReceiver[myid=0]:FastLeaderElection@542] - Notification: 4 (n.leader), 0x0 (n.zxid), 0x1 (n.round), LOOKING (n.state), 4 (n.sid), 0x0 (n.peerEPoch), LOOKING (my state)
2016-12-13 15:23:59,497 - INFO  [WorkerReceiver[myid=0]:FastLeaderElection@542] - Notification: 4 (n.leader), 0x0 (n.zxid), 0x1 (n.round), LOOKING (n.state), 0 (n.sid), 0x0 (n.peerEPoch), LOOKING (my state)
2016-12-13 15:23:59,498 - INFO  [WorkerReceiver[myid=0]:FastLeaderElection@542] - Notification: 4 (n.leader), 0x0 (n.zxid), 0x1 (n.round), LOOKING (n.state), 2 (n.sid), 0x0 (n.peerEPoch), LOOKING (my state)
2016-12-13 15:23:59,501 - WARN  [RecvWorker:4:QuorumCnxManager$RecvWorker@762] - Connection broken for id 4, my id = 0, error = 
java.io.EOFException
	at java.io.DataInputStream.readInt(DataInputStream.java:392)
	at org.apache.zookeeper.server.quorum.QuorumCnxManager$RecvWorker.run(QuorumCnxManager.java:747)
2016-12-13 15:23:59,525 - WARN  [SendWorker:3:QuorumCnxManager$SendWorker@684] - Exception when using channel: for id 3 my id = 0 error = java.net.SocketException: Socket closed
2016-12-13 15:23:59,525 - WARN  [RecvWorker:3:QuorumCnxManager$RecvWorker@762] - Connection broken for id 3, my id = 0, error = 
java.net.SocketException: Socket closed
	at java.net.SocketInputStream.socketRead0(Native Method)
	at java.net.SocketInputStream.socketRead(SocketInputStream.java:116)
	at java.net.SocketInputStream.read(SocketInputStream.java:170)
	at java.net.SocketInputStream.read(SocketInputStream.java:141)
	at java.net.SocketInputStream.read(SocketInputStream.java:223)
	at java.io.DataInputStream.readInt(DataInputStream.java:387)
	at org.apache.zookeeper.server.quorum.QuorumCnxManager$RecvWorker.run(QuorumCnxManager.java:747)
2016-12-13 15:23:59,571 - WARN  [RecvWorker:3:QuorumCnxManager$RecvWorker@765] - Interrupting SendWorker
2016-12-13 15:23:59,518 - INFO  [WorkerReceiver[myid=0]:FastLeaderElection@542] - Notification: 3 (n.leader), 0x0 (n.zxid), 0x1 (n.round), LOOKING (n.state), 3 (n.sid), 0x0 (n.peerEPoch), LOOKING (my state)
2016-12-13 15:23:59,518 - WARN  [RecvWorker:3:QuorumCnxManager$RecvWorker@762] - Connection broken for id 3, my id = 0, error = 
java.io.EOFException
	at java.io.DataInputStream.readInt(DataInputStream.java:392)
	at org.apache.zookeeper.server.quorum.QuorumCnxManager$RecvWorker.run(QuorumCnxManager.java:747)
2016-12-13 15:23:59,518 - INFO  [w1/192.168.4.101:3888:QuorumCnxManager$Listener@493] - Received connection request /192.168.4.104:12134
2016-12-13 15:23:59,572 - WARN  [RecvWorker:3:QuorumCnxManager$RecvWorker@765] - Interrupting SendWorker
2016-12-13 15:23:59,572 - INFO  [w1/192.168.4.101:3888:QuorumCnxManager$Listener@493] - Received connection request /192.168.4.104:12135
2016-12-13 15:23:59,573 - WARN  [SendWorker:3:QuorumCnxManager$SendWorker@679] - Interrupted while waiting for message on queue
java.lang.InterruptedException
	at java.util.concurrent.locks.AbstractQueuedSynchronizer$ConditionObject.reportInterruptAfterWait(AbstractQueuedSynchronizer.java:2014)
	at java.util.concurrent.locks.AbstractQueuedSynchronizer$ConditionObject.awaitNanos(AbstractQueuedSynchronizer.java:2088)
	at java.util.concurrent.ArrayBlockingQueue.poll(ArrayBlockingQueue.java:418)
	at org.apache.zookeeper.server.quorum.QuorumCnxManager.pollSendQueue(QuorumCnxManager.java:831)
	at org.apache.zookeeper.server.quorum.QuorumCnxManager.access$500(QuorumCnxManager.java:62)
	at org.apache.zookeeper.server.quorum.QuorumCnxManager$SendWorker.run(QuorumCnxManager.java:667)
2016-12-13 15:23:59,573 - WARN  [SendWorker:3:QuorumCnxManager$SendWorker@688] - Send worker leaving thread
2016-12-13 15:23:59,573 - WARN  [RecvWorker:3:QuorumCnxManager$RecvWorker@765] - Interrupting SendWorker
2016-12-13 15:23:59,574 - INFO  [w1/192.168.4.101:3888:QuorumCnxManager$Listener@493] - Received connection request /192.168.4.105:57084
2016-12-13 15:23:59,574 - WARN  [SendWorker:4:QuorumCnxManager$SendWorker@679] - Interrupted while waiting for message on queue
java.lang.InterruptedException
	at java.util.concurrent.locks.AbstractQueuedSynchronizer$ConditionObject.reportInterruptAfterWait(AbstractQueuedSynchronizer.java:2014)
	at java.util.concurrent.locks.AbstractQueuedSynchronizer$ConditionObject.awaitNanos(AbstractQueuedSynchronizer.java:2088)
	at java.util.concurrent.ArrayBlockingQueue.poll(ArrayBlockingQueue.java:418)
	at org.apache.zookeeper.server.quorum.QuorumCnxManager.pollSendQueue(QuorumCnxManager.java:831)
	at org.apache.zookeeper.server.quorum.QuorumCnxManager.access$500(QuorumCnxManager.java:62)
	at org.apache.zookeeper.server.quorum.QuorumCnxManager$SendWorker.run(QuorumCnxManager.java:667)
2016-12-13 15:23:59,574 - WARN  [SendWorker:4:QuorumCnxManager$SendWorker@688] - Send worker leaving thread
2016-12-13 15:23:59,570 - WARN  [SendWorker:3:QuorumCnxManager$SendWorker@688] - Send worker leaving thread
2016-12-13 15:23:59,570 - WARN  [RecvWorker:4:QuorumCnxManager$RecvWorker@765] - Interrupting SendWorker
2016-12-13 15:23:59,575 - INFO  [w1/192.168.4.101:3888:QuorumCnxManager$Listener@493] - Received connection request /192.168.4.105:57085
2016-12-13 15:23:59,574 - INFO  [WorkerReceiver[myid=0]:FastLeaderElection@542] - Notification: 3 (n.leader), 0x0 (n.zxid), 0x1 (n.round), LOOKING (n.state), 3 (n.sid), 0x0 (n.peerEPoch), LOOKING (my state)
2016-12-13 15:23:59,575 - WARN  [SendWorker:3:QuorumCnxManager$SendWorker@679] - Interrupted while waiting for message on queue
java.lang.InterruptedException
	at java.util.concurrent.locks.AbstractQueuedSynchronizer$ConditionObject.reportInterruptAfterWait(AbstractQueuedSynchronizer.java:2014)
	at java.util.concurrent.locks.AbstractQueuedSynchronizer$ConditionObject.awaitNanos(AbstractQueuedSynchronizer.java:2088)
	at java.util.concurrent.ArrayBlockingQueue.poll(ArrayBlockingQueue.java:418)
	at org.apache.zookeeper.server.quorum.QuorumCnxManager.pollSendQueue(QuorumCnxManager.java:831)
	at org.apache.zookeeper.server.quorum.QuorumCnxManager.access$500(QuorumCnxManager.java:62)
	at org.apache.zookeeper.server.quorum.QuorumCnxManager$SendWorker.run(QuorumCnxManager.java:667)
2016-12-13 15:23:59,577 - WARN  [SendWorker:3:QuorumCnxManager$SendWorker@688] - Send worker leaving thread
2016-12-13 15:23:59,576 - INFO  [WorkerReceiver[myid=0]:FastLeaderElection@542] - Notification: 4 (n.leader), 0x0 (n.zxid), 0x1 (n.round), LOOKING (n.state), 3 (n.sid), 0x0 (n.peerEPoch), LOOKING (my state)
2016-12-13 15:23:59,577 - INFO  [WorkerReceiver[myid=0]:FastLeaderElection@542] - Notification: 4 (n.leader), 0x0 (n.zxid), 0x1 (n.round), LOOKING (n.state), 4 (n.sid), 0x0 (n.peerEPoch), LOOKING (my state)
2016-12-13 15:23:59,576 - WARN  [RecvWorker:4:QuorumCnxManager$RecvWorker@762] - Connection broken for id 4, my id = 0, error = 
java.io.EOFException
	at java.io.DataInputStream.readInt(DataInputStream.java:392)
	at org.apache.zookeeper.server.quorum.QuorumCnxManager$RecvWorker.run(QuorumCnxManager.java:747)
2016-12-13 15:23:59,576 - INFO  [w1/192.168.4.101:3888:QuorumCnxManager$Listener@493] - Received connection request /192.168.4.105:57086
2016-12-13 15:23:59,578 - WARN  [SendWorker:4:QuorumCnxManager$SendWorker@679] - Interrupted while waiting for message on queue
java.lang.InterruptedException
	at java.util.concurrent.locks.AbstractQueuedSynchronizer$ConditionObject.reportInterruptAfterWait(AbstractQueuedSynchronizer.java:2014)
	at java.util.concurrent.locks.AbstractQueuedSynchronizer$ConditionObject.awaitNanos(AbstractQueuedSynchronizer.java:2088)
	at java.util.concurrent.ArrayBlockingQueue.poll(ArrayBlockingQueue.java:418)
	at org.apache.zookeeper.server.quorum.QuorumCnxManager.pollSendQueue(QuorumCnxManager.java:831)
	at org.apache.zookeeper.server.quorum.QuorumCnxManager.access$500(QuorumCnxManager.java:62)
	at org.apache.zookeeper.server.quorum.QuorumCnxManager$SendWorker.run(QuorumCnxManager.java:667)
2016-12-13 15:23:59,578 - WARN  [SendWorker:4:QuorumCnxManager$SendWorker@688] - Send worker leaving thread
2016-12-13 15:23:59,578 - WARN  [RecvWorker:4:QuorumCnxManager$RecvWorker@765] - Interrupting SendWorker
2016-12-13 15:23:59,579 - INFO  [w1/192.168.4.101:3888:QuorumCnxManager$Listener@493] - Received connection request /192.168.4.105:57088
2016-12-13 15:23:59,579 - WARN  [SendWorker:4:QuorumCnxManager$SendWorker@679] - Interrupted while waiting for message on queue
java.lang.InterruptedException
	at java.util.concurrent.locks.AbstractQueuedSynchronizer$ConditionObject.reportInterruptAfterWait(AbstractQueuedSynchronizer.java:2014)
	at java.util.concurrent.locks.AbstractQueuedSynchronizer$ConditionObject.awaitNanos(AbstractQueuedSynchronizer.java:2088)
	at java.util.concurrent.ArrayBlockingQueue.poll(ArrayBlockingQueue.java:418)
	at org.apache.zookeeper.server.quorum.QuorumCnxManager.pollSendQueue(QuorumCnxManager.java:831)
	at org.apache.zookeeper.server.quorum.QuorumCnxManager.access$500(QuorumCnxManager.java:62)
	at org.apache.zookeeper.server.quorum.QuorumCnxManager$SendWorker.run(QuorumCnxManager.java:667)
2016-12-13 15:23:59,580 - WARN  [SendWorker:4:QuorumCnxManager$SendWorker@688] - Send worker leaving thread
2016-12-13 15:23:59,580 - WARN  [RecvWorker:4:QuorumCnxManager$RecvWorker@765] - Interrupting SendWorker
2016-12-13 15:23:59,580 - INFO  [WorkerReceiver[myid=0]:FastLeaderElection@542] - Notification: 4 (n.leader), 0x0 (n.zxid), 0x1 (n.round), LOOKING (n.state), 4 (n.sid), 0x0 (n.peerEPoch), LOOKING (my state)
2016-12-13 15:23:59,576 - WARN  [RecvWorker:4:QuorumCnxManager$RecvWorker@765] - Interrupting SendWorker
2016-12-13 15:23:59,576 - WARN  [SendWorker:4:QuorumCnxManager$SendWorker@679] - Interrupted while waiting for message on queue
java.lang.InterruptedException
	at java.util.concurrent.locks.AbstractQueuedSynchronizer$ConditionObject.reportInterruptAfterWait(AbstractQueuedSynchronizer.java:2014)
	at java.util.concurrent.locks.AbstractQueuedSynchronizer$ConditionObject.awaitNanos(AbstractQueuedSynchronizer.java:2088)
	at java.util.concurrent.ArrayBlockingQueue.poll(ArrayBlockingQueue.java:418)
	at org.apache.zookeeper.server.quorum.QuorumCnxManager.pollSendQueue(QuorumCnxManager.java:831)
	at org.apache.zookeeper.server.quorum.QuorumCnxManager.access$500(QuorumCnxManager.java:62)
	at org.apache.zookeeper.server.quorum.QuorumCnxManager$SendWorker.run(QuorumCnxManager.java:667)
2016-12-13 15:23:59,582 - WARN  [SendWorker:4:QuorumCnxManager$SendWorker@688] - Send worker leaving thread
2016-12-13 15:23:59,591 - INFO  [WorkerReceiver[myid=0]:FastLeaderElection@542] - Notification: 2 (n.leader), 0x0 (n.zxid), 0x1 (n.round), LOOKING (n.state), 1 (n.sid), 0x0 (n.peerEPoch), LOOKING (my state)
2016-12-13 15:23:59,592 - WARN  [RecvWorker:1:QuorumCnxManager$RecvWorker@762] - Connection broken for id 1, my id = 0, error = 
java.io.EOFException
	at java.io.DataInputStream.readInt(DataInputStream.java:392)
	at org.apache.zookeeper.server.quorum.QuorumCnxManager$RecvWorker.run(QuorumCnxManager.java:747)
2016-12-13 15:23:59,592 - WARN  [RecvWorker:1:QuorumCnxManager$RecvWorker@765] - Interrupting SendWorker
2016-12-13 15:23:59,592 - WARN  [SendWorker:1:QuorumCnxManager$SendWorker@679] - Interrupted while waiting for message on queue
java.lang.InterruptedException
	at java.util.concurrent.locks.AbstractQueuedSynchronizer$ConditionObject.reportInterruptAfterWait(AbstractQueuedSynchronizer.java:2014)
	at java.util.concurrent.locks.AbstractQueuedSynchronizer$ConditionObject.awaitNanos(AbstractQueuedSynchronizer.java:2088)
	at java.util.concurrent.ArrayBlockingQueue.poll(ArrayBlockingQueue.java:418)
	at org.apache.zookeeper.server.quorum.QuorumCnxManager.pollSendQueue(QuorumCnxManager.java:831)
	at org.apache.zookeeper.server.quorum.QuorumCnxManager.access$500(QuorumCnxManager.java:62)
	at org.apache.zookeeper.server.quorum.QuorumCnxManager$SendWorker.run(QuorumCnxManager.java:667)
2016-12-13 15:23:59,593 - WARN  [SendWorker:1:QuorumCnxManager$SendWorker@688] - Send worker leaving thread
2016-12-13 15:23:59,594 - INFO  [w1/192.168.4.101:3888:QuorumCnxManager$Listener@493] - Received connection request /192.168.4.102:40819
2016-12-13 15:23:59,594 - INFO  [WorkerReceiver[myid=0]:FastLeaderElection@542] - Notification: 3 (n.leader), 0x0 (n.zxid), 0x1 (n.round), LOOKING (n.state), 1 (n.sid), 0x0 (n.peerEPoch), LOOKING (my state)
2016-12-13 15:23:59,598 - INFO  [WorkerReceiver[myid=0]:FastLeaderElection@542] - Notification: 4 (n.leader), 0x0 (n.zxid), 0x1 (n.round), LOOKING (n.state), 1 (n.sid), 0x0 (n.peerEPoch), LOOKING (my state)
2016-12-13 15:23:59,798 - INFO  [QuorumPeer[myid=0]/0:0:0:0:0:0:0:0:2181:QuorumPeer@738] - FOLLOWING
2016-12-13 15:23:59,802 - INFO  [QuorumPeer[myid=0]/0:0:0:0:0:0:0:0:2181:Learner@85] - TCP NoDelay set to: true
2016-12-13 15:23:59,809 - INFO  [QuorumPeer[myid=0]/0:0:0:0:0:0:0:0:2181:Environment@100] - Server environment:zookeeper.version=3.4.5--1, built on 03/16/2014 21:36 GMT
2016-12-13 15:23:59,809 - INFO  [QuorumPeer[myid=0]/0:0:0:0:0:0:0:0:2181:Environment@100] - Server environment:host.name=w1
2016-12-13 15:23:59,813 - INFO  [QuorumPeer[myid=0]/0:0:0:0:0:0:0:0:2181:Environment@100] - Server environment:java.version=1.8.0_111
2016-12-13 15:23:59,813 - INFO  [QuorumPeer[myid=0]/0:0:0:0:0:0:0:0:2181:Environment@100] - Server environment:java.vendor=Oracle Corporation
2016-12-13 15:23:59,813 - INFO  [QuorumPeer[myid=0]/0:0:0:0:0:0:0:0:2181:Environment@100] - Server environment:java.home=/usr/lib/jvm/java-8-oracle/jre
2016-12-13 15:23:59,813 - INFO  [QuorumPeer[myid=0]/0:0:0:0:0:0:0:0:2181:Environment@100] - Server environment:java.class.path=/etc/zookeeper/conf:/usr/share/java/jline.jar:/usr/share/java/log4j-1.2.jar:/usr/share/java/xercesImpl.jar:/usr/share/java/xmlParserAPIs.jar:/usr/share/java/netty.jar:/usr/share/java/slf4j-api.jar:/usr/share/java/slf4j-log4j12.jar:/usr/share/java/zookeeper.jar
2016-12-13 15:23:59,813 - INFO  [QuorumPeer[myid=0]/0:0:0:0:0:0:0:0:2181:Environment@100] - Server environment:java.library.path=/usr/java/packages/lib/amd64:/usr/lib64:/lib64:/lib:/usr/lib
2016-12-13 15:23:59,813 - INFO  [QuorumPeer[myid=0]/0:0:0:0:0:0:0:0:2181:Environment@100] - Server environment:java.io.tmpdir=/tmp
2016-12-13 15:23:59,813 - INFO  [QuorumPeer[myid=0]/0:0:0:0:0:0:0:0:2181:Environment@100] - Server environment:java.compiler=<NA>
2016-12-13 15:23:59,814 - INFO  [QuorumPeer[myid=0]/0:0:0:0:0:0:0:0:2181:Environment@100] - Server environment:os.name=Linux
2016-12-13 15:23:59,814 - INFO  [QuorumPeer[myid=0]/0:0:0:0:0:0:0:0:2181:Environment@100] - Server environment:os.arch=amd64
2016-12-13 15:23:59,814 - INFO  [QuorumPeer[myid=0]/0:0:0:0:0:0:0:0:2181:Environment@100] - Server environment:os.version=3.16.0-4-amd64
2016-12-13 15:23:59,814 - INFO  [QuorumPeer[myid=0]/0:0:0:0:0:0:0:0:2181:Environment@100] - Server environment:user.name=zookeeper
2016-12-13 15:23:59,814 - INFO  [QuorumPeer[myid=0]/0:0:0:0:0:0:0:0:2181:Environment@100] - Server environment:user.home=/var/lib/zookeeper
2016-12-13 15:23:59,814 - INFO  [QuorumPeer[myid=0]/0:0:0:0:0:0:0:0:2181:Environment@100] - Server environment:user.dir=/
2016-12-13 15:23:59,815 - INFO  [QuorumPeer[myid=0]/0:0:0:0:0:0:0:0:2181:ZooKeeperServer@162] - Created server with tickTime 2000 minSessionTimeout 4000 maxSessionTimeout 40000 datadir /var/lib/zookeeper/version-2 snapdir /var/lib/zookeeper/version-2
2016-12-13 15:23:59,832 - INFO  [QuorumPeer[myid=0]/0:0:0:0:0:0:0:0:2181:Follower@63] - FOLLOWING - LEADER ELECTION TOOK - 390
2016-12-13 15:23:59,835 - WARN  [QuorumPeer[myid=0]/0:0:0:0:0:0:0:0:2181:Learner@232] - Unexpected exception, tries=0, connecting to w5/192.168.4.105:2888
java.net.ConnectException: Connection refused (Connection refused)
	at java.net.PlainSocketImpl.socketConnect(Native Method)
	at java.net.AbstractPlainSocketImpl.doConnect(AbstractPlainSocketImpl.java:350)
	at java.net.AbstractPlainSocketImpl.connectToAddress(AbstractPlainSocketImpl.java:206)
	at java.net.AbstractPlainSocketImpl.connect(AbstractPlainSocketImpl.java:188)
	at java.net.SocksSocketImpl.connect(SocksSocketImpl.java:392)
	at java.net.Socket.connect(Socket.java:589)
	at org.apache.zookeeper.server.quorum.Learner.connectToLeader(Learner.java:224)
	at org.apache.zookeeper.server.quorum.Follower.followLeader(Follower.java:71)
	at org.apache.zookeeper.server.quorum.QuorumPeer.run(QuorumPeer.java:740)
2016-12-13 15:24:00,874 - INFO  [QuorumPeer[myid=0]/0:0:0:0:0:0:0:0:2181:Learner@322] - Getting a diff from the leader 0x0
2016-12-13 15:24:00,878 - INFO  [QuorumPeer[myid=0]/0:0:0:0:0:0:0:0:2181:FileTxnSnapLog@240] - Snapshotting: 0x0 to /var/lib/zookeeper/version-2/snapshot.0
2016-12-13 15:24:00,882 - INFO  [QuorumPeer[myid=0]/0:0:0:0:0:0:0:0:2181:FileTxnSnapLog@240] - Snapshotting: 0x0 to /var/lib/zookeeper/version-2/snapshot.0
