2016-12-14 11:27:55,496 - INFO  [main:QuorumPeerConfig@101] - Reading configuration from: /etc/zookeeper/conf/zoo.cfg
2016-12-14 11:27:55,501 - INFO  [main:QuorumPeerConfig@334] - Defaulting to majority quorums
2016-12-14 11:27:55,507 - INFO  [main:DatadirCleanupManager@78] - autopurge.snapRetainCount set to 3
2016-12-14 11:27:55,507 - INFO  [main:DatadirCleanupManager@79] - autopurge.purgeInterval set to 0
2016-12-14 11:27:55,508 - INFO  [main:DatadirCleanupManager@101] - Purge task is not scheduled.
2016-12-14 11:27:55,522 - INFO  [main:QuorumPeerMain@127] - Starting quorum peer
2016-12-14 11:27:55,536 - INFO  [main:NIOServerCnxnFactory@94] - binding to port 0.0.0.0/0.0.0.0:2181
2016-12-14 11:27:55,558 - INFO  [main:QuorumPeer@913] - tickTime set to 2000
2016-12-14 11:27:55,558 - INFO  [main:QuorumPeer@933] - minSessionTimeout set to -1
2016-12-14 11:27:55,558 - INFO  [main:QuorumPeer@944] - maxSessionTimeout set to -1
2016-12-14 11:27:55,559 - INFO  [main:QuorumPeer@959] - initLimit set to 10
2016-12-14 11:27:55,578 - INFO  [main:QuorumPeer@429] - currentEpoch not found! Creating with a reasonable default of 0. This should only happen when you are upgrading your installation
2016-12-14 11:27:55,583 - INFO  [main:QuorumPeer@444] - acceptedEpoch not found! Creating with a reasonable default of 0. This should only happen when you are upgrading your installation
2016-12-14 11:27:55,594 - INFO  [Thread-1:QuorumCnxManager$Listener@486] - My election bind port: 0.0.0.0/0.0.0.0:3888
2016-12-14 11:27:55,599 - INFO  [QuorumPeer[myid=0]/0:0:0:0:0:0:0:0:2181:QuorumPeer@670] - LOOKING
2016-12-14 11:27:55,601 - INFO  [QuorumPeer[myid=0]/0:0:0:0:0:0:0:0:2181:FastLeaderElection@740] - New election. My id =  0, proposed zxid=0x0
2016-12-14 11:27:55,607 - INFO  [WorkerReceiver[myid=0]:FastLeaderElection@542] - Notification: 0 (n.leader), 0x0 (n.zxid), 0x1 (n.round), LOOKING (n.state), 0 (n.sid), 0x0 (n.peerEPoch), LOOKING (my state)
2016-12-14 11:27:55,608 - WARN  [WorkerSender[myid=0]:QuorumCnxManager@368] - Cannot open channel to 1 at election address w2/192.168.4.102:3888
java.net.ConnectException: Connection refused (Connection refused)
	at java.net.PlainSocketImpl.socketConnect(Native Method)
	at java.net.AbstractPlainSocketImpl.doConnect(AbstractPlainSocketImpl.java:350)
	at java.net.AbstractPlainSocketImpl.connectToAddress(AbstractPlainSocketImpl.java:206)
	at java.net.AbstractPlainSocketImpl.connect(AbstractPlainSocketImpl.java:188)
	at java.net.SocksSocketImpl.connect(SocksSocketImpl.java:392)
	at java.net.Socket.connect(Socket.java:589)
	at org.apache.zookeeper.server.quorum.QuorumCnxManager.connectOne(QuorumCnxManager.java:354)
	at org.apache.zookeeper.server.quorum.QuorumCnxManager.toSend(QuorumCnxManager.java:327)
	at org.apache.zookeeper.server.quorum.FastLeaderElection$Messenger$WorkerSender.process(FastLeaderElection.java:393)
	at org.apache.zookeeper.server.quorum.FastLeaderElection$Messenger$WorkerSender.run(FastLeaderElection.java:365)
	at java.lang.Thread.run(Thread.java:745)
2016-12-14 11:27:55,610 - WARN  [WorkerSender[myid=0]:QuorumCnxManager@368] - Cannot open channel to 2 at election address w3/192.168.4.103:3888
java.net.ConnectException: Connection refused (Connection refused)
	at java.net.PlainSocketImpl.socketConnect(Native Method)
	at java.net.AbstractPlainSocketImpl.doConnect(AbstractPlainSocketImpl.java:350)
	at java.net.AbstractPlainSocketImpl.connectToAddress(AbstractPlainSocketImpl.java:206)
	at java.net.AbstractPlainSocketImpl.connect(AbstractPlainSocketImpl.java:188)
	at java.net.SocksSocketImpl.connect(SocksSocketImpl.java:392)
	at java.net.Socket.connect(Socket.java:589)
	at org.apache.zookeeper.server.quorum.QuorumCnxManager.connectOne(QuorumCnxManager.java:354)
	at org.apache.zookeeper.server.quorum.QuorumCnxManager.toSend(QuorumCnxManager.java:327)
	at org.apache.zookeeper.server.quorum.FastLeaderElection$Messenger$WorkerSender.process(FastLeaderElection.java:393)
	at org.apache.zookeeper.server.quorum.FastLeaderElection$Messenger$WorkerSender.run(FastLeaderElection.java:365)
	at java.lang.Thread.run(Thread.java:745)
2016-12-14 11:27:55,611 - WARN  [WorkerSender[myid=0]:QuorumCnxManager@368] - Cannot open channel to 3 at election address w4/192.168.4.104:3888
java.net.ConnectException: Connection refused (Connection refused)
	at java.net.PlainSocketImpl.socketConnect(Native Method)
	at java.net.AbstractPlainSocketImpl.doConnect(AbstractPlainSocketImpl.java:350)
	at java.net.AbstractPlainSocketImpl.connectToAddress(AbstractPlainSocketImpl.java:206)
	at java.net.AbstractPlainSocketImpl.connect(AbstractPlainSocketImpl.java:188)
	at java.net.SocksSocketImpl.connect(SocksSocketImpl.java:392)
	at java.net.Socket.connect(Socket.java:589)
	at org.apache.zookeeper.server.quorum.QuorumCnxManager.connectOne(QuorumCnxManager.java:354)
	at org.apache.zookeeper.server.quorum.QuorumCnxManager.toSend(QuorumCnxManager.java:327)
	at org.apache.zookeeper.server.quorum.FastLeaderElection$Messenger$WorkerSender.process(FastLeaderElection.java:393)
	at org.apache.zookeeper.server.quorum.FastLeaderElection$Messenger$WorkerSender.run(FastLeaderElection.java:365)
	at java.lang.Thread.run(Thread.java:745)
2016-12-14 11:27:55,613 - WARN  [WorkerSender[myid=0]:QuorumCnxManager@368] - Cannot open channel to 4 at election address w5/192.168.4.105:3888
java.net.ConnectException: Connection refused (Connection refused)
	at java.net.PlainSocketImpl.socketConnect(Native Method)
	at java.net.AbstractPlainSocketImpl.doConnect(AbstractPlainSocketImpl.java:350)
	at java.net.AbstractPlainSocketImpl.connectToAddress(AbstractPlainSocketImpl.java:206)
	at java.net.AbstractPlainSocketImpl.connect(AbstractPlainSocketImpl.java:188)
	at java.net.SocksSocketImpl.connect(SocksSocketImpl.java:392)
	at java.net.Socket.connect(Socket.java:589)
	at org.apache.zookeeper.server.quorum.QuorumCnxManager.connectOne(QuorumCnxManager.java:354)
	at org.apache.zookeeper.server.quorum.QuorumCnxManager.toSend(QuorumCnxManager.java:327)
	at org.apache.zookeeper.server.quorum.FastLeaderElection$Messenger$WorkerSender.process(FastLeaderElection.java:393)
	at org.apache.zookeeper.server.quorum.FastLeaderElection$Messenger$WorkerSender.run(FastLeaderElection.java:365)
	at java.lang.Thread.run(Thread.java:745)
2016-12-14 11:27:55,631 - INFO  [w1/192.168.4.101:3888:QuorumCnxManager$Listener@493] - Received connection request /192.168.4.103:22224
2016-12-14 11:27:55,635 - INFO  [WorkerReceiver[myid=0]:FastLeaderElection@542] - Notification: 2 (n.leader), 0x0 (n.zxid), 0x1 (n.round), LOOKING (n.state), 2 (n.sid), 0x0 (n.peerEPoch), LOOKING (my state)
2016-12-14 11:27:55,635 - INFO  [WorkerReceiver[myid=0]:FastLeaderElection@542] - Notification: 2 (n.leader), 0x0 (n.zxid), 0x1 (n.round), LOOKING (n.state), 0 (n.sid), 0x0 (n.peerEPoch), LOOKING (my state)
2016-12-14 11:27:55,636 - INFO  [WorkerSender[myid=0]:QuorumCnxManager@190] - Have smaller server identifier, so dropping the connection: (1, 0)
2016-12-14 11:27:55,636 - INFO  [WorkerSender[myid=0]:QuorumCnxManager@190] - Have smaller server identifier, so dropping the connection: (3, 0)
2016-12-14 11:27:55,637 - WARN  [WorkerSender[myid=0]:QuorumCnxManager@368] - Cannot open channel to 4 at election address w5/192.168.4.105:3888
java.net.ConnectException: Connection refused (Connection refused)
	at java.net.PlainSocketImpl.socketConnect(Native Method)
	at java.net.AbstractPlainSocketImpl.doConnect(AbstractPlainSocketImpl.java:350)
	at java.net.AbstractPlainSocketImpl.connectToAddress(AbstractPlainSocketImpl.java:206)
	at java.net.AbstractPlainSocketImpl.connect(AbstractPlainSocketImpl.java:188)
	at java.net.SocksSocketImpl.connect(SocksSocketImpl.java:392)
	at java.net.Socket.connect(Socket.java:589)
	at org.apache.zookeeper.server.quorum.QuorumCnxManager.connectOne(QuorumCnxManager.java:354)
	at org.apache.zookeeper.server.quorum.QuorumCnxManager.toSend(QuorumCnxManager.java:327)
	at org.apache.zookeeper.server.quorum.FastLeaderElection$Messenger$WorkerSender.process(FastLeaderElection.java:393)
	at org.apache.zookeeper.server.quorum.FastLeaderElection$Messenger$WorkerSender.run(FastLeaderElection.java:365)
	at java.lang.Thread.run(Thread.java:745)
2016-12-14 11:27:55,638 - INFO  [w1/192.168.4.101:3888:QuorumCnxManager$Listener@493] - Received connection request /192.168.4.102:41000
2016-12-14 11:27:55,638 - WARN  [RecvWorker:1:QuorumCnxManager$RecvWorker@762] - Connection broken for id 1, my id = 0, error = 
java.io.EOFException
	at java.io.DataInputStream.readInt(DataInputStream.java:392)
	at org.apache.zookeeper.server.quorum.QuorumCnxManager$RecvWorker.run(QuorumCnxManager.java:747)
2016-12-14 11:27:55,639 - WARN  [RecvWorker:1:QuorumCnxManager$RecvWorker@765] - Interrupting SendWorker
2016-12-14 11:27:55,639 - INFO  [w1/192.168.4.101:3888:QuorumCnxManager$Listener@493] - Received connection request /192.168.4.102:41001
2016-12-14 11:27:55,640 - WARN  [SendWorker:1:QuorumCnxManager$SendWorker@679] - Interrupted while waiting for message on queue
java.lang.InterruptedException
	at java.util.concurrent.locks.AbstractQueuedSynchronizer$ConditionObject.reportInterruptAfterWait(AbstractQueuedSynchronizer.java:2014)
	at java.util.concurrent.locks.AbstractQueuedSynchronizer$ConditionObject.awaitNanos(AbstractQueuedSynchronizer.java:2088)
	at java.util.concurrent.ArrayBlockingQueue.poll(ArrayBlockingQueue.java:418)
	at org.apache.zookeeper.server.quorum.QuorumCnxManager.pollSendQueue(QuorumCnxManager.java:831)
	at org.apache.zookeeper.server.quorum.QuorumCnxManager.access$500(QuorumCnxManager.java:62)
	at org.apache.zookeeper.server.quorum.QuorumCnxManager$SendWorker.run(QuorumCnxManager.java:667)
2016-12-14 11:27:55,640 - WARN  [SendWorker:1:QuorumCnxManager$SendWorker@688] - Send worker leaving thread
2016-12-14 11:27:55,641 - INFO  [w1/192.168.4.101:3888:QuorumCnxManager$Listener@493] - Received connection request /192.168.4.104:12320
2016-12-14 11:27:55,642 - INFO  [WorkerReceiver[myid=0]:FastLeaderElection@542] - Notification: 1 (n.leader), 0x0 (n.zxid), 0x1 (n.round), LOOKING (n.state), 1 (n.sid), 0x0 (n.peerEPoch), LOOKING (my state)
2016-12-14 11:27:55,646 - INFO  [WorkerReceiver[myid=0]:FastLeaderElection@542] - Notification: 2 (n.leader), 0x0 (n.zxid), 0x1 (n.round), LOOKING (n.state), 1 (n.sid), 0x0 (n.peerEPoch), LOOKING (my state)
2016-12-14 11:27:55,656 - INFO  [WorkerReceiver[myid=0]:FastLeaderElection@542] - Notification: 3 (n.leader), 0x0 (n.zxid), 0x1 (n.round), LOOKING (n.state), 3 (n.sid), 0x0 (n.peerEPoch), LOOKING (my state)
2016-12-14 11:27:55,656 - INFO  [WorkerReceiver[myid=0]:FastLeaderElection@542] - Notification: 3 (n.leader), 0x0 (n.zxid), 0x1 (n.round), LOOKING (n.state), 0 (n.sid), 0x0 (n.peerEPoch), LOOKING (my state)
2016-12-14 11:27:55,657 - INFO  [WorkerSender[myid=0]:QuorumCnxManager@190] - Have smaller server identifier, so dropping the connection: (4, 0)
2016-12-14 11:27:55,658 - INFO  [WorkerReceiver[myid=0]:FastLeaderElection@542] - Notification: 3 (n.leader), 0x0 (n.zxid), 0x1 (n.round), LOOKING (n.state), 1 (n.sid), 0x0 (n.peerEPoch), LOOKING (my state)
2016-12-14 11:27:55,658 - INFO  [WorkerReceiver[myid=0]:FastLeaderElection@542] - Notification: 3 (n.leader), 0x0 (n.zxid), 0x1 (n.round), LOOKING (n.state), 2 (n.sid), 0x0 (n.peerEPoch), LOOKING (my state)
2016-12-14 11:27:55,671 - INFO  [w1/192.168.4.101:3888:QuorumCnxManager$Listener@493] - Received connection request /192.168.4.105:57242
2016-12-14 11:27:55,674 - INFO  [WorkerReceiver[myid=0]:FastLeaderElection@542] - Notification: 4 (n.leader), 0x0 (n.zxid), 0x1 (n.round), LOOKING (n.state), 4 (n.sid), 0x0 (n.peerEPoch), LOOKING (my state)
2016-12-14 11:27:55,674 - INFO  [WorkerReceiver[myid=0]:FastLeaderElection@542] - Notification: 4 (n.leader), 0x0 (n.zxid), 0x1 (n.round), LOOKING (n.state), 0 (n.sid), 0x0 (n.peerEPoch), LOOKING (my state)
2016-12-14 11:27:55,676 - INFO  [WorkerReceiver[myid=0]:FastLeaderElection@542] - Notification: 4 (n.leader), 0x0 (n.zxid), 0x1 (n.round), LOOKING (n.state), 3 (n.sid), 0x0 (n.peerEPoch), LOOKING (my state)
2016-12-14 11:27:55,676 - INFO  [WorkerReceiver[myid=0]:FastLeaderElection@542] - Notification: 4 (n.leader), 0x0 (n.zxid), 0x1 (n.round), LOOKING (n.state), 1 (n.sid), 0x0 (n.peerEPoch), LOOKING (my state)
2016-12-14 11:27:55,676 - INFO  [WorkerReceiver[myid=0]:FastLeaderElection@542] - Notification: 4 (n.leader), 0x0 (n.zxid), 0x1 (n.round), LOOKING (n.state), 2 (n.sid), 0x0 (n.peerEPoch), LOOKING (my state)
2016-12-14 11:27:55,877 - INFO  [QuorumPeer[myid=0]/0:0:0:0:0:0:0:0:2181:QuorumPeer@738] - FOLLOWING
2016-12-14 11:27:55,881 - INFO  [QuorumPeer[myid=0]/0:0:0:0:0:0:0:0:2181:Learner@85] - TCP NoDelay set to: true
2016-12-14 11:27:55,887 - INFO  [QuorumPeer[myid=0]/0:0:0:0:0:0:0:0:2181:Environment@100] - Server environment:zookeeper.version=3.4.5--1, built on 03/16/2014 21:36 GMT
2016-12-14 11:27:55,887 - INFO  [QuorumPeer[myid=0]/0:0:0:0:0:0:0:0:2181:Environment@100] - Server environment:host.name=w1
2016-12-14 11:27:55,887 - INFO  [QuorumPeer[myid=0]/0:0:0:0:0:0:0:0:2181:Environment@100] - Server environment:java.version=1.8.0_111
2016-12-14 11:27:55,887 - INFO  [QuorumPeer[myid=0]/0:0:0:0:0:0:0:0:2181:Environment@100] - Server environment:java.vendor=Oracle Corporation
2016-12-14 11:27:55,887 - INFO  [QuorumPeer[myid=0]/0:0:0:0:0:0:0:0:2181:Environment@100] - Server environment:java.home=/usr/lib/jvm/java-8-oracle/jre
2016-12-14 11:27:55,887 - INFO  [QuorumPeer[myid=0]/0:0:0:0:0:0:0:0:2181:Environment@100] - Server environment:java.class.path=/etc/zookeeper/conf:/usr/share/java/jline.jar:/usr/share/java/log4j-1.2.jar:/usr/share/java/xercesImpl.jar:/usr/share/java/xmlParserAPIs.jar:/usr/share/java/netty.jar:/usr/share/java/slf4j-api.jar:/usr/share/java/slf4j-log4j12.jar:/usr/share/java/zookeeper.jar
2016-12-14 11:27:55,887 - INFO  [QuorumPeer[myid=0]/0:0:0:0:0:0:0:0:2181:Environment@100] - Server environment:java.library.path=/usr/java/packages/lib/amd64:/usr/lib64:/lib64:/lib:/usr/lib
2016-12-14 11:27:55,887 - INFO  [QuorumPeer[myid=0]/0:0:0:0:0:0:0:0:2181:Environment@100] - Server environment:java.io.tmpdir=/tmp
2016-12-14 11:27:55,887 - INFO  [QuorumPeer[myid=0]/0:0:0:0:0:0:0:0:2181:Environment@100] - Server environment:java.compiler=<NA>
2016-12-14 11:27:55,887 - INFO  [QuorumPeer[myid=0]/0:0:0:0:0:0:0:0:2181:Environment@100] - Server environment:os.name=Linux
2016-12-14 11:27:55,888 - INFO  [QuorumPeer[myid=0]/0:0:0:0:0:0:0:0:2181:Environment@100] - Server environment:os.arch=amd64
2016-12-14 11:27:55,888 - INFO  [QuorumPeer[myid=0]/0:0:0:0:0:0:0:0:2181:Environment@100] - Server environment:os.version=3.16.0-4-amd64
2016-12-14 11:27:55,888 - INFO  [QuorumPeer[myid=0]/0:0:0:0:0:0:0:0:2181:Environment@100] - Server environment:user.name=zookeeper
2016-12-14 11:27:55,888 - INFO  [QuorumPeer[myid=0]/0:0:0:0:0:0:0:0:2181:Environment@100] - Server environment:user.home=/var/lib/zookeeper
2016-12-14 11:27:55,888 - INFO  [QuorumPeer[myid=0]/0:0:0:0:0:0:0:0:2181:Environment@100] - Server environment:user.dir=/
2016-12-14 11:27:55,889 - INFO  [QuorumPeer[myid=0]/0:0:0:0:0:0:0:0:2181:ZooKeeperServer@162] - Created server with tickTime 2000 minSessionTimeout 4000 maxSessionTimeout 40000 datadir /var/lib/zookeeper/version-2 snapdir /var/lib/zookeeper/version-2
2016-12-14 11:27:55,890 - INFO  [QuorumPeer[myid=0]/0:0:0:0:0:0:0:0:2181:Follower@63] - FOLLOWING - LEADER ELECTION TOOK - 289
2016-12-14 11:27:55,893 - WARN  [QuorumPeer[myid=0]/0:0:0:0:0:0:0:0:2181:Learner@232] - Unexpected exception, tries=0, connecting to w5/192.168.4.105:2888
java.net.ConnectException: Connection refused (Connection refused)
	at java.net.PlainSocketImpl.socketConnect(Native Method)
	at java.net.AbstractPlainSocketImpl.doConnect(AbstractPlainSocketImpl.java:350)
	at java.net.AbstractPlainSocketImpl.connectToAddress(AbstractPlainSocketImpl.java:206)
	at java.net.AbstractPlainSocketImpl.connect(AbstractPlainSocketImpl.java:188)
	at java.net.SocksSocketImpl.connect(SocksSocketImpl.java:392)
	at java.net.Socket.connect(Socket.java:589)
	at org.apache.zookeeper.server.quorum.Learner.connectToLeader(Learner.java:224)
	at org.apache.zookeeper.server.quorum.Follower.followLeader(Follower.java:71)
	at org.apache.zookeeper.server.quorum.QuorumPeer.run(QuorumPeer.java:740)
2016-12-14 11:27:56,915 - INFO  [QuorumPeer[myid=0]/0:0:0:0:0:0:0:0:2181:Learner@322] - Getting a diff from the leader 0x0
2016-12-14 11:27:56,918 - INFO  [QuorumPeer[myid=0]/0:0:0:0:0:0:0:0:2181:FileTxnSnapLog@240] - Snapshotting: 0x0 to /var/lib/zookeeper/version-2/snapshot.0
2016-12-14 11:27:56,923 - INFO  [QuorumPeer[myid=0]/0:0:0:0:0:0:0:0:2181:FileTxnSnapLog@240] - Snapshotting: 0x0 to /var/lib/zookeeper/version-2/snapshot.0
2016-12-14 11:28:00,249 - INFO  [NIOServerCxn.Factory:0.0.0.0/0.0.0.0:2181:NIOServerCnxnFactory@197] - Accepted socket connection from /192.168.4.100:14779
2016-12-14 11:28:00,330 - WARN  [QuorumPeer[myid=0]/0:0:0:0:0:0:0:0:2181:Follower@118] - Got zxid 0x100000001 expected 0x1
2016-12-14 11:28:00,330 - INFO  [SyncThread:0:FileTxnLog@199] - Creating new log file: log.100000001
2016-12-14 11:28:00,335 - INFO  [NIOServerCxn.Factory:0.0.0.0/0.0.0.0:2181:ZooKeeperServer@839] - Client attempting to establish new session at /192.168.4.100:14779
2016-12-14 11:28:00,354 - INFO  [CommitProcessor:0:ZooKeeperServer@595] - Established session 0x58fd16c1f60000 with negotiated timeout 5000 for client /192.168.4.100:14779
2016-12-14 11:28:18,364 - INFO  [NIOServerCxn.Factory:0.0.0.0/0.0.0.0:2181:NIOServerCnxn@1001] - Closed socket connection for client /192.168.4.100:14779 which had sessionid 0x58fd16c1f60000
