2016-12-13 15:23:58,355 - INFO  [main:QuorumPeerConfig@101] - Reading configuration from: /etc/zookeeper/conf/zoo.cfg
2016-12-13 15:23:58,361 - INFO  [main:QuorumPeerConfig@334] - Defaulting to majority quorums
2016-12-13 15:23:58,367 - INFO  [main:DatadirCleanupManager@78] - autopurge.snapRetainCount set to 3
2016-12-13 15:23:58,367 - INFO  [main:DatadirCleanupManager@79] - autopurge.purgeInterval set to 0
2016-12-13 15:23:58,368 - INFO  [main:DatadirCleanupManager@101] - Purge task is not scheduled.
2016-12-13 15:23:58,383 - INFO  [main:QuorumPeerMain@127] - Starting quorum peer
2016-12-13 15:23:58,397 - INFO  [main:NIOServerCnxnFactory@94] - binding to port 0.0.0.0/0.0.0.0:2181
2016-12-13 15:23:58,420 - INFO  [main:QuorumPeer@913] - tickTime set to 2000
2016-12-13 15:23:58,420 - INFO  [main:QuorumPeer@933] - minSessionTimeout set to -1
2016-12-13 15:23:58,420 - INFO  [main:QuorumPeer@944] - maxSessionTimeout set to -1
2016-12-13 15:23:58,421 - INFO  [main:QuorumPeer@959] - initLimit set to 10
2016-12-13 15:23:58,440 - INFO  [main:QuorumPeer@429] - currentEpoch not found! Creating with a reasonable default of 0. This should only happen when you are upgrading your installation
2016-12-13 15:23:58,458 - INFO  [main:QuorumPeer@444] - acceptedEpoch not found! Creating with a reasonable default of 0. This should only happen when you are upgrading your installation
2016-12-13 15:23:58,465 - INFO  [Thread-1:QuorumCnxManager$Listener@486] - My election bind port: 0.0.0.0/0.0.0.0:3888
2016-12-13 15:23:58,476 - INFO  [QuorumPeer[myid=3]/0:0:0:0:0:0:0:0:2181:QuorumPeer@670] - LOOKING
2016-12-13 15:23:58,477 - INFO  [QuorumPeer[myid=3]/0:0:0:0:0:0:0:0:2181:FastLeaderElection@740] - New election. My id =  3, proposed zxid=0x0
2016-12-13 15:23:58,494 - WARN  [WorkerSender[myid=3]:QuorumCnxManager@368] - Cannot open channel to 0 at election address w1/192.168.4.101:3888
java.net.ConnectException: Connection refused (Connection refused)
	at java.net.PlainSocketImpl.socketConnect(Native Method)
	at java.net.AbstractPlainSocketImpl.doConnect(AbstractPlainSocketImpl.java:350)
	at java.net.AbstractPlainSocketImpl.connectToAddress(AbstractPlainSocketImpl.java:206)
	at java.net.AbstractPlainSocketImpl.connect(AbstractPlainSocketImpl.java:188)
	at java.net.SocksSocketImpl.connect(SocksSocketImpl.java:392)
	at java.net.Socket.connect(Socket.java:589)
	at org.apache.zookeeper.server.quorum.QuorumCnxManager.connectOne(QuorumCnxManager.java:354)
	at org.apache.zookeeper.server.quorum.QuorumCnxManager.toSend(QuorumCnxManager.java:327)
	at org.apache.zookeeper.server.quorum.FastLeaderElection$Messenger$WorkerSender.process(FastLeaderElection.java:393)
	at org.apache.zookeeper.server.quorum.FastLeaderElection$Messenger$WorkerSender.run(FastLeaderElection.java:365)
	at java.lang.Thread.run(Thread.java:745)
2016-12-13 15:23:58,527 - INFO  [w4/192.168.4.104:3888:QuorumCnxManager$Listener@493] - Received connection request /192.168.4.102:32932
2016-12-13 15:23:58,552 - INFO  [w4/192.168.4.104:3888:QuorumCnxManager$Listener@493] - Received connection request /192.168.4.103:62558
2016-12-13 15:23:58,552 - INFO  [w4/192.168.4.104:3888:QuorumCnxManager$Listener@493] - Received connection request /192.168.4.101:39879
2016-12-13 15:23:58,553 - INFO  [WorkerReceiver[myid=3]:FastLeaderElection@542] - Notification: 3 (n.leader), 0x0 (n.zxid), 0x1 (n.round), LOOKING (n.state), 3 (n.sid), 0x0 (n.peerEPoch), LOOKING (my state)
2016-12-13 15:23:58,554 - INFO  [WorkerReceiver[myid=3]:FastLeaderElection@542] - Notification: 2 (n.leader), 0x0 (n.zxid), 0x1 (n.round), LOOKING (n.state), 2 (n.sid), 0x0 (n.peerEPoch), LOOKING (my state)
2016-12-13 15:23:58,554 - INFO  [w4/192.168.4.104:3888:QuorumCnxManager$Listener@493] - Received connection request /192.168.4.101:39881
2016-12-13 15:23:58,555 - WARN  [SendWorker:0:QuorumCnxManager$SendWorker@679] - Interrupted while waiting for message on queue
java.lang.InterruptedException
	at java.util.concurrent.locks.AbstractQueuedSynchronizer$ConditionObject.reportInterruptAfterWait(AbstractQueuedSynchronizer.java:2014)
	at java.util.concurrent.locks.AbstractQueuedSynchronizer$ConditionObject.awaitNanos(AbstractQueuedSynchronizer.java:2088)
	at java.util.concurrent.ArrayBlockingQueue.poll(ArrayBlockingQueue.java:418)
	at org.apache.zookeeper.server.quorum.QuorumCnxManager.pollSendQueue(QuorumCnxManager.java:831)
	at org.apache.zookeeper.server.quorum.QuorumCnxManager.access$500(QuorumCnxManager.java:62)
	at org.apache.zookeeper.server.quorum.QuorumCnxManager$SendWorker.run(QuorumCnxManager.java:667)
2016-12-13 15:23:58,556 - WARN  [SendWorker:0:QuorumCnxManager$SendWorker@688] - Send worker leaving thread
2016-12-13 15:23:58,556 - WARN  [RecvWorker:0:QuorumCnxManager$RecvWorker@765] - Interrupting SendWorker
2016-12-13 15:23:58,556 - INFO  [WorkerReceiver[myid=3]:FastLeaderElection@542] - Notification: 3 (n.leader), 0x0 (n.zxid), 0x1 (n.round), LOOKING (n.state), 2 (n.sid), 0x0 (n.peerEPoch), LOOKING (my state)
2016-12-13 15:23:58,557 - INFO  [w4/192.168.4.104:3888:QuorumCnxManager$Listener@493] - Received connection request /192.168.4.101:39883
2016-12-13 15:23:58,557 - WARN  [SendWorker:0:QuorumCnxManager$SendWorker@679] - Interrupted while waiting for message on queue
java.lang.InterruptedException
	at java.util.concurrent.locks.AbstractQueuedSynchronizer$ConditionObject.reportInterruptAfterWait(AbstractQueuedSynchronizer.java:2014)
	at java.util.concurrent.locks.AbstractQueuedSynchronizer$ConditionObject.awaitNanos(AbstractQueuedSynchronizer.java:2088)
	at java.util.concurrent.ArrayBlockingQueue.poll(ArrayBlockingQueue.java:418)
	at org.apache.zookeeper.server.quorum.QuorumCnxManager.pollSendQueue(QuorumCnxManager.java:831)
	at org.apache.zookeeper.server.quorum.QuorumCnxManager.access$500(QuorumCnxManager.java:62)
	at org.apache.zookeeper.server.quorum.QuorumCnxManager$SendWorker.run(QuorumCnxManager.java:667)
2016-12-13 15:23:58,558 - WARN  [SendWorker:0:QuorumCnxManager$SendWorker@688] - Send worker leaving thread
2016-12-13 15:23:58,558 - WARN  [RecvWorker:0:QuorumCnxManager$RecvWorker@765] - Interrupting SendWorker
2016-12-13 15:23:58,559 - INFO  [WorkerSender[myid=3]:QuorumCnxManager@190] - Have smaller server identifier, so dropping the connection: (4, 3)
2016-12-13 15:23:58,560 - INFO  [w4/192.168.4.104:3888:QuorumCnxManager$Listener@493] - Received connection request /192.168.4.101:39885
2016-12-13 15:23:58,562 - INFO  [WorkerReceiver[myid=3]:FastLeaderElection@542] - Notification: 4 (n.leader), 0x0 (n.zxid), 0x1 (n.round), LOOKING (n.state), 2 (n.sid), 0x0 (n.peerEPoch), LOOKING (my state)
2016-12-13 15:23:58,563 - INFO  [w4/192.168.4.104:3888:QuorumCnxManager$Listener@493] - Received connection request /192.168.4.105:53593
2016-12-13 15:23:58,563 - INFO  [WorkerReceiver[myid=3]:FastLeaderElection@542] - Notification: 4 (n.leader), 0x0 (n.zxid), 0x1 (n.round), LOOKING (n.state), 3 (n.sid), 0x0 (n.peerEPoch), LOOKING (my state)
2016-12-13 15:23:58,563 - INFO  [WorkerSender[myid=3]:QuorumCnxManager@190] - Have smaller server identifier, so dropping the connection: (4, 3)
2016-12-13 15:23:58,566 - INFO  [WorkerReceiver[myid=3]:FastLeaderElection@542] - Notification: 4 (n.leader), 0x0 (n.zxid), 0x1 (n.round), LOOKING (n.state), 4 (n.sid), 0x0 (n.peerEPoch), LOOKING (my state)
2016-12-13 15:23:58,569 - WARN  [RecvWorker:0:QuorumCnxManager$RecvWorker@762] - Connection broken for id 0, my id = 3, error = 
java.net.SocketException: Socket closed
	at java.net.SocketInputStream.socketRead0(Native Method)
	at java.net.SocketInputStream.socketRead(SocketInputStream.java:116)
	at java.net.SocketInputStream.read(SocketInputStream.java:170)
	at java.net.SocketInputStream.read(SocketInputStream.java:141)
	at java.net.SocketInputStream.read(SocketInputStream.java:223)
	at java.io.DataInputStream.readInt(DataInputStream.java:387)
	at org.apache.zookeeper.server.quorum.QuorumCnxManager$RecvWorker.run(QuorumCnxManager.java:747)
2016-12-13 15:23:58,569 - WARN  [RecvWorker:0:QuorumCnxManager$RecvWorker@765] - Interrupting SendWorker
2016-12-13 15:23:58,569 - ERROR [SendWorker:0:QuorumCnxManager$SendWorker@655] - Failed to send last message. Shutting down thread.
java.net.SocketException: Socket closed
	at java.net.SocketOutputStream.socketWrite(SocketOutputStream.java:116)
	at java.net.SocketOutputStream.write(SocketOutputStream.java:132)
	at java.io.DataOutputStream.writeInt(DataOutputStream.java:197)
	at org.apache.zookeeper.server.quorum.QuorumCnxManager$SendWorker.send(QuorumCnxManager.java:624)
	at org.apache.zookeeper.server.quorum.QuorumCnxManager$SendWorker.run(QuorumCnxManager.java:651)
2016-12-13 15:23:58,569 - WARN  [SendWorker:0:QuorumCnxManager$SendWorker@688] - Send worker leaving thread
2016-12-13 15:23:58,608 - INFO  [w4/192.168.4.104:3888:QuorumCnxManager$Listener@493] - Received connection request /192.168.4.105:53599
2016-12-13 15:23:58,609 - WARN  [SendWorker:4:QuorumCnxManager$SendWorker@679] - Interrupted while waiting for message on queue
java.lang.InterruptedException
	at java.util.concurrent.locks.AbstractQueuedSynchronizer$ConditionObject.reportInterruptAfterWait(AbstractQueuedSynchronizer.java:2014)
	at java.util.concurrent.locks.AbstractQueuedSynchronizer$ConditionObject.awaitNanos(AbstractQueuedSynchronizer.java:2088)
	at java.util.concurrent.ArrayBlockingQueue.poll(ArrayBlockingQueue.java:418)
	at org.apache.zookeeper.server.quorum.QuorumCnxManager.pollSendQueue(QuorumCnxManager.java:831)
	at org.apache.zookeeper.server.quorum.QuorumCnxManager.access$500(QuorumCnxManager.java:62)
	at org.apache.zookeeper.server.quorum.QuorumCnxManager$SendWorker.run(QuorumCnxManager.java:667)
2016-12-13 15:23:58,609 - WARN  [SendWorker:4:QuorumCnxManager$SendWorker@688] - Send worker leaving thread
2016-12-13 15:23:58,609 - WARN  [RecvWorker:4:QuorumCnxManager$RecvWorker@762] - Connection broken for id 4, my id = 3, error = 
java.net.SocketException: Socket closed
	at java.net.SocketInputStream.read(SocketInputStream.java:203)
	at java.net.SocketInputStream.read(SocketInputStream.java:141)
	at java.net.SocketInputStream.read(SocketInputStream.java:223)
	at java.io.DataInputStream.readInt(DataInputStream.java:387)
	at org.apache.zookeeper.server.quorum.QuorumCnxManager$RecvWorker.run(QuorumCnxManager.java:747)
2016-12-13 15:23:58,610 - WARN  [RecvWorker:4:QuorumCnxManager$RecvWorker@765] - Interrupting SendWorker
2016-12-13 15:23:58,610 - INFO  [WorkerReceiver[myid=3]:FastLeaderElection@542] - Notification: 4 (n.leader), 0x0 (n.zxid), 0x1 (n.round), LOOKING (n.state), 4 (n.sid), 0x0 (n.peerEPoch), LOOKING (my state)
2016-12-13 15:23:58,613 - WARN  [RecvWorker:4:QuorumCnxManager$RecvWorker@762] - Connection broken for id 4, my id = 3, error = 
java.net.SocketException: Connection reset
	at java.net.SocketInputStream.read(SocketInputStream.java:209)
	at java.net.SocketInputStream.read(SocketInputStream.java:141)
	at java.net.SocketInputStream.read(SocketInputStream.java:223)
	at java.io.DataInputStream.readInt(DataInputStream.java:387)
	at org.apache.zookeeper.server.quorum.QuorumCnxManager$RecvWorker.run(QuorumCnxManager.java:747)
2016-12-13 15:23:58,613 - INFO  [w4/192.168.4.104:3888:QuorumCnxManager$Listener@493] - Received connection request /192.168.4.105:53601
2016-12-13 15:23:58,613 - WARN  [RecvWorker:4:QuorumCnxManager$RecvWorker@765] - Interrupting SendWorker
2016-12-13 15:23:58,614 - WARN  [SendWorker:4:QuorumCnxManager$SendWorker@679] - Interrupted while waiting for message on queue
java.lang.InterruptedException
	at java.util.concurrent.locks.AbstractQueuedSynchronizer$ConditionObject.reportInterruptAfterWait(AbstractQueuedSynchronizer.java:2014)
	at java.util.concurrent.locks.AbstractQueuedSynchronizer$ConditionObject.awaitNanos(AbstractQueuedSynchronizer.java:2088)
	at java.util.concurrent.ArrayBlockingQueue.poll(ArrayBlockingQueue.java:418)
	at org.apache.zookeeper.server.quorum.QuorumCnxManager.pollSendQueue(QuorumCnxManager.java:831)
	at org.apache.zookeeper.server.quorum.QuorumCnxManager.access$500(QuorumCnxManager.java:62)
	at org.apache.zookeeper.server.quorum.QuorumCnxManager$SendWorker.run(QuorumCnxManager.java:667)
2016-12-13 15:23:58,614 - WARN  [SendWorker:4:QuorumCnxManager$SendWorker@688] - Send worker leaving thread
2016-12-13 15:23:58,615 - INFO  [WorkerReceiver[myid=3]:FastLeaderElection@542] - Notification: 4 (n.leader), 0x0 (n.zxid), 0x1 (n.round), LOOKING (n.state), 4 (n.sid), 0x0 (n.peerEPoch), LOOKING (my state)
2016-12-13 15:23:58,638 - INFO  [WorkerReceiver[myid=3]:FastLeaderElection@542] - Notification: 4 (n.leader), 0x0 (n.zxid), 0x1 (n.round), LOOKING (n.state), 0 (n.sid), 0x0 (n.peerEPoch), LOOKING (my state)
2016-12-13 15:23:58,655 - INFO  [w4/192.168.4.104:3888:QuorumCnxManager$Listener@493] - Received connection request /192.168.4.102:32934
2016-12-13 15:23:58,656 - WARN  [RecvWorker:1:QuorumCnxManager$RecvWorker@762] - Connection broken for id 1, my id = 3, error = 
java.net.SocketException: Socket closed
	at java.net.SocketInputStream.socketRead0(Native Method)
	at java.net.SocketInputStream.socketRead(SocketInputStream.java:116)
	at java.net.SocketInputStream.read(SocketInputStream.java:170)
	at java.net.SocketInputStream.read(SocketInputStream.java:141)
	at java.net.SocketInputStream.read(SocketInputStream.java:223)
	at java.io.DataInputStream.readInt(DataInputStream.java:387)
	at org.apache.zookeeper.server.quorum.QuorumCnxManager$RecvWorker.run(QuorumCnxManager.java:747)
2016-12-13 15:23:58,656 - WARN  [SendWorker:1:QuorumCnxManager$SendWorker@679] - Interrupted while waiting for message on queue
java.lang.InterruptedException
	at java.util.concurrent.locks.AbstractQueuedSynchronizer$ConditionObject.reportInterruptAfterWait(AbstractQueuedSynchronizer.java:2014)
	at java.util.concurrent.locks.AbstractQueuedSynchronizer$ConditionObject.awaitNanos(AbstractQueuedSynchronizer.java:2088)
	at java.util.concurrent.ArrayBlockingQueue.poll(ArrayBlockingQueue.java:418)
	at org.apache.zookeeper.server.quorum.QuorumCnxManager.pollSendQueue(QuorumCnxManager.java:831)
	at org.apache.zookeeper.server.quorum.QuorumCnxManager.access$500(QuorumCnxManager.java:62)
	at org.apache.zookeeper.server.quorum.QuorumCnxManager$SendWorker.run(QuorumCnxManager.java:667)
2016-12-13 15:23:58,657 - WARN  [RecvWorker:1:QuorumCnxManager$RecvWorker@765] - Interrupting SendWorker
2016-12-13 15:23:58,657 - WARN  [SendWorker:1:QuorumCnxManager$SendWorker@688] - Send worker leaving thread
2016-12-13 15:23:58,664 - INFO  [WorkerReceiver[myid=3]:FastLeaderElection@542] - Notification: 4 (n.leader), 0x0 (n.zxid), 0x1 (n.round), LOOKING (n.state), 1 (n.sid), 0x0 (n.peerEPoch), LOOKING (my state)
2016-12-13 15:23:58,865 - INFO  [QuorumPeer[myid=3]/0:0:0:0:0:0:0:0:2181:QuorumPeer@738] - FOLLOWING
2016-12-13 15:23:58,869 - INFO  [QuorumPeer[myid=3]/0:0:0:0:0:0:0:0:2181:Learner@85] - TCP NoDelay set to: true
2016-12-13 15:23:58,875 - INFO  [QuorumPeer[myid=3]/0:0:0:0:0:0:0:0:2181:Environment@100] - Server environment:zookeeper.version=3.4.5--1, built on 03/16/2014 21:36 GMT
2016-12-13 15:23:58,875 - INFO  [QuorumPeer[myid=3]/0:0:0:0:0:0:0:0:2181:Environment@100] - Server environment:host.name=w4
2016-12-13 15:23:58,875 - INFO  [QuorumPeer[myid=3]/0:0:0:0:0:0:0:0:2181:Environment@100] - Server environment:java.version=1.8.0_111
2016-12-13 15:23:58,875 - INFO  [QuorumPeer[myid=3]/0:0:0:0:0:0:0:0:2181:Environment@100] - Server environment:java.vendor=Oracle Corporation
2016-12-13 15:23:58,876 - INFO  [QuorumPeer[myid=3]/0:0:0:0:0:0:0:0:2181:Environment@100] - Server environment:java.home=/usr/lib/jvm/java-8-oracle/jre
2016-12-13 15:23:58,876 - INFO  [QuorumPeer[myid=3]/0:0:0:0:0:0:0:0:2181:Environment@100] - Server environment:java.class.path=/etc/zookeeper/conf:/usr/share/java/jline.jar:/usr/share/java/log4j-1.2.jar:/usr/share/java/xercesImpl.jar:/usr/share/java/xmlParserAPIs.jar:/usr/share/java/netty.jar:/usr/share/java/slf4j-api.jar:/usr/share/java/slf4j-log4j12.jar:/usr/share/java/zookeeper.jar
2016-12-13 15:23:58,876 - INFO  [QuorumPeer[myid=3]/0:0:0:0:0:0:0:0:2181:Environment@100] - Server environment:java.library.path=/usr/java/packages/lib/amd64:/usr/lib64:/lib64:/lib:/usr/lib
2016-12-13 15:23:58,876 - INFO  [QuorumPeer[myid=3]/0:0:0:0:0:0:0:0:2181:Environment@100] - Server environment:java.io.tmpdir=/tmp
2016-12-13 15:23:58,876 - INFO  [QuorumPeer[myid=3]/0:0:0:0:0:0:0:0:2181:Environment@100] - Server environment:java.compiler=<NA>
2016-12-13 15:23:58,876 - INFO  [QuorumPeer[myid=3]/0:0:0:0:0:0:0:0:2181:Environment@100] - Server environment:os.name=Linux
2016-12-13 15:23:58,876 - INFO  [QuorumPeer[myid=3]/0:0:0:0:0:0:0:0:2181:Environment@100] - Server environment:os.arch=amd64
2016-12-13 15:23:58,876 - INFO  [QuorumPeer[myid=3]/0:0:0:0:0:0:0:0:2181:Environment@100] - Server environment:os.version=3.16.0-4-amd64
2016-12-13 15:23:58,876 - INFO  [QuorumPeer[myid=3]/0:0:0:0:0:0:0:0:2181:Environment@100] - Server environment:user.name=zookeeper
2016-12-13 15:23:58,876 - INFO  [QuorumPeer[myid=3]/0:0:0:0:0:0:0:0:2181:Environment@100] - Server environment:user.home=/var/lib/zookeeper
2016-12-13 15:23:58,876 - INFO  [QuorumPeer[myid=3]/0:0:0:0:0:0:0:0:2181:Environment@100] - Server environment:user.dir=/
2016-12-13 15:23:58,878 - INFO  [QuorumPeer[myid=3]/0:0:0:0:0:0:0:0:2181:ZooKeeperServer@162] - Created server with tickTime 2000 minSessionTimeout 4000 maxSessionTimeout 40000 datadir /var/lib/zookeeper/version-2 snapdir /var/lib/zookeeper/version-2
2016-12-13 15:23:58,893 - INFO  [QuorumPeer[myid=3]/0:0:0:0:0:0:0:0:2181:Follower@63] - FOLLOWING - LEADER ELECTION TOOK - 416
2016-12-13 15:23:58,896 - WARN  [QuorumPeer[myid=3]/0:0:0:0:0:0:0:0:2181:Learner@232] - Unexpected exception, tries=0, connecting to w5/192.168.4.105:2888
java.net.ConnectException: Connection refused (Connection refused)
	at java.net.PlainSocketImpl.socketConnect(Native Method)
	at java.net.AbstractPlainSocketImpl.doConnect(AbstractPlainSocketImpl.java:350)
	at java.net.AbstractPlainSocketImpl.connectToAddress(AbstractPlainSocketImpl.java:206)
	at java.net.AbstractPlainSocketImpl.connect(AbstractPlainSocketImpl.java:188)
	at java.net.SocksSocketImpl.connect(SocksSocketImpl.java:392)
	at java.net.Socket.connect(Socket.java:589)
	at org.apache.zookeeper.server.quorum.Learner.connectToLeader(Learner.java:224)
	at org.apache.zookeeper.server.quorum.Follower.followLeader(Follower.java:71)
	at org.apache.zookeeper.server.quorum.QuorumPeer.run(QuorumPeer.java:740)
2016-12-13 15:23:59,970 - INFO  [QuorumPeer[myid=3]/0:0:0:0:0:0:0:0:2181:Learner@322] - Getting a diff from the leader 0x0
2016-12-13 15:23:59,974 - INFO  [QuorumPeer[myid=3]/0:0:0:0:0:0:0:0:2181:FileTxnSnapLog@240] - Snapshotting: 0x0 to /var/lib/zookeeper/version-2/snapshot.0
