2016-12-13 16:35:47,735{GMT}	INFO	[jepsen node w2] jepsen.os.debian: w2 setting up debian
2016-12-13 16:35:47,735{GMT}	INFO	[jepsen node w3] jepsen.os.debian: w3 setting up debian
2016-12-13 16:35:47,735{GMT}	INFO	[jepsen node w4] jepsen.os.debian: w4 setting up debian
2016-12-13 16:35:47,735{GMT}	INFO	[jepsen node w5] jepsen.os.debian: w5 setting up debian
2016-12-13 16:35:47,735{GMT}	INFO	[jepsen node w1] jepsen.os.debian: w1 setting up debian
2016-12-13 16:35:48,457{GMT}	INFO	[jepsen node w3] jepsen.zookeeper: Tearing down ZK on w3
2016-12-13 16:35:48,457{GMT}	INFO	[jepsen node w5] jepsen.zookeeper: Tearing down ZK on w5
2016-12-13 16:35:48,457{GMT}	INFO	[jepsen node w2] jepsen.zookeeper: Tearing down ZK on w2
2016-12-13 16:35:48,457{GMT}	INFO	[jepsen node w1] jepsen.zookeeper: Tearing down ZK on w1
2016-12-13 16:35:48,457{GMT}	INFO	[jepsen node w4] jepsen.zookeeper: Tearing down ZK on w4
2016-12-13 16:35:48,661{GMT}	INFO	[jepsen node w4] jepsen.zookeeper: Setting up ZK on w4
2016-12-13 16:35:48,661{GMT}	INFO	[jepsen node w2] jepsen.zookeeper: Setting up ZK on w2
2016-12-13 16:35:48,661{GMT}	INFO	[jepsen node w1] jepsen.zookeeper: Setting up ZK on w1
2016-12-13 16:35:48,661{GMT}	INFO	[jepsen node w5] jepsen.zookeeper: Setting up ZK on w5
2016-12-13 16:35:48,662{GMT}	INFO	[jepsen node w3] jepsen.zookeeper: Setting up ZK on w3
2016-12-13 16:35:49,176{GMT}	INFO	[jepsen node w5] jepsen.zookeeper: w5 ZK restarting
2016-12-13 16:35:49,177{GMT}	INFO	[jepsen node w4] jepsen.zookeeper: w4 ZK restarting
2016-12-13 16:35:49,177{GMT}	INFO	[jepsen node w1] jepsen.zookeeper: w1 ZK restarting
2016-12-13 16:35:49,178{GMT}	INFO	[jepsen node w3] jepsen.zookeeper: w3 ZK restarting
2016-12-13 16:35:49,178{GMT}	INFO	[jepsen node w2] jepsen.zookeeper: w2 ZK restarting
2016-12-13 16:35:54,277{GMT}	INFO	[jepsen node w5] jepsen.zookeeper: w5 ZK ready
2016-12-13 16:35:54,279{GMT}	INFO	[jepsen node w1] jepsen.zookeeper: w1 ZK ready
2016-12-13 16:35:54,279{GMT}	INFO	[jepsen node w4] jepsen.zookeeper: w4 ZK ready
2016-12-13 16:35:54,279{GMT}	INFO	[jepsen node w3] jepsen.zookeeper: w3 ZK ready
2016-12-13 16:35:54,279{GMT}	INFO	[jepsen node w2] jepsen.zookeeper: w2 ZK ready
2016-12-13 16:35:54,285{GMT}	INFO	[clojure-agent-send-off-pool-1] org.apache.zookeeper.ZooKeeper: Initiating client connection, connectString=w3 sessionTimeout=5000 watcher=zookeeper.internal$make_watcher$reify__378@9203a24
2016-12-13 16:35:54,285{GMT}	INFO	[clojure-agent-send-off-pool-3] org.apache.zookeeper.ZooKeeper: Initiating client connection, connectString=w4 sessionTimeout=5000 watcher=zookeeper.internal$make_watcher$reify__378@4a0a4b92
2016-12-13 16:35:54,285{GMT}	INFO	[clojure-agent-send-off-pool-2] org.apache.zookeeper.ZooKeeper: Initiating client connection, connectString=w2 sessionTimeout=5000 watcher=zookeeper.internal$make_watcher$reify__378@b87fa74
2016-12-13 16:35:54,285{GMT}	INFO	[clojure-agent-send-off-pool-4] org.apache.zookeeper.ZooKeeper: Initiating client connection, connectString=w1 sessionTimeout=5000 watcher=zookeeper.internal$make_watcher$reify__378@6719f451
2016-12-13 16:35:54,285{GMT}	INFO	[clojure-agent-send-off-pool-0] org.apache.zookeeper.ZooKeeper: Initiating client connection, connectString=w5 sessionTimeout=5000 watcher=zookeeper.internal$make_watcher$reify__378@6c991003
2016-12-13 16:35:54,299{GMT}	INFO	[clojure-agent-send-off-pool-3-SendThread()] org.apache.zookeeper.ClientCnxn: Opening socket connection to server /192.168.4.104:2181
2016-12-13 16:35:54,300{GMT}	INFO	[clojure-agent-send-off-pool-4-SendThread()] org.apache.zookeeper.ClientCnxn: Opening socket connection to server /192.168.4.101:2181
2016-12-13 16:35:54,300{GMT}	INFO	[clojure-agent-send-off-pool-0-SendThread()] org.apache.zookeeper.ClientCnxn: Opening socket connection to server /192.168.4.105:2181
2016-12-13 16:35:54,300{GMT}	INFO	[clojure-agent-send-off-pool-2-SendThread()] org.apache.zookeeper.ClientCnxn: Opening socket connection to server /192.168.4.102:2181
2016-12-13 16:35:54,303{GMT}	INFO	[clojure-agent-send-off-pool-1-SendThread()] org.apache.zookeeper.ClientCnxn: Opening socket connection to server /192.168.4.103:2181
2016-12-13 16:35:54,309{GMT}	INFO	[clojure-agent-send-off-pool-3-SendThread(w4:2181)] org.apache.zookeeper.ClientCnxn: Socket connection established to w4/192.168.4.104:2181, initiating session
2016-12-13 16:35:54,309{GMT}	INFO	[clojure-agent-send-off-pool-4-SendThread(w1:2181)] org.apache.zookeeper.ClientCnxn: Socket connection established to w1/192.168.4.101:2181, initiating session
2016-12-13 16:35:54,309{GMT}	INFO	[clojure-agent-send-off-pool-0-SendThread(w5:2181)] org.apache.zookeeper.ClientCnxn: Socket connection established to w5/192.168.4.105:2181, initiating session
2016-12-13 16:35:54,309{GMT}	INFO	[clojure-agent-send-off-pool-1-SendThread(w3:2181)] org.apache.zookeeper.ClientCnxn: Socket connection established to w3/192.168.4.103:2181, initiating session
2016-12-13 16:35:54,310{GMT}	INFO	[clojure-agent-send-off-pool-2-SendThread(w2:2181)] org.apache.zookeeper.ClientCnxn: Socket connection established to w2/192.168.4.102:2181, initiating session
2016-12-13 16:35:54,427{GMT}	INFO	[clojure-agent-send-off-pool-0-SendThread(w5:2181)] org.apache.zookeeper.ClientCnxn: Session establishment complete on server w5/192.168.4.105:2181, sessionid = 0x458f90a40230000, negotiated timeout = 5000
2016-12-13 16:35:54,427{GMT}	INFO	[clojure-agent-send-off-pool-2-SendThread(w2:2181)] org.apache.zookeeper.ClientCnxn: Session establishment complete on server w2/192.168.4.102:2181, sessionid = 0x158f90a46e70000, negotiated timeout = 5000
2016-12-13 16:35:54,428{GMT}	INFO	[clojure-agent-send-off-pool-3-SendThread(w4:2181)] org.apache.zookeeper.ClientCnxn: Session establishment complete on server w4/192.168.4.104:2181, sessionid = 0x358f90a43820000, negotiated timeout = 5000
2016-12-13 16:35:54,428{GMT}	INFO	[clojure-agent-send-off-pool-1-SendThread(w3:2181)] org.apache.zookeeper.ClientCnxn: Session establishment complete on server w3/192.168.4.103:2181, sessionid = 0x258f90a49490000, negotiated timeout = 5000
2016-12-13 16:35:54,428{GMT}	INFO	[clojure-agent-send-off-pool-4-SendThread(w1:2181)] org.apache.zookeeper.ClientCnxn: Session establishment complete on server w1/192.168.4.101:2181, sessionid = 0x58f90a47610000, negotiated timeout = 5000
2016-12-13 16:35:54,618{GMT}	INFO	[jepsen nemesis] jepsen.core: Nemesis starting
2016-12-13 16:35:54,619{GMT}	INFO	[jepsen nemesis] jepsen.core: nemesis done
2016-12-13 16:35:54,620{GMT}	INFO	[jepsen worker 3] jepsen.core: Worker 3 starting
2016-12-13 16:35:54,620{GMT}	INFO	[jepsen worker 2] jepsen.core: Worker 2 starting
2016-12-13 16:35:54,620{GMT}	INFO	[jepsen worker 1] jepsen.core: Worker 1 starting
2016-12-13 16:35:54,620{GMT}	INFO	[jepsen worker 0] jepsen.core: Worker 0 starting
2016-12-13 16:35:54,620{GMT}	INFO	[jepsen worker 4] jepsen.core: Worker 4 starting
2016-12-13 16:35:54,684{GMT}	INFO	[jepsen worker 1] jepsen.util: 1	:invoke	:read	nil
2016-12-13 16:35:54,694{GMT}	INFO	[jepsen worker 1] jepsen.util: 1	:ok	:read	0
2016-12-13 16:35:54,837{GMT}	INFO	[jepsen worker 3] jepsen.util: 3	:invoke	:read	nil
2016-12-13 16:35:54,840{GMT}	INFO	[jepsen worker 3] jepsen.util: 3	:ok	:read	0
2016-12-13 16:35:54,874{GMT}	INFO	[jepsen worker 0] jepsen.util: 0	:invoke	:write	0
2016-12-13 16:35:54,892{GMT}	INFO	[jepsen worker 0] jepsen.util: 0	:ok	:write	0
2016-12-13 16:35:55,170{GMT}	INFO	[jepsen worker 4] jepsen.util: 4	:invoke	:write	2
2016-12-13 16:35:55,187{GMT}	INFO	[jepsen worker 4] jepsen.util: 4	:ok	:write	2
2016-12-13 16:35:55,252{GMT}	INFO	[jepsen worker 4] jepsen.util: 4	:invoke	:write	0
2016-12-13 16:35:55,277{GMT}	INFO	[jepsen worker 4] jepsen.util: 4	:ok	:write	0
2016-12-13 16:35:55,303{GMT}	INFO	[jepsen worker 3] jepsen.util: 3	:invoke	:write	4
2016-12-13 16:35:55,326{GMT}	INFO	[jepsen worker 3] jepsen.util: 3	:ok	:write	4
2016-12-13 16:35:55,435{GMT}	INFO	[jepsen worker 1] jepsen.util: 1	:invoke	:read	nil
2016-12-13 16:35:55,436{GMT}	INFO	[jepsen worker 1] jepsen.util: 1	:ok	:read	4
2016-12-13 16:35:55,529{GMT}	INFO	[jepsen worker 4] jepsen.util: 4	:invoke	:write	0
2016-12-13 16:35:55,546{GMT}	INFO	[jepsen worker 4] jepsen.util: 4	:ok	:write	0
2016-12-13 16:35:55,951{GMT}	INFO	[jepsen worker 0] jepsen.util: 0	:invoke	:cas	[0 3]
2016-12-13 16:35:55,975{GMT}	WARN	[jepsen worker 0] jepsen.core: Process 0 indeterminate
java.lang.ClassCastException: java.lang.Integer cannot be cast to clojure.lang.Associative
	at clojure.lang.RT.assoc(RT.java:792) ~[clojure-1.8.0.jar:na]
	at clojure.core$assoc__4371.invokeStatic(core.clj:191) ~[clojure-1.8.0.jar:na]
	at clojure.core$assoc__4371.invoke(core.clj:190) ~[clojure-1.8.0.jar:na]
	at jepsen.core$worker$fn__5911$fn__5912.invoke(core.clj:164) ~[jepsen-0.1.4.jar:na]
	at jepsen.core$worker$fn__5911.invoke(core.clj:161) [jepsen-0.1.4.jar:na]
	at clojure.core$binding_conveyor_fn$fn__4676.invoke(core.clj:1938) [clojure-1.8.0.jar:na]
	at clojure.lang.AFn.call(AFn.java:18) [clojure-1.8.0.jar:na]
	at java.util.concurrent.FutureTask.run(FutureTask.java:266) [na:1.8.0_111]
	at java.util.concurrent.ThreadPoolExecutor.runWorker(ThreadPoolExecutor.java:1142) [na:1.8.0_111]
	at java.util.concurrent.ThreadPoolExecutor$Worker.run(ThreadPoolExecutor.java:617) [na:1.8.0_111]
	at java.lang.Thread.run(Thread.java:745) [na:1.8.0_111]
2016-12-13 16:35:56,178{GMT}	INFO	[jepsen worker 2] jepsen.util: 2	:invoke	:cas	[1 4]
2016-12-13 16:35:56,199{GMT}	WARN	[jepsen worker 2] jepsen.core: Process 2 indeterminate
java.lang.ClassCastException: java.lang.Long cannot be cast to clojure.lang.Associative
	at clojure.lang.RT.assoc(RT.java:792) ~[clojure-1.8.0.jar:na]
	at clojure.core$assoc__4371.invokeStatic(core.clj:191) ~[clojure-1.8.0.jar:na]
	at clojure.core$assoc__4371.invoke(core.clj:190) ~[clojure-1.8.0.jar:na]
	at jepsen.core$worker$fn__5911$fn__5912.invoke(core.clj:164) ~[jepsen-0.1.4.jar:na]
	at jepsen.core$worker$fn__5911.invoke(core.clj:161) [jepsen-0.1.4.jar:na]
	at clojure.core$binding_conveyor_fn$fn__4676.invoke(core.clj:1938) [clojure-1.8.0.jar:na]
	at clojure.lang.AFn.call(AFn.java:18) [clojure-1.8.0.jar:na]
	at java.util.concurrent.FutureTask.run(FutureTask.java:266) [na:1.8.0_111]
	at java.util.concurrent.ThreadPoolExecutor.runWorker(ThreadPoolExecutor.java:1142) [na:1.8.0_111]
	at java.util.concurrent.ThreadPoolExecutor$Worker.run(ThreadPoolExecutor.java:617) [na:1.8.0_111]
	at java.lang.Thread.run(Thread.java:745) [na:1.8.0_111]
2016-12-13 16:35:56,524{GMT}	INFO	[jepsen worker 4] jepsen.util: 4	:invoke	:read	nil
2016-12-13 16:35:56,527{GMT}	INFO	[jepsen worker 4] jepsen.util: 4	:ok	:read	3
2016-12-13 16:35:56,768{GMT}	INFO	[jepsen worker 1] jepsen.util: 1	:invoke	:write	4
2016-12-13 16:35:56,785{GMT}	INFO	[jepsen worker 1] jepsen.util: 1	:ok	:write	4
2016-12-13 16:35:57,003{GMT}	INFO	[jepsen worker 3] jepsen.util: 3	:invoke	:cas	[1 3]
2016-12-13 16:35:57,020{GMT}	WARN	[jepsen worker 3] jepsen.core: Process 3 indeterminate
java.lang.ClassCastException: java.lang.Long cannot be cast to clojure.lang.Associative
	at clojure.lang.RT.assoc(RT.java:792) ~[clojure-1.8.0.jar:na]
	at clojure.core$assoc__4371.invokeStatic(core.clj:191) ~[clojure-1.8.0.jar:na]
	at clojure.core$assoc__4371.invoke(core.clj:190) ~[clojure-1.8.0.jar:na]
	at jepsen.core$worker$fn__5911$fn__5912.invoke(core.clj:164) ~[jepsen-0.1.4.jar:na]
	at jepsen.core$worker$fn__5911.invoke(core.clj:161) [jepsen-0.1.4.jar:na]
	at clojure.core$binding_conveyor_fn$fn__4676.invoke(core.clj:1938) [clojure-1.8.0.jar:na]
	at clojure.lang.AFn.call(AFn.java:18) [clojure-1.8.0.jar:na]
	at java.util.concurrent.FutureTask.run(FutureTask.java:266) [na:1.8.0_111]
	at java.util.concurrent.ThreadPoolExecutor.runWorker(ThreadPoolExecutor.java:1142) [na:1.8.0_111]
	at java.util.concurrent.ThreadPoolExecutor$Worker.run(ThreadPoolExecutor.java:617) [na:1.8.0_111]
	at java.lang.Thread.run(Thread.java:745) [na:1.8.0_111]
2016-12-13 16:35:57,064{GMT}	INFO	[jepsen worker 3] jepsen.util: 8	:invoke	:write	4
2016-12-13 16:35:57,091{GMT}	INFO	[jepsen worker 3] jepsen.util: 8	:ok	:write	4
2016-12-13 16:35:57,170{GMT}	INFO	[jepsen worker 4] jepsen.util: 4	:invoke	:read	nil
2016-12-13 16:35:57,171{GMT}	INFO	[jepsen worker 4] jepsen.util: 4	:ok	:read	4
2016-12-13 16:35:57,199{GMT}	INFO	[jepsen worker 3] jepsen.util: 8	:invoke	:read	nil
2016-12-13 16:35:57,200{GMT}	INFO	[jepsen worker 3] jepsen.util: 8	:ok	:read	4
2016-12-13 16:35:57,254{GMT}	INFO	[jepsen worker 0] jepsen.util: 5	:invoke	:write	3
2016-12-13 16:35:57,272{GMT}	INFO	[jepsen worker 0] jepsen.util: 5	:ok	:write	3
2016-12-13 16:35:57,488{GMT}	INFO	[jepsen worker 2] jepsen.util: 7	:invoke	:read	nil
2016-12-13 16:35:57,490{GMT}	INFO	[jepsen worker 2] jepsen.util: 7	:ok	:read	3
2016-12-13 16:35:57,728{GMT}	INFO	[jepsen worker 0] jepsen.util: 5	:invoke	:cas	[1 3]
2016-12-13 16:35:57,744{GMT}	WARN	[jepsen worker 0] jepsen.core: Process 5 indeterminate
java.lang.ClassCastException: java.lang.Long cannot be cast to clojure.lang.Associative
	at clojure.lang.RT.assoc(RT.java:792) ~[clojure-1.8.0.jar:na]
	at clojure.core$assoc__4371.invokeStatic(core.clj:191) ~[clojure-1.8.0.jar:na]
	at clojure.core$assoc__4371.invoke(core.clj:190) ~[clojure-1.8.0.jar:na]
	at jepsen.core$worker$fn__5911$fn__5912.invoke(core.clj:164) ~[jepsen-0.1.4.jar:na]
	at jepsen.core$worker$fn__5911.invoke(core.clj:161) [jepsen-0.1.4.jar:na]
	at clojure.core$binding_conveyor_fn$fn__4676.invoke(core.clj:1938) [clojure-1.8.0.jar:na]
	at clojure.lang.AFn.call(AFn.java:18) [clojure-1.8.0.jar:na]
	at java.util.concurrent.FutureTask.run(FutureTask.java:266) [na:1.8.0_111]
	at java.util.concurrent.ThreadPoolExecutor.runWorker(ThreadPoolExecutor.java:1142) [na:1.8.0_111]
	at java.util.concurrent.ThreadPoolExecutor$Worker.run(ThreadPoolExecutor.java:617) [na:1.8.0_111]
	at java.lang.Thread.run(Thread.java:745) [na:1.8.0_111]
2016-12-13 16:35:58,044{GMT}	INFO	[jepsen worker 2] jepsen.util: 7	:invoke	:write	2
2016-12-13 16:35:58,060{GMT}	INFO	[jepsen worker 2] jepsen.util: 7	:ok	:write	2
2016-12-13 16:35:58,090{GMT}	INFO	[jepsen worker 1] jepsen.util: 1	:invoke	:write	4
2016-12-13 16:35:58,106{GMT}	INFO	[jepsen worker 1] jepsen.util: 1	:ok	:write	4
2016-12-13 16:35:58,372{GMT}	INFO	[jepsen worker 3] jepsen.util: 8	:invoke	:read	nil
2016-12-13 16:35:58,373{GMT}	INFO	[jepsen worker 3] jepsen.util: 8	:ok	:read	4
2016-12-13 16:35:58,921{GMT}	INFO	[jepsen worker 1] jepsen.util: 1	:invoke	:read	nil
2016-12-13 16:35:58,923{GMT}	INFO	[jepsen worker 1] jepsen.util: 1	:ok	:read	4
2016-12-13 16:35:58,963{GMT}	INFO	[jepsen worker 4] jepsen.util: 4	:invoke	:write	0
2016-12-13 16:35:58,982{GMT}	INFO	[jepsen worker 4] jepsen.util: 4	:ok	:write	0
2016-12-13 16:35:59,272{GMT}	INFO	[jepsen worker 0] jepsen.util: 10	:invoke	:cas	[4 2]
2016-12-13 16:35:59,288{GMT}	WARN	[jepsen worker 0] jepsen.core: Process 10 indeterminate
java.lang.ClassCastException: java.lang.Long cannot be cast to clojure.lang.Associative
	at clojure.lang.RT.assoc(RT.java:792) ~[clojure-1.8.0.jar:na]
	at clojure.core$assoc__4371.invokeStatic(core.clj:191) ~[clojure-1.8.0.jar:na]
	at clojure.core$assoc__4371.invoke(core.clj:190) ~[clojure-1.8.0.jar:na]
	at jepsen.core$worker$fn__5911$fn__5912.invoke(core.clj:164) ~[jepsen-0.1.4.jar:na]
	at jepsen.core$worker$fn__5911.invoke(core.clj:161) [jepsen-0.1.4.jar:na]
	at clojure.core$binding_conveyor_fn$fn__4676.invoke(core.clj:1938) [clojure-1.8.0.jar:na]
	at clojure.lang.AFn.call(AFn.java:18) [clojure-1.8.0.jar:na]
	at java.util.concurrent.FutureTask.run(FutureTask.java:266) [na:1.8.0_111]
	at java.util.concurrent.ThreadPoolExecutor.runWorker(ThreadPoolExecutor.java:1142) [na:1.8.0_111]
	at java.util.concurrent.ThreadPoolExecutor$Worker.run(ThreadPoolExecutor.java:617) [na:1.8.0_111]
	at java.lang.Thread.run(Thread.java:745) [na:1.8.0_111]
2016-12-13 16:35:59,509{GMT}	INFO	[jepsen worker 4] jepsen.util: 4	:invoke	:read	nil
2016-12-13 16:35:59,510{GMT}	INFO	[jepsen worker 4] jepsen.util: 4	:ok	:read	0
2016-12-13 16:35:59,567{GMT}	INFO	[jepsen worker 1] jepsen.util: 1	:invoke	:read	nil
2016-12-13 16:35:59,569{GMT}	INFO	[jepsen worker 1] jepsen.util: 1	:ok	:read	0
2016-12-13 16:35:59,700{GMT}	INFO	[jepsen worker 4] jepsen.util: 4	:invoke	:cas	[2 1]
2016-12-13 16:35:59,715{GMT}	WARN	[jepsen worker 4] jepsen.core: Process 4 indeterminate
java.lang.ClassCastException: java.lang.Long cannot be cast to clojure.lang.Associative
	at clojure.lang.RT.assoc(RT.java:792) ~[clojure-1.8.0.jar:na]
	at clojure.core$assoc__4371.invokeStatic(core.clj:191) ~[clojure-1.8.0.jar:na]
	at clojure.core$assoc__4371.invoke(core.clj:190) ~[clojure-1.8.0.jar:na]
	at jepsen.core$worker$fn__5911$fn__5912.invoke(core.clj:164) ~[jepsen-0.1.4.jar:na]
	at jepsen.core$worker$fn__5911.invoke(core.clj:161) [jepsen-0.1.4.jar:na]
	at clojure.core$binding_conveyor_fn$fn__4676.invoke(core.clj:1938) [clojure-1.8.0.jar:na]
	at clojure.lang.AFn.call(AFn.java:18) [clojure-1.8.0.jar:na]
	at java.util.concurrent.FutureTask.run(FutureTask.java:266) [na:1.8.0_111]
	at java.util.concurrent.ThreadPoolExecutor.runWorker(ThreadPoolExecutor.java:1142) [na:1.8.0_111]
	at java.util.concurrent.ThreadPoolExecutor$Worker.run(ThreadPoolExecutor.java:617) [na:1.8.0_111]
	at java.lang.Thread.run(Thread.java:745) [na:1.8.0_111]
2016-12-13 16:35:59,855{GMT}	INFO	[jepsen worker 2] jepsen.util: 7	:invoke	:read	nil
2016-12-13 16:35:59,856{GMT}	INFO	[jepsen worker 2] jepsen.util: 7	:ok	:read	0
2016-12-13 16:36:00,149{GMT}	INFO	[jepsen worker 3] jepsen.util: 8	:invoke	:write	3
2016-12-13 16:36:00,165{GMT}	INFO	[jepsen worker 3] jepsen.util: 8	:ok	:write	3
2016-12-13 16:36:00,557{GMT}	INFO	[jepsen worker 2] jepsen.util: 7	:invoke	:read	nil
2016-12-13 16:36:00,558{GMT}	INFO	[jepsen worker 2] jepsen.util: 7	:ok	:read	3
2016-12-13 16:36:00,928{GMT}	INFO	[jepsen worker 3] jepsen.util: 8	:invoke	:cas	[1 4]
2016-12-13 16:36:00,945{GMT}	WARN	[jepsen worker 3] jepsen.core: Process 8 indeterminate
java.lang.ClassCastException: java.lang.Long cannot be cast to clojure.lang.Associative
	at clojure.lang.RT.assoc(RT.java:792) ~[clojure-1.8.0.jar:na]
	at clojure.core$assoc__4371.invokeStatic(core.clj:191) ~[clojure-1.8.0.jar:na]
	at clojure.core$assoc__4371.invoke(core.clj:190) ~[clojure-1.8.0.jar:na]
	at jepsen.core$worker$fn__5911$fn__5912.invoke(core.clj:164) ~[jepsen-0.1.4.jar:na]
	at jepsen.core$worker$fn__5911.invoke(core.clj:161) [jepsen-0.1.4.jar:na]
	at clojure.core$binding_conveyor_fn$fn__4676.invoke(core.clj:1938) [clojure-1.8.0.jar:na]
	at clojure.lang.AFn.call(AFn.java:18) [clojure-1.8.0.jar:na]
	at java.util.concurrent.FutureTask.run(FutureTask.java:266) [na:1.8.0_111]
	at java.util.concurrent.ThreadPoolExecutor.runWorker(ThreadPoolExecutor.java:1142) [na:1.8.0_111]
	at java.util.concurrent.ThreadPoolExecutor$Worker.run(ThreadPoolExecutor.java:617) [na:1.8.0_111]
	at java.lang.Thread.run(Thread.java:745) [na:1.8.0_111]
2016-12-13 16:36:01,003{GMT}	INFO	[jepsen worker 0] jepsen.util: 15	:invoke	:write	4
2016-12-13 16:36:01,046{GMT}	INFO	[jepsen worker 0] jepsen.util: 15	:ok	:write	4
2016-12-13 16:36:01,114{GMT}	INFO	[jepsen worker 2] jepsen.util: 7	:invoke	:write	1
2016-12-13 16:36:01,130{GMT}	INFO	[jepsen worker 2] jepsen.util: 7	:ok	:write	1
2016-12-13 16:36:01,148{GMT}	INFO	[jepsen worker 0] jepsen.util: 15	:invoke	:read	nil
2016-12-13 16:36:01,149{GMT}	INFO	[jepsen worker 0] jepsen.util: 15	:ok	:read	1
2016-12-13 16:36:01,160{GMT}	INFO	[jepsen worker 1] jepsen.util: 1	:invoke	:read	nil
2016-12-13 16:36:01,161{GMT}	INFO	[jepsen worker 1] jepsen.util: 1	:ok	:read	1
2016-12-13 16:36:01,428{GMT}	INFO	[jepsen worker 3] jepsen.util: 13	:invoke	:read	nil
2016-12-13 16:36:01,429{GMT}	INFO	[jepsen worker 3] jepsen.util: 13	:ok	:read	1
2016-12-13 16:36:01,666{GMT}	INFO	[jepsen worker 4] jepsen.util: 9	:invoke	:write	0
2016-12-13 16:36:01,681{GMT}	INFO	[jepsen worker 4] jepsen.util: 9	:ok	:write	0
2016-12-13 16:36:01,730{GMT}	INFO	[jepsen worker 4] jepsen.util: 9	:invoke	:write	4
2016-12-13 16:36:01,745{GMT}	INFO	[jepsen worker 4] jepsen.util: 9	:ok	:write	4
2016-12-13 16:36:01,905{GMT}	INFO	[jepsen worker 0] jepsen.util: 15	:invoke	:cas	[2 3]
2016-12-13 16:36:01,923{GMT}	WARN	[jepsen worker 0] jepsen.core: Process 15 indeterminate
java.lang.ClassCastException: java.lang.Long cannot be cast to clojure.lang.Associative
	at clojure.lang.RT.assoc(RT.java:792) ~[clojure-1.8.0.jar:na]
	at clojure.core$assoc__4371.invokeStatic(core.clj:191) ~[clojure-1.8.0.jar:na]
	at clojure.core$assoc__4371.invoke(core.clj:190) ~[clojure-1.8.0.jar:na]
	at jepsen.core$worker$fn__5911$fn__5912.invoke(core.clj:164) ~[jepsen-0.1.4.jar:na]
	at jepsen.core$worker$fn__5911.invoke(core.clj:161) [jepsen-0.1.4.jar:na]
	at clojure.core$binding_conveyor_fn$fn__4676.invoke(core.clj:1938) [clojure-1.8.0.jar:na]
	at clojure.lang.AFn.call(AFn.java:18) [clojure-1.8.0.jar:na]
	at java.util.concurrent.FutureTask.run(FutureTask.java:266) [na:1.8.0_111]
	at java.util.concurrent.ThreadPoolExecutor.runWorker(ThreadPoolExecutor.java:1142) [na:1.8.0_111]
	at java.util.concurrent.ThreadPoolExecutor$Worker.run(ThreadPoolExecutor.java:617) [na:1.8.0_111]
	at java.lang.Thread.run(Thread.java:745) [na:1.8.0_111]
2016-12-13 16:36:02,298{GMT}	INFO	[jepsen worker 4] jepsen.util: 9	:invoke	:write	3
2016-12-13 16:36:02,312{GMT}	INFO	[jepsen worker 4] jepsen.util: 9	:ok	:write	3
2016-12-13 16:36:02,671{GMT}	INFO	[jepsen worker 3] jepsen.util: 13	:invoke	:cas	[3 1]
2016-12-13 16:36:02,689{GMT}	WARN	[jepsen worker 3] jepsen.core: Process 13 indeterminate
java.lang.ClassCastException: java.lang.Integer cannot be cast to clojure.lang.Associative
	at clojure.lang.RT.assoc(RT.java:792) ~[clojure-1.8.0.jar:na]
	at clojure.core$assoc__4371.invokeStatic(core.clj:191) ~[clojure-1.8.0.jar:na]
	at clojure.core$assoc__4371.invoke(core.clj:190) ~[clojure-1.8.0.jar:na]
	at jepsen.core$worker$fn__5911$fn__5912.invoke(core.clj:164) ~[jepsen-0.1.4.jar:na]
	at jepsen.core$worker$fn__5911.invoke(core.clj:161) [jepsen-0.1.4.jar:na]
	at clojure.core$binding_conveyor_fn$fn__4676.invoke(core.clj:1938) [clojure-1.8.0.jar:na]
	at clojure.lang.AFn.call(AFn.java:18) [clojure-1.8.0.jar:na]
	at java.util.concurrent.FutureTask.run(FutureTask.java:266) [na:1.8.0_111]
	at java.util.concurrent.ThreadPoolExecutor.runWorker(ThreadPoolExecutor.java:1142) [na:1.8.0_111]
	at java.util.concurrent.ThreadPoolExecutor$Worker.run(ThreadPoolExecutor.java:617) [na:1.8.0_111]
	at java.lang.Thread.run(Thread.java:745) [na:1.8.0_111]
2016-12-13 16:36:02,826{GMT}	INFO	[jepsen worker 1] jepsen.util: 1	:invoke	:cas	[2 1]
2016-12-13 16:36:02,842{GMT}	WARN	[jepsen worker 1] jepsen.core: Process 1 indeterminate
java.lang.ClassCastException: java.lang.Long cannot be cast to clojure.lang.Associative
	at clojure.lang.RT.assoc(RT.java:792) ~[clojure-1.8.0.jar:na]
	at clojure.core$assoc__4371.invokeStatic(core.clj:191) ~[clojure-1.8.0.jar:na]
	at clojure.core$assoc__4371.invoke(core.clj:190) ~[clojure-1.8.0.jar:na]
	at jepsen.core$worker$fn__5911$fn__5912.invoke(core.clj:164) ~[jepsen-0.1.4.jar:na]
	at jepsen.core$worker$fn__5911.invoke(core.clj:161) [jepsen-0.1.4.jar:na]
	at clojure.core$binding_conveyor_fn$fn__4676.invoke(core.clj:1938) [clojure-1.8.0.jar:na]
	at clojure.lang.AFn.call(AFn.java:18) [clojure-1.8.0.jar:na]
	at java.util.concurrent.FutureTask.run(FutureTask.java:266) [na:1.8.0_111]
	at java.util.concurrent.ThreadPoolExecutor.runWorker(ThreadPoolExecutor.java:1142) [na:1.8.0_111]
	at java.util.concurrent.ThreadPoolExecutor$Worker.run(ThreadPoolExecutor.java:617) [na:1.8.0_111]
	at java.lang.Thread.run(Thread.java:745) [na:1.8.0_111]
2016-12-13 16:36:03,047{GMT}	INFO	[jepsen worker 1] jepsen.util: 6	:invoke	:read	nil
2016-12-13 16:36:03,048{GMT}	INFO	[jepsen worker 1] jepsen.util: 6	:ok	:read	1
2016-12-13 16:36:03,114{GMT}	INFO	[jepsen worker 2] jepsen.util: 7	:invoke	:read	nil
2016-12-13 16:36:03,116{GMT}	INFO	[jepsen worker 2] jepsen.util: 7	:ok	:read	1
2016-12-13 16:36:03,124{GMT}	INFO	[jepsen worker 4] jepsen.util: 9	:invoke	:cas	[0 1]
2016-12-13 16:36:03,141{GMT}	WARN	[jepsen worker 4] jepsen.core: Process 9 indeterminate
java.lang.ClassCastException: java.lang.Long cannot be cast to clojure.lang.Associative
	at clojure.lang.RT.assoc(RT.java:792) ~[clojure-1.8.0.jar:na]
	at clojure.core$assoc__4371.invokeStatic(core.clj:191) ~[clojure-1.8.0.jar:na]
	at clojure.core$assoc__4371.invoke(core.clj:190) ~[clojure-1.8.0.jar:na]
	at jepsen.core$worker$fn__5911$fn__5912.invoke(core.clj:164) ~[jepsen-0.1.4.jar:na]
	at jepsen.core$worker$fn__5911.invoke(core.clj:161) [jepsen-0.1.4.jar:na]
	at clojure.core$binding_conveyor_fn$fn__4676.invoke(core.clj:1938) [clojure-1.8.0.jar:na]
	at clojure.lang.AFn.call(AFn.java:18) [clojure-1.8.0.jar:na]
	at java.util.concurrent.FutureTask.run(FutureTask.java:266) [na:1.8.0_111]
	at java.util.concurrent.ThreadPoolExecutor.runWorker(ThreadPoolExecutor.java:1142) [na:1.8.0_111]
	at java.util.concurrent.ThreadPoolExecutor$Worker.run(ThreadPoolExecutor.java:617) [na:1.8.0_111]
	at java.lang.Thread.run(Thread.java:745) [na:1.8.0_111]
2016-12-13 16:36:03,522{GMT}	INFO	[jepsen worker 0] jepsen.util: 20	:invoke	:write	4
2016-12-13 16:36:03,558{GMT}	INFO	[jepsen worker 0] jepsen.util: 20	:ok	:write	4
2016-12-13 16:36:03,626{GMT}	INFO	[jepsen worker 3] jepsen.util: 18	:invoke	:cas	[4 4]
2016-12-13 16:36:03,644{GMT}	WARN	[jepsen worker 3] jepsen.core: Process 18 indeterminate
java.lang.ClassCastException: java.lang.Integer cannot be cast to clojure.lang.Associative
	at clojure.lang.RT.assoc(RT.java:792) ~[clojure-1.8.0.jar:na]
	at clojure.core$assoc__4371.invokeStatic(core.clj:191) ~[clojure-1.8.0.jar:na]
	at clojure.core$assoc__4371.invoke(core.clj:190) ~[clojure-1.8.0.jar:na]
	at jepsen.core$worker$fn__5911$fn__5912.invoke(core.clj:164) ~[jepsen-0.1.4.jar:na]
	at jepsen.core$worker$fn__5911.invoke(core.clj:161) [jepsen-0.1.4.jar:na]
	at clojure.core$binding_conveyor_fn$fn__4676.invoke(core.clj:1938) [clojure-1.8.0.jar:na]
	at clojure.lang.AFn.call(AFn.java:18) [clojure-1.8.0.jar:na]
	at java.util.concurrent.FutureTask.run(FutureTask.java:266) [na:1.8.0_111]
	at java.util.concurrent.ThreadPoolExecutor.runWorker(ThreadPoolExecutor.java:1142) [na:1.8.0_111]
	at java.util.concurrent.ThreadPoolExecutor$Worker.run(ThreadPoolExecutor.java:617) [na:1.8.0_111]
	at java.lang.Thread.run(Thread.java:745) [na:1.8.0_111]
2016-12-13 16:36:04,059{GMT}	INFO	[jepsen worker 3] jepsen.util: 23	:invoke	:cas	[4 1]
2016-12-13 16:36:04,076{GMT}	WARN	[jepsen worker 3] jepsen.core: Process 23 indeterminate
java.lang.ClassCastException: java.lang.Integer cannot be cast to clojure.lang.Associative
	at clojure.lang.RT.assoc(RT.java:792) ~[clojure-1.8.0.jar:na]
	at clojure.core$assoc__4371.invokeStatic(core.clj:191) ~[clojure-1.8.0.jar:na]
	at clojure.core$assoc__4371.invoke(core.clj:190) ~[clojure-1.8.0.jar:na]
	at jepsen.core$worker$fn__5911$fn__5912.invoke(core.clj:164) ~[jepsen-0.1.4.jar:na]
	at jepsen.core$worker$fn__5911.invoke(core.clj:161) [jepsen-0.1.4.jar:na]
	at clojure.core$binding_conveyor_fn$fn__4676.invoke(core.clj:1938) [clojure-1.8.0.jar:na]
	at clojure.lang.AFn.call(AFn.java:18) [clojure-1.8.0.jar:na]
	at java.util.concurrent.FutureTask.run(FutureTask.java:266) [na:1.8.0_111]
	at java.util.concurrent.ThreadPoolExecutor.runWorker(ThreadPoolExecutor.java:1142) [na:1.8.0_111]
	at java.util.concurrent.ThreadPoolExecutor$Worker.run(ThreadPoolExecutor.java:617) [na:1.8.0_111]
	at java.lang.Thread.run(Thread.java:745) [na:1.8.0_111]
2016-12-13 16:36:04,567{GMT}	INFO	[jepsen worker 1] jepsen.util: 6	:invoke	:read	nil
2016-12-13 16:36:04,569{GMT}	INFO	[jepsen worker 1] jepsen.util: 6	:ok	:read	1
2016-12-13 16:36:04,980{GMT}	INFO	[jepsen worker 4] jepsen.util: 14	:invoke	:read	nil
2016-12-13 16:36:04,981{GMT}	INFO	[jepsen worker 4] jepsen.util: 14	:ok	:read	1
2016-12-13 16:36:05,015{GMT}	INFO	[jepsen worker 2] jepsen.util: 7	:invoke	:write	2
2016-12-13 16:36:05,031{GMT}	INFO	[jepsen worker 2] jepsen.util: 7	:ok	:write	2
2016-12-13 16:36:05,032{GMT}	INFO	[jepsen worker 0] jepsen.util: 20	:invoke	:read	nil
2016-12-13 16:36:05,033{GMT}	INFO	[jepsen worker 0] jepsen.util: 20	:ok	:read	2
2016-12-13 16:36:05,541{GMT}	INFO	[jepsen worker 3] jepsen.util: 28	:invoke	:write	4
2016-12-13 16:36:05,561{GMT}	INFO	[jepsen worker 3] jepsen.util: 28	:ok	:write	4
2016-12-13 16:36:05,623{GMT}	INFO	[jepsen worker 0] jepsen.util: 20	:invoke	:write	1
2016-12-13 16:36:05,639{GMT}	INFO	[jepsen worker 0] jepsen.util: 20	:ok	:write	1
2016-12-13 16:36:05,655{GMT}	INFO	[jepsen worker 0] jepsen.util: 20	:invoke	:read	nil
2016-12-13 16:36:05,656{GMT}	INFO	[jepsen worker 0] jepsen.util: 20	:ok	:read	1
2016-12-13 16:36:05,862{GMT}	INFO	[jepsen worker 0] jepsen.util: 20	:invoke	:read	nil
2016-12-13 16:36:05,862{GMT}	INFO	[jepsen worker 0] jepsen.util: 20	:ok	:read	1
2016-12-13 16:36:06,423{GMT}	INFO	[jepsen worker 1] jepsen.util: 6	:invoke	:write	4
2016-12-13 16:36:06,439{GMT}	INFO	[jepsen worker 1] jepsen.util: 6	:ok	:write	4
2016-12-13 16:36:06,592{GMT}	INFO	[jepsen worker 0] jepsen.util: 20	:invoke	:write	2
2016-12-13 16:36:06,593{GMT}	INFO	[jepsen worker 2] jepsen.util: 7	:invoke	:write	2
2016-12-13 16:36:06,597{GMT}	INFO	[jepsen worker 3] jepsen.util: 28	:invoke	:read	nil
2016-12-13 16:36:06,598{GMT}	INFO	[jepsen worker 3] jepsen.util: 28	:ok	:read	4
2016-12-13 16:36:06,608{GMT}	INFO	[jepsen worker 0] jepsen.util: 20	:ok	:write	2
2016-12-13 16:36:06,628{GMT}	INFO	[jepsen worker 2] jepsen.util: 7	:ok	:write	2
2016-12-13 16:36:06,670{GMT}	INFO	[jepsen worker 2] jepsen.util: 7	:invoke	:write	2
2016-12-13 16:36:06,685{GMT}	INFO	[jepsen worker 2] jepsen.util: 7	:ok	:write	2
2016-12-13 16:36:06,947{GMT}	INFO	[jepsen worker 4] jepsen.util: 14	:invoke	:read	nil
2016-12-13 16:36:06,948{GMT}	INFO	[jepsen worker 3] jepsen.util: 28	:invoke	:write	4
2016-12-13 16:36:06,948{GMT}	INFO	[jepsen worker 4] jepsen.util: 14	:ok	:read	2
2016-12-13 16:36:06,978{GMT}	INFO	[jepsen worker 3] jepsen.util: 28	:ok	:write	4
2016-12-13 16:36:07,597{GMT}	INFO	[jepsen worker 2] jepsen.util: 7	:invoke	:cas	[2 2]
2016-12-13 16:36:07,615{GMT}	WARN	[jepsen worker 2] jepsen.core: Process 7 indeterminate
java.lang.ClassCastException: java.lang.Long cannot be cast to clojure.lang.Associative
	at clojure.lang.RT.assoc(RT.java:792) ~[clojure-1.8.0.jar:na]
	at clojure.core$assoc__4371.invokeStatic(core.clj:191) ~[clojure-1.8.0.jar:na]
	at clojure.core$assoc__4371.invoke(core.clj:190) ~[clojure-1.8.0.jar:na]
	at jepsen.core$worker$fn__5911$fn__5912.invoke(core.clj:164) ~[jepsen-0.1.4.jar:na]
	at jepsen.core$worker$fn__5911.invoke(core.clj:161) [jepsen-0.1.4.jar:na]
	at clojure.core$binding_conveyor_fn$fn__4676.invoke(core.clj:1938) [clojure-1.8.0.jar:na]
	at clojure.lang.AFn.call(AFn.java:18) [clojure-1.8.0.jar:na]
	at java.util.concurrent.FutureTask.run(FutureTask.java:266) [na:1.8.0_111]
	at java.util.concurrent.ThreadPoolExecutor.runWorker(ThreadPoolExecutor.java:1142) [na:1.8.0_111]
	at java.util.concurrent.ThreadPoolExecutor$Worker.run(ThreadPoolExecutor.java:617) [na:1.8.0_111]
	at java.lang.Thread.run(Thread.java:745) [na:1.8.0_111]
2016-12-13 16:36:07,925{GMT}	INFO	[jepsen worker 0] jepsen.util: 20	:invoke	:read	nil
2016-12-13 16:36:07,926{GMT}	INFO	[jepsen worker 0] jepsen.util: 20	:ok	:read	4
2016-12-13 16:36:08,262{GMT}	INFO	[jepsen worker 1] jepsen.util: 6	:invoke	:read	nil
2016-12-13 16:36:08,264{GMT}	INFO	[jepsen worker 1] jepsen.util: 6	:ok	:read	4
2016-12-13 16:36:08,493{GMT}	INFO	[jepsen worker 4] jepsen.util: 14	:invoke	:read	nil
2016-12-13 16:36:08,494{GMT}	INFO	[jepsen worker 4] jepsen.util: 14	:ok	:read	4
2016-12-13 16:36:08,711{GMT}	INFO	[jepsen worker 3] jepsen.util: 28	:invoke	:read	nil
2016-12-13 16:36:08,713{GMT}	INFO	[jepsen worker 3] jepsen.util: 28	:ok	:read	4
2016-12-13 16:36:08,816{GMT}	INFO	[jepsen worker 0] jepsen.util: 20	:invoke	:cas	[2 2]
2016-12-13 16:36:08,831{GMT}	WARN	[jepsen worker 0] jepsen.core: Process 20 indeterminate
java.lang.ClassCastException: java.lang.Long cannot be cast to clojure.lang.Associative
	at clojure.lang.RT.assoc(RT.java:792) ~[clojure-1.8.0.jar:na]
	at clojure.core$assoc__4371.invokeStatic(core.clj:191) ~[clojure-1.8.0.jar:na]
	at clojure.core$assoc__4371.invoke(core.clj:190) ~[clojure-1.8.0.jar:na]
	at jepsen.core$worker$fn__5911$fn__5912.invoke(core.clj:164) ~[jepsen-0.1.4.jar:na]
	at jepsen.core$worker$fn__5911.invoke(core.clj:161) [jepsen-0.1.4.jar:na]
	at clojure.core$binding_conveyor_fn$fn__4676.invoke(core.clj:1938) [clojure-1.8.0.jar:na]
	at clojure.lang.AFn.call(AFn.java:18) [clojure-1.8.0.jar:na]
	at java.util.concurrent.FutureTask.run(FutureTask.java:266) [na:1.8.0_111]
	at java.util.concurrent.ThreadPoolExecutor.runWorker(ThreadPoolExecutor.java:1142) [na:1.8.0_111]
	at java.util.concurrent.ThreadPoolExecutor$Worker.run(ThreadPoolExecutor.java:617) [na:1.8.0_111]
	at java.lang.Thread.run(Thread.java:745) [na:1.8.0_111]
2016-12-13 16:36:08,926{GMT}	INFO	[jepsen worker 0] jepsen.util: 25	:invoke	:cas	[1 2]
2016-12-13 16:36:08,943{GMT}	WARN	[jepsen worker 0] jepsen.core: Process 25 indeterminate
java.lang.ClassCastException: java.lang.Long cannot be cast to clojure.lang.Associative
	at clojure.lang.RT.assoc(RT.java:792) ~[clojure-1.8.0.jar:na]
	at clojure.core$assoc__4371.invokeStatic(core.clj:191) ~[clojure-1.8.0.jar:na]
	at clojure.core$assoc__4371.invoke(core.clj:190) ~[clojure-1.8.0.jar:na]
	at jepsen.core$worker$fn__5911$fn__5912.invoke(core.clj:164) ~[jepsen-0.1.4.jar:na]
	at jepsen.core$worker$fn__5911.invoke(core.clj:161) [jepsen-0.1.4.jar:na]
	at clojure.core$binding_conveyor_fn$fn__4676.invoke(core.clj:1938) [clojure-1.8.0.jar:na]
	at clojure.lang.AFn.call(AFn.java:18) [clojure-1.8.0.jar:na]
	at java.util.concurrent.FutureTask.run(FutureTask.java:266) [na:1.8.0_111]
	at java.util.concurrent.ThreadPoolExecutor.runWorker(ThreadPoolExecutor.java:1142) [na:1.8.0_111]
	at java.util.concurrent.ThreadPoolExecutor$Worker.run(ThreadPoolExecutor.java:617) [na:1.8.0_111]
	at java.lang.Thread.run(Thread.java:745) [na:1.8.0_111]
2016-12-13 16:36:09,042{GMT}	INFO	[jepsen worker 1] jepsen.util: 6	:invoke	:read	nil
2016-12-13 16:36:09,043{GMT}	INFO	[jepsen worker 1] jepsen.util: 6	:ok	:read	4
2016-12-13 16:36:09,293{GMT}	INFO	[jepsen worker 4] jepsen.util: 14	:invoke	:write	3
2016-12-13 16:36:09,308{GMT}	INFO	[jepsen worker 4] jepsen.util: 14	:ok	:write	3
2016-12-13 16:36:09,472{GMT}	INFO	[jepsen worker 2] jepsen.util: 12	:invoke	:write	4
2016-12-13 16:36:09,489{GMT}	INFO	[jepsen worker 2] jepsen.util: 12	:ok	:write	4
2016-12-13 16:36:09,500{GMT}	INFO	[jepsen worker 0] jepsen.util: 30	:invoke	:write	3
2016-12-13 16:36:09,519{GMT}	INFO	[jepsen worker 0] jepsen.util: 30	:ok	:write	3
2016-12-13 16:36:09,527{GMT}	INFO	[jepsen worker 0] jepsen.util: 30	:invoke	:cas	[4 0]
2016-12-13 16:36:09,543{GMT}	WARN	[jepsen worker 0] jepsen.core: Process 30 indeterminate
java.lang.ClassCastException: java.lang.Long cannot be cast to clojure.lang.Associative
	at clojure.lang.RT.assoc(RT.java:792) ~[clojure-1.8.0.jar:na]
	at clojure.core$assoc__4371.invokeStatic(core.clj:191) ~[clojure-1.8.0.jar:na]
	at clojure.core$assoc__4371.invoke(core.clj:190) ~[clojure-1.8.0.jar:na]
	at jepsen.core$worker$fn__5911$fn__5912.invoke(core.clj:164) ~[jepsen-0.1.4.jar:na]
	at jepsen.core$worker$fn__5911.invoke(core.clj:161) [jepsen-0.1.4.jar:na]
	at clojure.core$binding_conveyor_fn$fn__4676.invoke(core.clj:1938) [clojure-1.8.0.jar:na]
	at clojure.lang.AFn.call(AFn.java:18) [clojure-1.8.0.jar:na]
	at java.util.concurrent.FutureTask.run(FutureTask.java:266) [na:1.8.0_111]
	at java.util.concurrent.ThreadPoolExecutor.runWorker(ThreadPoolExecutor.java:1142) [na:1.8.0_111]
	at java.util.concurrent.ThreadPoolExecutor$Worker.run(ThreadPoolExecutor.java:617) [na:1.8.0_111]
	at java.lang.Thread.run(Thread.java:745) [na:1.8.0_111]
2016-12-13 16:36:09,900{GMT}	INFO	[jepsen worker 4] jepsen.util: 14	:invoke	:write	4
2016-12-13 16:36:09,913{GMT}	INFO	[jepsen worker 4] jepsen.util: 14	:ok	:write	4
2016-12-13 16:36:09,913{GMT}	INFO	[jepsen worker 4] jepsen.core: Worker 4 done
2016-12-13 16:36:10,402{GMT}	INFO	[jepsen worker 1] jepsen.util: 6	:invoke	:read	nil
2016-12-13 16:36:10,403{GMT}	INFO	[jepsen worker 1] jepsen.util: 6	:ok	:read	4
2016-12-13 16:36:10,403{GMT}	INFO	[jepsen worker 1] jepsen.core: Worker 1 done
2016-12-13 16:36:10,495{GMT}	INFO	[jepsen worker 2] jepsen.util: 12	:invoke	:cas	[3 2]
2016-12-13 16:36:10,529{GMT}	WARN	[jepsen worker 2] jepsen.core: Process 12 indeterminate
java.lang.ClassCastException: java.lang.Long cannot be cast to clojure.lang.Associative
	at clojure.lang.RT.assoc(RT.java:792) ~[clojure-1.8.0.jar:na]
	at clojure.core$assoc__4371.invokeStatic(core.clj:191) ~[clojure-1.8.0.jar:na]
	at clojure.core$assoc__4371.invoke(core.clj:190) ~[clojure-1.8.0.jar:na]
	at jepsen.core$worker$fn__5911$fn__5912.invoke(core.clj:164) ~[jepsen-0.1.4.jar:na]
	at jepsen.core$worker$fn__5911.invoke(core.clj:161) [jepsen-0.1.4.jar:na]
	at clojure.core$binding_conveyor_fn$fn__4676.invoke(core.clj:1938) [clojure-1.8.0.jar:na]
	at clojure.lang.AFn.call(AFn.java:18) [clojure-1.8.0.jar:na]
	at java.util.concurrent.FutureTask.run(FutureTask.java:266) [na:1.8.0_111]
	at java.util.concurrent.ThreadPoolExecutor.runWorker(ThreadPoolExecutor.java:1142) [na:1.8.0_111]
	at java.util.concurrent.ThreadPoolExecutor$Worker.run(ThreadPoolExecutor.java:617) [na:1.8.0_111]
	at java.lang.Thread.run(Thread.java:745) [na:1.8.0_111]
2016-12-13 16:36:10,530{GMT}	INFO	[jepsen worker 2] jepsen.core: Worker 2 done
2016-12-13 16:36:10,641{GMT}	INFO	[jepsen worker 0] jepsen.util: 35	:invoke	:cas	[0 0]
2016-12-13 16:36:10,657{GMT}	WARN	[jepsen worker 0] jepsen.core: Process 35 indeterminate
java.lang.ClassCastException: java.lang.Long cannot be cast to clojure.lang.Associative
	at clojure.lang.RT.assoc(RT.java:792) ~[clojure-1.8.0.jar:na]
	at clojure.core$assoc__4371.invokeStatic(core.clj:191) ~[clojure-1.8.0.jar:na]
	at clojure.core$assoc__4371.invoke(core.clj:190) ~[clojure-1.8.0.jar:na]
	at jepsen.core$worker$fn__5911$fn__5912.invoke(core.clj:164) ~[jepsen-0.1.4.jar:na]
	at jepsen.core$worker$fn__5911.invoke(core.clj:161) [jepsen-0.1.4.jar:na]
	at clojure.core$binding_conveyor_fn$fn__4676.invoke(core.clj:1938) [clojure-1.8.0.jar:na]
	at clojure.lang.AFn.call(AFn.java:18) [clojure-1.8.0.jar:na]
	at java.util.concurrent.FutureTask.run(FutureTask.java:266) [na:1.8.0_111]
	at java.util.concurrent.ThreadPoolExecutor.runWorker(ThreadPoolExecutor.java:1142) [na:1.8.0_111]
	at java.util.concurrent.ThreadPoolExecutor$Worker.run(ThreadPoolExecutor.java:617) [na:1.8.0_111]
	at java.lang.Thread.run(Thread.java:745) [na:1.8.0_111]
2016-12-13 16:36:10,657{GMT}	INFO	[jepsen worker 0] jepsen.core: Worker 0 done
2016-12-13 16:36:10,690{GMT}	INFO	[jepsen worker 3] jepsen.util: 28	:invoke	:cas	[1 0]
2016-12-13 16:36:10,714{GMT}	WARN	[jepsen worker 3] jepsen.core: Process 28 indeterminate
java.lang.ClassCastException: java.lang.Long cannot be cast to clojure.lang.Associative
	at clojure.lang.RT.assoc(RT.java:792) ~[clojure-1.8.0.jar:na]
	at clojure.core$assoc__4371.invokeStatic(core.clj:191) ~[clojure-1.8.0.jar:na]
	at clojure.core$assoc__4371.invoke(core.clj:190) ~[clojure-1.8.0.jar:na]
	at jepsen.core$worker$fn__5911$fn__5912.invoke(core.clj:164) ~[jepsen-0.1.4.jar:na]
	at jepsen.core$worker$fn__5911.invoke(core.clj:161) [jepsen-0.1.4.jar:na]
	at clojure.core$binding_conveyor_fn$fn__4676.invoke(core.clj:1938) [clojure-1.8.0.jar:na]
	at clojure.lang.AFn.call(AFn.java:18) [clojure-1.8.0.jar:na]
	at java.util.concurrent.FutureTask.run(FutureTask.java:266) [na:1.8.0_111]
	at java.util.concurrent.ThreadPoolExecutor.runWorker(ThreadPoolExecutor.java:1142) [na:1.8.0_111]
	at java.util.concurrent.ThreadPoolExecutor$Worker.run(ThreadPoolExecutor.java:617) [na:1.8.0_111]
	at java.lang.Thread.run(Thread.java:745) [na:1.8.0_111]
2016-12-13 16:36:10,714{GMT}	INFO	[jepsen worker 3] jepsen.core: Worker 3 done
2016-12-13 16:36:10,714{GMT}	INFO	[jepsen test runner] jepsen.core: Waiting for nemesis to complete
2016-12-13 16:36:10,715{GMT}	INFO	[jepsen test runner] jepsen.core: nemesis done.
2016-12-13 16:36:10,715{GMT}	INFO	[jepsen test runner] jepsen.core: Tearing down nemesis
2016-12-13 16:36:10,715{GMT}	INFO	[jepsen test runner] jepsen.core: Nemesis torn down
2016-12-13 16:36:10,721{GMT}	INFO	[clojure-agent-send-off-pool-0] org.apache.zookeeper.ZooKeeper: Session: 0x458f90a40230000 closed
2016-12-13 16:36:10,721{GMT}	INFO	[clojure-agent-send-off-pool-0-EventThread] org.apache.zookeeper.ClientCnxn: EventThread shut down
2016-12-13 16:36:10,722{GMT}	INFO	[clojure-agent-send-off-pool-9] org.apache.zookeeper.ZooKeeper: Session: 0x258f90a49490000 closed
2016-12-13 16:36:10,722{GMT}	INFO	[clojure-agent-send-off-pool-1-EventThread] org.apache.zookeeper.ClientCnxn: EventThread shut down
2016-12-13 16:36:10,722{GMT}	INFO	[clojure-agent-send-off-pool-6] org.apache.zookeeper.ZooKeeper: Session: 0x158f90a46e70000 closed
2016-12-13 16:36:10,722{GMT}	INFO	[clojure-agent-send-off-pool-2-EventThread] org.apache.zookeeper.ClientCnxn: EventThread shut down
2016-12-13 16:36:10,723{GMT}	INFO	[clojure-agent-send-off-pool-1] org.apache.zookeeper.ZooKeeper: Session: 0x58f90a47610000 closed
2016-12-13 16:36:10,723{GMT}	INFO	[clojure-agent-send-off-pool-4-EventThread] org.apache.zookeeper.ClientCnxn: EventThread shut down
2016-12-13 16:36:10,723{GMT}	INFO	[clojure-agent-send-off-pool-8] org.apache.zookeeper.ZooKeeper: Session: 0x358f90a43820000 closed
2016-12-13 16:36:10,723{GMT}	INFO	[clojure-agent-send-off-pool-3-EventThread] org.apache.zookeeper.ClientCnxn: EventThread shut down
2016-12-13 16:36:10,724{GMT}	INFO	[jepsen test runner] jepsen.core: Snarfing log files
2016-12-13 16:36:10,727{GMT}	INFO	[jepsen node w4] jepsen.core: downloading /var/log/zookeeper/zookeeper.log to zookeeper.log
2016-12-13 16:36:10,727{GMT}	INFO	[jepsen node w2] jepsen.core: downloading /var/log/zookeeper/zookeeper.log to zookeeper.log
2016-12-13 16:36:10,727{GMT}	INFO	[jepsen node w5] jepsen.core: downloading /var/log/zookeeper/zookeeper.log to zookeeper.log
2016-12-13 16:36:10,728{GMT}	INFO	[jepsen node w1] jepsen.core: downloading /var/log/zookeeper/zookeeper.log to zookeeper.log
2016-12-13 16:36:10,728{GMT}	INFO	[jepsen node w3] jepsen.core: downloading /var/log/zookeeper/zookeeper.log to zookeeper.log
2016-12-13 16:36:10,749{GMT}	INFO	[jepsen test runner] jepsen.core: Run complete, writing
2016-12-13 16:36:10,783{GMT}	INFO	[jepsen node w3] jepsen.zookeeper: Tearing down ZK on w3
2016-12-13 16:36:10,783{GMT}	INFO	[jepsen node w4] jepsen.zookeeper: Tearing down ZK on w4
2016-12-13 16:36:10,783{GMT}	INFO	[jepsen node w5] jepsen.zookeeper: Tearing down ZK on w5
2016-12-13 16:36:10,783{GMT}	INFO	[jepsen node w1] jepsen.zookeeper: Tearing down ZK on w1
2016-12-13 16:36:10,783{GMT}	INFO	[jepsen node w2] jepsen.zookeeper: Tearing down ZK on w2
2016-12-13 16:36:11,396{GMT}	INFO	[jepsen test runner] jepsen.core: Analyzing
2016-12-13 16:36:16,877{GMT}	INFO	[reporter] knossos.linear: :space 65536 :cost 3.96E+20 :op {:type :ok, :f :write, :value 3, :process 14, :time 15026354997, :index 145}
2016-12-13 16:36:22,631{GMT}	INFO	[reporter] knossos.linear: :space 131072 :cost 1.51E+22 :op {:type :ok, :f :read, :value 4, :process 6, :time 16121515463, :index 155}
2016-12-13 16:36:22,965{GMT}	INFO	[jepsen test runner] jepsen.core: Analysis complete
2016-12-13 16:36:23,413{GMT}	INFO	[jepsen results] jepsen.store: Wrote /home/admin/jepsen.zookeeper/store/zookeeper/20161213T163547.000Z/results.edn
2016-12-13 16:36:23,850{GMT}	INFO	[main] jepsen.core: {:valid? true,
 :configs
 ({:model {},
   :last-op
   {:type :ok,
    :f :read,
    :value 4,
    :process 6,
    :time 16121515463,
    :index 155},
   :pending
   [{:type :invoke,
     :f :cas,
     :value [1 3],
     :process 3,
     :time 2721228215,
     :index 24}
    {:type :invoke,
     :f :cas,
     :value [3 2],
     :process 12,
     :time 16212875333,
     :index 156}
    {:type :invoke,
     :f :cas,
     :value [4 4],
     :process 18,
     :time 9344658460,
     :index 94}
    {:type :invoke,
     :f :cas,
     :value [2 2],
     :process 20,
     :time 14533886779,
     :index 138}
    {:type :invoke,
     :f :cas,
     :value [1 2],
     :process 25,
     :time 14643861011,
     :index 140}
    {:type :invoke,
     :f :cas,
     :value [1 0],
     :process 28,
     :time 16408560387,
     :index 160}
    {:type :invoke,
     :f :cas,
     :value [0 0],
     :process 35,
     :time 16359145422,
     :index 158}]}
  {:model {},
   :last-op
   {:type :ok,
    :f :read,
    :value 4,
    :process 6,
    :time 16121515463,
    :index 155},
   :pending
   [{:type :invoke,
     :f :cas,
     :value [0 3],
     :process 0,
     :time 1669640399,
     :index 16}
    {:type :invoke,
     :f :cas,
     :value [2 1],
     :process 1,
     :time 8543922160,
     :index 84}
    {:type :invoke,
     :f :cas,
     :value [2 2],
     :process 7,
     :time 13314967140,
     :index 128}
    {:type :invoke,
     :f :cas,
     :value [1 4],
     :process 8,
     :time 6646126090,
     :index 62}
    {:type :invoke,
     :f :cas,
     :value [0 1],
     :process 9,
     :time 8842033634,
     :index 90}
    {:type :invoke,
     :f :cas,
     :value [4 2],
     :process 10,
     :time 4990113118,
     :index 48}
    {:type :invoke,
     :f :cas,
     :value [3 2],
     :process 12,
     :time 16212875333,
     :index 156}
    {:type :invoke,
     :f :cas,
     :value [4 1],
     :process 23,
     :time 9777254893,
     :index 96}
    {:type :invoke,
     :f :cas,
     :value [1 2],
     :process 25,
     :time 14643861011,
     :index 140}
    {:type :invoke,
     :f :cas,
     :value [1 0],
     :process 28,
     :time 16408560387,
     :index 160}
    {:type :invoke,
     :f :cas,
     :value [4 0],
     :process 30,
     :time 15245570422,
     :index 150}
    {:type :invoke,
     :f :cas,
     :value [0 0],
     :process 35,
     :time 16359145422,
     :index 158}]}
  {:model {},
   :last-op
   {:type :ok,
    :f :read,
    :value 4,
    :process 6,
    :time 16121515463,
    :index 155},
   :pending
   [{:type :invoke,
     :f :cas,
     :value [0 3],
     :process 0,
     :time 1669640399,
     :index 16}
    {:type :invoke,
     :f :cas,
     :value [2 1],
     :process 4,
     :time 5418092818,
     :index 54}
    {:type :invoke,
     :f :cas,
     :value [1 3],
     :process 5,
     :time 3446639017,
     :index 36}
    {:type :invoke,
     :f :cas,
     :value [2 2],
     :process 7,
     :time 13314967140,
     :index 128}
    {:type :invoke,
     :f :cas,
     :value [3 2],
     :process 12,
     :time 16212875333,
     :index 156}
    {:type :invoke,
     :f :cas,
     :value [3 1],
     :process 13,
     :time 8389632303,
     :index 82}
    {:type :invoke,
     :f :cas,
     :value [2 3],
     :process 15,
     :time 7623549485,
     :index 78}
    {:type :invoke,
     :f :cas,
     :value [4 1],
     :process 23,
     :time 9777254893,
     :index 96}
    {:type :invoke,
     :f :cas,
     :value [1 0],
     :process 28,
     :time 16408560387,
     :index 160}
    {:type :invoke,
     :f :cas,
     :value [4 0],
     :process 30,
     :time 15245570422,
     :index 150}
    {:type :invoke,
     :f :cas,
     :value [0 0],
     :process 35,
     :time 16359145422,
     :index 158}]}
  {:model {},
   :last-op
   {:type :ok,
    :f :read,
    :value 4,
    :process 6,
    :time 16121515463,
    :index 155},
   :pending
   [{:type :invoke,
     :f :cas,
     :value [0 3],
     :process 0,
     :time 1669640399,
     :index 16}
    {:type :invoke,
     :f :cas,
     :value [1 4],
     :process 2,
     :time 1895968809,
     :index 18}
    {:type :invoke,
     :f :cas,
     :value [1 3],
     :process 3,
     :time 2721228215,
     :index 24}
    {:type :invoke,
     :f :cas,
     :value [2 2],
     :process 7,
     :time 13314967140,
     :index 128}
    {:type :invoke,
     :f :cas,
     :value [1 4],
     :process 8,
     :time 6646126090,
     :index 62}
    {:type :invoke,
     :f :cas,
     :value [3 2],
     :process 12,
     :time 16212875333,
     :index 156}
    {:type :invoke,
     :f :cas,
     :value [4 4],
     :process 18,
     :time 9344658460,
     :index 94}
    {:type :invoke,
     :f :cas,
     :value [2 2],
     :process 20,
     :time 14533886779,
     :index 138}
    {:type :invoke,
     :f :cas,
     :value [4 1],
     :process 23,
     :time 9777254893,
     :index 96}
    {:type :invoke,
     :f :cas,
     :value [1 0],
     :process 28,
     :time 16408560387,
     :index 160}
    {:type :invoke,
     :f :cas,
     :value [4 0],
     :process 30,
     :time 15245570422,
     :index 150}
    {:type :invoke,
     :f :cas,
     :value [0 0],
     :process 35,
     :time 16359145422,
     :index 158}]}
  {:model {},
   :last-op
   {:type :ok,
    :f :read,
    :value 4,
    :process 6,
    :time 16121515463,
    :index 155},
   :pending
   [{:type :invoke,
     :f :cas,
     :value [2 1],
     :process 1,
     :time 8543922160,
     :index 84}
    {:type :invoke,
     :f :cas,
     :value [1 4],
     :process 2,
     :time 1895968809,
     :index 18}
    {:type :invoke,
     :f :cas,
     :value [1 3],
     :process 3,
     :time 2721228215,
     :index 24}
    {:type :invoke,
     :f :cas,
     :value [2 1],
     :process 4,
     :time 5418092818,
     :index 54}
    {:type :invoke,
     :f :cas,
     :value [1 3],
     :process 5,
     :time 3446639017,
     :index 36}
    {:type :invoke,
     :f :cas,
     :value [2 2],
     :process 7,
     :time 13314967140,
     :index 128}
    {:type :invoke,
     :f :cas,
     :value [1 4],
     :process 8,
     :time 6646126090,
     :index 62}
    {:type :invoke,
     :f :cas,
     :value [3 2],
     :process 12,
     :time 16212875333,
     :index 156}
    {:type :invoke,
     :f :cas,
     :value [3 1],
     :process 13,
     :time 8389632303,
     :index 82}
    {:type :invoke,
     :f :cas,
     :value [4 4],
     :process 18,
     :time 9344658460,
     :index 94}
    {:type :invoke,
     :f :cas,
     :value [2 2],
     :process 20,
     :time 14533886779,
     :index 138}
    {:type :invoke,
     :f :cas,
     :value [4 1],
     :process 23,
     :time 9777254893,
     :index 96}
    {:type :invoke,
     :f :cas,
     :value [1 2],
     :process 25,
     :time 14643861011,
     :index 140}
    {:type :invoke,
     :f :cas,
     :value [1 0],
     :process 28,
     :time 16408560387,
     :index 160}
    {:type :invoke,
     :f :cas,
     :value [4 0],
     :process 30,
     :time 15245570422,
     :index 150}
    {:type :invoke,
     :f :cas,
     :value [0 0],
     :process 35,
     :time 16359145422,
     :index 158}]}
  {:model {},
   :last-op
   {:type :ok,
    :f :read,
    :value 4,
    :process 6,
    :time 16121515463,
    :index 155},
   :pending
   [{:type :invoke,
     :f :cas,
     :value [2 1],
     :process 1,
     :time 8543922160,
     :index 84}
    {:type :invoke,
     :f :cas,
     :value [1 4],
     :process 2,
     :time 1895968809,
     :index 18}
    {:type :invoke,
     :f :cas,
     :value [2 2],
     :process 7,
     :time 13314967140,
     :index 128}
    {:type :invoke,
     :f :cas,
     :value [0 1],
     :process 9,
     :time 8842033634,
     :index 90}
    {:type :invoke,
     :f :cas,
     :value [3 2],
     :process 12,
     :time 16212875333,
     :index 156}
    {:type :invoke,
     :f :cas,
     :value [2 2],
     :process 20,
     :time 14533886779,
     :index 138}
    {:type :invoke,
     :f :cas,
     :value [4 1],
     :process 23,
     :time 9777254893,
     :index 96}
    {:type :invoke,
     :f :cas,
     :value [1 0],
     :process 28,
     :time 16408560387,
     :index 160}
    {:type :invoke,
     :f :cas,
     :value [0 0],
     :process 35,
     :time 16359145422,
     :index 158}]}
  {:model {},
   :last-op
   {:type :ok,
    :f :read,
    :value 4,
    :process 6,
    :time 16121515463,
    :index 155},
   :pending
   [{:type :invoke,
     :f :cas,
     :value [0 3],
     :process 0,
     :time 1669640399,
     :index 16}
    {:type :invoke,
     :f :cas,
     :value [1 4],
     :process 2,
     :time 1895968809,
     :index 18}
    {:type :invoke,
     :f :cas,
     :value [1 3],
     :process 3,
     :time 2721228215,
     :index 24}
    {:type :invoke,
     :f :cas,
     :value [0 1],
     :process 9,
     :time 8842033634,
     :index 90}
    {:type :invoke,
     :f :cas,
     :value [3 2],
     :process 12,
     :time 16212875333,
     :index 156}
    {:type :invoke,
     :f :cas,
     :value [3 1],
     :process 13,
     :time 8389632303,
     :index 82}
    {:type :invoke,
     :f :cas,
     :value [2 3],
     :process 15,
     :time 7623549485,
     :index 78}
    {:type :invoke,
     :f :cas,
     :value [4 4],
     :process 18,
     :time 9344658460,
     :index 94}
    {:type :invoke,
     :f :cas,
     :value [1 2],
     :process 25,
     :time 14643861011,
     :index 140}
    {:type :invoke,
     :f :cas,
     :value [1 0],
     :process 28,
     :time 16408560387,
     :index 160}
    {:type :invoke,
     :f :cas,
     :value [0 0],
     :process 35,
     :time 16359145422,
     :index 158}]}
  {:model {},
   :last-op
   {:type :ok,
    :f :read,
    :value 4,
    :process 6,
    :time 16121515463,
    :index 155},
   :pending
   [{:type :invoke,
     :f :cas,
     :value [0 3],
     :process 0,
     :time 1669640399,
     :index 16}
    {:type :invoke,
     :f :cas,
     :value [1 3],
     :process 3,
     :time 2721228215,
     :index 24}
    {:type :invoke,
     :f :cas,
     :value [2 1],
     :process 4,
     :time 5418092818,
     :index 54}
    {:type :invoke,
     :f :cas,
     :value [2 2],
     :process 7,
     :time 13314967140,
     :index 128}
    {:type :invoke,
     :f :cas,
     :value [1 4],
     :process 8,
     :time 6646126090,
     :index 62}
    {:type :invoke,
     :f :cas,
     :value [0 1],
     :process 9,
     :time 8842033634,
     :index 90}
    {:type :invoke,
     :f :cas,
     :value [3 2],
     :process 12,
     :time 16212875333,
     :index 156}
    {:type :invoke,
     :f :cas,
     :value [3 1],
     :process 13,
     :time 8389632303,
     :index 82}
    {:type :invoke,
     :f :cas,
     :value [2 3],
     :process 15,
     :time 7623549485,
     :index 78}
    {:type :invoke,
     :f :cas,
     :value [2 2],
     :process 20,
     :time 14533886779,
     :index 138}
    {:type :invoke,
     :f :cas,
     :value [1 0],
     :process 28,
     :time 16408560387,
     :index 160}
    {:type :invoke,
     :f :cas,
     :value [0 0],
     :process 35,
     :time 16359145422,
     :index 158}]}
  {:model {},
   :last-op
   {:type :ok,
    :f :read,
    :value 4,
    :process 6,
    :time 16121515463,
    :index 155},
   :pending
   [{:type :invoke,
     :f :cas,
     :value [0 3],
     :process 0,
     :time 1669640399,
     :index 16}
    {:type :invoke,
     :f :cas,
     :value [2 1],
     :process 1,
     :time 8543922160,
     :index 84}
    {:type :invoke,
     :f :cas,
     :value [1 4],
     :process 2,
     :time 1895968809,
     :index 18}
    {:type :invoke,
     :f :cas,
     :value [1 3],
     :process 3,
     :time 2721228215,
     :index 24}
    {:type :invoke,
     :f :cas,
     :value [2 1],
     :process 4,
     :time 5418092818,
     :index 54}
    {:type :invoke,
     :f :cas,
     :value [1 3],
     :process 5,
     :time 3446639017,
     :index 36}
    {:type :invoke,
     :f :cas,
     :value [4 2],
     :process 10,
     :time 4990113118,
     :index 48}
    {:type :invoke,
     :f :cas,
     :value [3 2],
     :process 12,
     :time 16212875333,
     :index 156}
    {:type :invoke,
     :f :cas,
     :value [3 1],
     :process 13,
     :time 8389632303,
     :index 82}
    {:type :invoke,
     :f :cas,
     :value [4 1],
     :process 23,
     :time 9777254893,
     :index 96}
    {:type :invoke,
     :f :cas,
     :value [1 0],
     :process 28,
     :time 16408560387,
     :index 160}
    {:type :invoke,
     :f :cas,
     :value [0 0],
     :process 35,
     :time 16359145422,
     :index 158}]}
  {:model {},
   :last-op
   {:type :ok,
    :f :read,
    :value 4,
    :process 6,
    :time 16121515463,
    :index 155},
   :pending
   [{:type :invoke,
     :f :cas,
     :value [0 3],
     :process 0,
     :time 1669640399,
     :index 16}
    {:type :invoke,
     :f :cas,
     :value [2 1],
     :process 1,
     :time 8543922160,
     :index 84}
    {:type :invoke,
     :f :cas,
     :value [1 3],
     :process 3,
     :time 2721228215,
     :index 24}
    {:type :invoke,
     :f :cas,
     :value [2 1],
     :process 4,
     :time 5418092818,
     :index 54}
    {:type :invoke,
     :f :cas,
     :value [1 3],
     :process 5,
     :time 3446639017,
     :index 36}
    {:type :invoke,
     :f :cas,
     :value [2 2],
     :process 7,
     :time 13314967140,
     :index 128}
    {:type :invoke,
     :f :cas,
     :value [1 4],
     :process 8,
     :time 6646126090,
     :index 62}
    {:type :invoke,
     :f :cas,
     :value [0 1],
     :process 9,
     :time 8842033634,
     :index 90}
    {:type :invoke,
     :f :cas,
     :value [4 2],
     :process 10,
     :time 4990113118,
     :index 48}
    {:type :invoke,
     :f :cas,
     :value [3 2],
     :process 12,
     :time 16212875333,
     :index 156}
    {:type :invoke,
     :f :cas,
     :value [3 1],
     :process 13,
     :time 8389632303,
     :index 82}
    {:type :invoke,
     :f :cas,
     :value [4 4],
     :process 18,
     :time 9344658460,
     :index 94}
    {:type :invoke,
     :f :cas,
     :value [4 1],
     :process 23,
     :time 9777254893,
     :index 96}
    {:type :invoke,
     :f :cas,
     :value [1 2],
     :process 25,
     :time 14643861011,
     :index 140}
    {:type :invoke,
     :f :cas,
     :value [1 0],
     :process 28,
     :time 16408560387,
     :index 160}
    {:type :invoke,
     :f :cas,
     :value [0 0],
     :process 35,
     :time 16359145422,
     :index 158}]}),
 :final-paths ()}


Everything looks good! (`)
