2016-12-13 15:44:38,703 - INFO  [main:QuorumPeerConfig@101] - Reading configuration from: /etc/zookeeper/conf/zoo.cfg
2016-12-13 15:44:38,708 - INFO  [main:QuorumPeerConfig@334] - Defaulting to majority quorums
2016-12-13 15:44:38,715 - INFO  [main:DatadirCleanupManager@78] - autopurge.snapRetainCount set to 3
2016-12-13 15:44:38,715 - INFO  [main:DatadirCleanupManager@79] - autopurge.purgeInterval set to 0
2016-12-13 15:44:38,716 - INFO  [main:DatadirCleanupManager@101] - Purge task is not scheduled.
2016-12-13 15:44:38,730 - INFO  [main:QuorumPeerMain@127] - Starting quorum peer
2016-12-13 15:44:38,745 - INFO  [main:NIOServerCnxnFactory@94] - binding to port 0.0.0.0/0.0.0.0:2181
2016-12-13 15:44:38,768 - INFO  [main:QuorumPeer@913] - tickTime set to 2000
2016-12-13 15:44:38,768 - INFO  [main:QuorumPeer@933] - minSessionTimeout set to -1
2016-12-13 15:44:38,768 - INFO  [main:QuorumPeer@944] - maxSessionTimeout set to -1
2016-12-13 15:44:38,768 - INFO  [main:QuorumPeer@959] - initLimit set to 10
2016-12-13 15:44:38,787 - INFO  [main:QuorumPeer@429] - currentEpoch not found! Creating with a reasonable default of 0. This should only happen when you are upgrading your installation
2016-12-13 15:44:38,835 - INFO  [main:QuorumPeer@444] - acceptedEpoch not found! Creating with a reasonable default of 0. This should only happen when you are upgrading your installation
2016-12-13 15:44:38,843 - INFO  [Thread-1:QuorumCnxManager$Listener@486] - My election bind port: 0.0.0.0/0.0.0.0:3888
2016-12-13 15:44:38,854 - INFO  [QuorumPeer[myid=3]/0:0:0:0:0:0:0:0:2181:QuorumPeer@670] - LOOKING
2016-12-13 15:44:38,855 - INFO  [QuorumPeer[myid=3]/0:0:0:0:0:0:0:0:2181:FastLeaderElection@740] - New election. My id =  3, proposed zxid=0x0
2016-12-13 15:44:38,866 - INFO  [WorkerReceiver[myid=3]:FastLeaderElection@542] - Notification: 2 (n.leader), 0x0 (n.zxid), 0x1 (n.round), LOOKING (n.state), 0 (n.sid), 0x0 (n.peerEPoch), LOOKING (my state)
2016-12-13 15:44:38,866 - INFO  [WorkerReceiver[myid=3]:FastLeaderElection@542] - Notification: 2 (n.leader), 0x0 (n.zxid), 0x1 (n.round), LOOKING (n.state), 1 (n.sid), 0x0 (n.peerEPoch), LOOKING (my state)
2016-12-13 15:44:38,866 - INFO  [WorkerReceiver[myid=3]:FastLeaderElection@542] - Notification: 3 (n.leader), 0x0 (n.zxid), 0x1 (n.round), LOOKING (n.state), 3 (n.sid), 0x0 (n.peerEPoch), LOOKING (my state)
2016-12-13 15:44:38,867 - INFO  [WorkerReceiver[myid=3]:FastLeaderElection@542] - Notification: 3 (n.leader), 0x0 (n.zxid), 0x1 (n.round), LOOKING (n.state), 0 (n.sid), 0x0 (n.peerEPoch), LOOKING (my state)
2016-12-13 15:44:38,867 - INFO  [WorkerSender[myid=3]:QuorumCnxManager@190] - Have smaller server identifier, so dropping the connection: (4, 3)
2016-12-13 15:44:38,867 - INFO  [WorkerReceiver[myid=3]:FastLeaderElection@542] - Notification: 3 (n.leader), 0x0 (n.zxid), 0x1 (n.round), LOOKING (n.state), 1 (n.sid), 0x0 (n.peerEPoch), LOOKING (my state)
2016-12-13 15:44:38,868 - INFO  [WorkerReceiver[myid=3]:FastLeaderElection@542] - Notification: 2 (n.leader), 0x0 (n.zxid), 0x1 (n.round), LOOKING (n.state), 2 (n.sid), 0x0 (n.peerEPoch), LOOKING (my state)
2016-12-13 15:44:38,868 - INFO  [WorkerReceiver[myid=3]:FastLeaderElection@542] - Notification: 3 (n.leader), 0x0 (n.zxid), 0x1 (n.round), LOOKING (n.state), 2 (n.sid), 0x0 (n.peerEPoch), LOOKING (my state)
2016-12-13 15:44:38,871 - INFO  [w4/192.168.4.104:3888:QuorumCnxManager$Listener@493] - Received connection request /192.168.4.105:53614
2016-12-13 15:44:38,871 - INFO  [WorkerReceiver[myid=3]:FastLeaderElection@542] - Notification: 4 (n.leader), 0x0 (n.zxid), 0x1 (n.round), LOOKING (n.state), 0 (n.sid), 0x0 (n.peerEPoch), LOOKING (my state)
2016-12-13 15:44:38,872 - INFO  [WorkerReceiver[myid=3]:FastLeaderElection@542] - Notification: 4 (n.leader), 0x0 (n.zxid), 0x1 (n.round), LOOKING (n.state), 1 (n.sid), 0x0 (n.peerEPoch), LOOKING (my state)
2016-12-13 15:44:38,873 - INFO  [WorkerReceiver[myid=3]:FastLeaderElection@542] - Notification: 4 (n.leader), 0x0 (n.zxid), 0x1 (n.round), LOOKING (n.state), 3 (n.sid), 0x0 (n.peerEPoch), LOOKING (my state)
2016-12-13 15:44:38,873 - INFO  [WorkerReceiver[myid=3]:FastLeaderElection@542] - Notification: 4 (n.leader), 0x0 (n.zxid), 0x1 (n.round), LOOKING (n.state), 2 (n.sid), 0x0 (n.peerEPoch), LOOKING (my state)
2016-12-13 15:44:38,875 - INFO  [WorkerReceiver[myid=3]:FastLeaderElection@542] - Notification: 4 (n.leader), 0x0 (n.zxid), 0x1 (n.round), LOOKING (n.state), 4 (n.sid), 0x0 (n.peerEPoch), LOOKING (my state)
2016-12-13 15:44:39,076 - INFO  [QuorumPeer[myid=3]/0:0:0:0:0:0:0:0:2181:QuorumPeer@738] - FOLLOWING
2016-12-13 15:44:39,080 - INFO  [QuorumPeer[myid=3]/0:0:0:0:0:0:0:0:2181:Learner@85] - TCP NoDelay set to: true
2016-12-13 15:44:39,087 - INFO  [QuorumPeer[myid=3]/0:0:0:0:0:0:0:0:2181:Environment@100] - Server environment:zookeeper.version=3.4.5--1, built on 03/16/2014 21:36 GMT
2016-12-13 15:44:39,087 - INFO  [QuorumPeer[myid=3]/0:0:0:0:0:0:0:0:2181:Environment@100] - Server environment:host.name=w4
2016-12-13 15:44:39,087 - INFO  [QuorumPeer[myid=3]/0:0:0:0:0:0:0:0:2181:Environment@100] - Server environment:java.version=1.8.0_111
2016-12-13 15:44:39,087 - INFO  [QuorumPeer[myid=3]/0:0:0:0:0:0:0:0:2181:Environment@100] - Server environment:java.vendor=Oracle Corporation
2016-12-13 15:44:39,088 - INFO  [QuorumPeer[myid=3]/0:0:0:0:0:0:0:0:2181:Environment@100] - Server environment:java.home=/usr/lib/jvm/java-8-oracle/jre
2016-12-13 15:44:39,088 - INFO  [QuorumPeer[myid=3]/0:0:0:0:0:0:0:0:2181:Environment@100] - Server environment:java.class.path=/etc/zookeeper/conf:/usr/share/java/jline.jar:/usr/share/java/log4j-1.2.jar:/usr/share/java/xercesImpl.jar:/usr/share/java/xmlParserAPIs.jar:/usr/share/java/netty.jar:/usr/share/java/slf4j-api.jar:/usr/share/java/slf4j-log4j12.jar:/usr/share/java/zookeeper.jar
2016-12-13 15:44:39,088 - INFO  [QuorumPeer[myid=3]/0:0:0:0:0:0:0:0:2181:Environment@100] - Server environment:java.library.path=/usr/java/packages/lib/amd64:/usr/lib64:/lib64:/lib:/usr/lib
2016-12-13 15:44:39,088 - INFO  [QuorumPeer[myid=3]/0:0:0:0:0:0:0:0:2181:Environment@100] - Server environment:java.io.tmpdir=/tmp
2016-12-13 15:44:39,088 - INFO  [QuorumPeer[myid=3]/0:0:0:0:0:0:0:0:2181:Environment@100] - Server environment:java.compiler=<NA>
2016-12-13 15:44:39,088 - INFO  [QuorumPeer[myid=3]/0:0:0:0:0:0:0:0:2181:Environment@100] - Server environment:os.name=Linux
2016-12-13 15:44:39,088 - INFO  [QuorumPeer[myid=3]/0:0:0:0:0:0:0:0:2181:Environment@100] - Server environment:os.arch=amd64
2016-12-13 15:44:39,088 - INFO  [QuorumPeer[myid=3]/0:0:0:0:0:0:0:0:2181:Environment@100] - Server environment:os.version=3.16.0-4-amd64
2016-12-13 15:44:39,088 - INFO  [QuorumPeer[myid=3]/0:0:0:0:0:0:0:0:2181:Environment@100] - Server environment:user.name=zookeeper
2016-12-13 15:44:39,088 - INFO  [QuorumPeer[myid=3]/0:0:0:0:0:0:0:0:2181:Environment@100] - Server environment:user.home=/var/lib/zookeeper
2016-12-13 15:44:39,089 - INFO  [QuorumPeer[myid=3]/0:0:0:0:0:0:0:0:2181:Environment@100] - Server environment:user.dir=/
2016-12-13 15:44:39,090 - INFO  [QuorumPeer[myid=3]/0:0:0:0:0:0:0:0:2181:ZooKeeperServer@162] - Created server with tickTime 2000 minSessionTimeout 4000 maxSessionTimeout 40000 datadir /var/lib/zookeeper/version-2 snapdir /var/lib/zookeeper/version-2
2016-12-13 15:44:39,091 - INFO  [QuorumPeer[myid=3]/0:0:0:0:0:0:0:0:2181:Follower@63] - FOLLOWING - LEADER ELECTION TOOK - 236
2016-12-13 15:44:39,094 - WARN  [QuorumPeer[myid=3]/0:0:0:0:0:0:0:0:2181:Learner@232] - Unexpected exception, tries=0, connecting to w5/192.168.4.105:2888
java.net.ConnectException: Connection refused (Connection refused)
	at java.net.PlainSocketImpl.socketConnect(Native Method)
	at java.net.AbstractPlainSocketImpl.doConnect(AbstractPlainSocketImpl.java:350)
	at java.net.AbstractPlainSocketImpl.connectToAddress(AbstractPlainSocketImpl.java:206)
	at java.net.AbstractPlainSocketImpl.connect(AbstractPlainSocketImpl.java:188)
	at java.net.SocksSocketImpl.connect(SocksSocketImpl.java:392)
	at java.net.Socket.connect(Socket.java:589)
	at org.apache.zookeeper.server.quorum.Learner.connectToLeader(Learner.java:224)
	at org.apache.zookeeper.server.quorum.Follower.followLeader(Follower.java:71)
	at org.apache.zookeeper.server.quorum.QuorumPeer.run(QuorumPeer.java:740)
2016-12-13 15:44:40,283 - INFO  [QuorumPeer[myid=3]/0:0:0:0:0:0:0:0:2181:Learner@322] - Getting a diff from the leader 0x0
2016-12-13 15:44:40,287 - INFO  [QuorumPeer[myid=3]/0:0:0:0:0:0:0:0:2181:FileTxnSnapLog@240] - Snapshotting: 0x0 to /var/lib/zookeeper/version-2/snapshot.0
